
[1m[7m[36m RUN [39m[27m[22m [36mv2.1.9 [39m[90mC:/local_working_projects/digital_in_browser[39m

[90mstdout[2m | src/solver/analog/__tests__/ngspice-parity/_diag-divider-matrix.test.ts[2m > [22m[2mDIAG resistive divider matrix entries (post-A1)[2m > [22m[2mcompare matrix entries
[22m[39m
========== Our matrix entries (sorted) ==========
  (1, 1) = 0.001
  (1, 2) = -0.001
  (1, 3) = 1
  (2, 1) = -0.001
  (2, 2) = 0.002
  (3, 1) = 1

========== ngspice matrix entries (sorted) ==========
  (1, 1) = 0.001
  (1, 2) = -0.001
  (1, 3) = 1
  (2, 1) = -0.001
  (2, 2) = 0.002
  (3, 1) = 1

 [32m✓[39m src/solver/analog/__tests__/ngspice-parity/_diag-divider-matrix.test.ts [2m([22m[2m1 test[22m[2m)[22m[90m 30[2mms[22m[39m

[2m Test Files [22m [1m[32m1 passed[39m[22m[90m (1)[39m
[2m      Tests [22m [1m[32m1 passed[39m[22m[90m (1)[39m
[2m   Start at [22m 13:10:11
[2m   Duration [22m 2.29s[2m (transform 1.37s, setup 0ms, collect 2.04s, tests 30ms, environment 0ms, prepare 67ms)[22m

