
[1m[7m[36m RUN [39m[27m[22m [36mv2.1.9 [39m[90mC:/local_working_projects/digital_in_browser[39m

 [32m✓[39m src/solver/analog/__tests__/harness/query-methods.test.ts [2m([22m[2m65 tests[22m[2m)[22m[90m 88[2mms[22m[39m
 [32m✓[39m src/solver/analog/__tests__/harness/netlist-generator.test.ts [2m([22m[2m43 tests[22m[2m)[22m[90m 7[2mms[22m[39m
 [31m❯[39m src/solver/analog/__tests__/harness/harness-integration.test.ts [2m([22m[2m29 tests[22m[2m | [22m[31m1 failed[39m[2m)[22m[90m 22[2mms[22m[39m
[31m   [31m×[31m harness integration[2m > [22mfindLargestDelta identifies worst convergence point[90m 4[2mms[22m[31m[39m
[31m     → expected 0 to be greater than 0[39m
 [31m❯[39m src/solver/analog/__tests__/harness/step-alignment.test.ts [2m([22m[2m14 tests[22m[2m | [22m[31m1 failed[39m[2m)[22m[90m 57[2mms[22m[39m
[31m   [31m×[31m step-alignment: exact stepStartTime equality between engines[2m > [22mcreates session and runs transient[90m 42[2mms[22m[31m[39m
[31m     → Matrix-entry structural divergence at step=0 attempt=0 iter=0:
  ours has 11 entries; ngspice has 12 entries.
  2 entries present in ours but missing in ngspice: (row=3, col=2, val=1), (row=2, col=3, val=1)
  3 entries present in ngspice but missing in ours: (row=4, col=2, val=1), (row=2, col=4, val=1), (row=4, col=4, val=0)
This is an MNA-layout architectural error. Equation counts match but the internal sparse-matrix indices diverge — most likely cause is per-device-type load order being out of sync with ngspice's DEVices[] iteration order (see compileAnalogPartition's ngspiceLoadOrder sort, and core/analog-types.ts NGSPICE_LOAD_ORDER). Do NOT reconcile at the harness level.[39m
 [32m✓[39m src/solver/analog/__tests__/harness/lte-retry-grouping.test.ts [2m([22m[2m8 tests[22m[2m)[22m[90m 5[2mms[22m[39m
 [32m✓[39m src/solver/analog/__tests__/harness/nr-retry-grouping.test.ts [2m([22m[2m7 tests[22m[2m)[22m[90m 5[2mms[22m[39m
 [31m❯[39m src/solver/analog/__tests__/harness/stream-verification.test.ts [2m([22m[2m16 tests[22m[2m | [22m[31m2 failed[39m[2m)[22m[90m 131[2mms[22m[39m
[31m   [31m×[31m Stream Verification -- full pipeline (HWR square wave)[2m > [22mcreates session and runs transient[90m 50[2mms[22m[31m[39m
[31m     → Matrix-entry structural divergence at step=0 attempt=0 iter=0:
  ours has 6 entries; ngspice has 6 entries.
  1 entries with same (row,col) but different values: 2,2 ours=0.7081067811875474 ngspice=0.7081067811875484
This is an MNA-layout architectural error. Equation counts match but the internal sparse-matrix indices diverge — most likely cause is per-device-type load order being out of sync with ngspice's DEVices[] iteration order (see compileAnalogPartition's ngspiceLoadOrder sort, and core/analog-types.ts NGSPICE_LOAD_ORDER). Do NOT reconcile at the harness level.[39m
[31m   [31m×[31m Stream Verification -- full pipeline (HWR square wave)[2m > [22m8. per-element convergence: our engine reports failures[90m 66[2mms[22m[31m[39m
[31m     → Matrix-entry structural divergence at step=0 attempt=0 iter=0:
  ours has 35 entries; ngspice has 35 entries.
  4 entries present in ours but missing in ngspice: (row=11, col=2, val=1), (row=10, col=4, val=1), (row=4, col=10, val=1), (row=2, col=11, val=1)
  4 entries present in ngspice but missing in ours: (row=10, col=2, val=1), (row=11, col=4, val=1), (row=2, col=10, val=1), (row=4, col=11, val=1)
  14 entries with same (row,col) but different values: 1,1 ours=0.00010000000277327002 ngspice=0.00010000000240484388, 5,1 ours=-1.3866350114911383e-12 ngspice=-1.2024219408670245e-12, 2,2 ours=0.7142778490004129 ngspice=0.7142778490004139, 3,2 ours=-0.7071067811865475 ngspice=-0.7071067811865485, 6,2 ours=-0.007071067812865475 ngspice=-0.007071067812865485, 2,3 ours=-3.8663501149113844e-13 ngspice=-2.024219408670246e-13, 3,3 ours=0.00010000000177327003 ngspice=0.00010000000140484388, 6,3 ours=-1.3866350114911383e-12 ngspice=-1.2024219408670245e-12, ...
This is an MNA-layout architectural error. Equation counts match but the internal sparse-matrix indices diverge — most likely cause is per-device-type load order being out of sync with ngspice's DEVices[] iteration order (see compileAnalogPartition's ngspiceLoadOrder sort, and core/analog-types.ts NGSPICE_LOAD_ORDER). Do NOT reconcile at the harness level.[39m
 [32m✓[39m src/solver/analog/__tests__/harness/ngspice-bridge-grouping.test.ts [2m([22m[2m12 tests[22m[2m)[22m[90m 5[2mms[22m[39m
[90mstdout[2m | src/solver/analog/__tests__/harness/cap-ind-state-probe.test.ts[2m > [22m[2mngspice cap state probe — via ComparisonSession[2m > [22m[2mrc-step.dts: ComparisonSession.ngspiceSession exposes Q/CCAP on capacitor
[22m[39mCIR (SPICE netlist) generated by ComparisonSession:
Auto-generated netlist
r1 1 2 1000
CVc 2 0 0.000001
Vs 1 0 DC 5
.end
NGSPICE session topology elements:
  label=cvc typeId=Capacitor
  label=r1 typeId=Resistor
  label=vs typeId=Vsource
NGSPICE (via ComparisonSession) step t=5.000000000000001e-7 elementStates:
  CVC slots={"Q":0.000004999999999999998,"CCAP":-1.7763568394002505e-15}

[90mstdout[2m | src/solver/analog/__tests__/harness/cap-ind-state-probe.test.ts[2m > [22m[2mngspice cap/ind state via harness_get_attempt path[2m > [22m[2mrc-step.dts: getAttempt(tranNR) exposes Q/CCAP on CVC in ngspice elementStates
[22m[39mharness_get_attempt path: ngspice elementStates keys = [CVC]

 [31m❯[39m src/solver/analog/__tests__/harness/cap-ind-state-probe.test.ts [2m([22m[2m5 tests[22m[2m | [22m[31m1 failed[39m[2m)[22m[90m 98[2mms[22m[39m
[31m   [31m×[31m ngspice cap/ind state via harness_get_attempt path[2m > [22mRL transient: direct bridge surfaces PHI and NG_VOLT on L1[90m 20[2mms[22m[31m[39m
[31m     → inductor NG_VOLT (INDvolt) must be surfaced on at least one step: expected false to be true // Object.is equality[39m
 [32m✓[39m src/solver/analog/__tests__/harness/slice.test.ts [2m([22m[2m26 tests[22m[2m)[22m[90m 7[2mms[22m[39m
 [31m❯[39m src/solver/analog/__tests__/harness/buckbjt-smoke.test.ts [2m([22m[2m3 tests[22m[2m | [22m[31m3 failed[39m[2m)[22m[90m 152[2mms[22m[39m
[31m   [31m×[31m ComparisonSession — buckbjt smoke test[2m > [22mtransient: CCAP in capacitor and BJT junctions over first steps/retries[90m 79[2mms[22m[31m[39m
[31m     → Matrix-entry structural divergence at step=0 attempt=0 iter=0:
  ours has 35 entries; ngspice has 35 entries.
  4 entries present in ours but missing in ngspice: (row=11, col=2, val=1), (row=10, col=4, val=1), (row=4, col=10, val=1), (row=2, col=11, val=1)
  4 entries present in ngspice but missing in ours: (row=10, col=2, val=1), (row=11, col=4, val=1), (row=2, col=10, val=1), (row=4, col=11, val=1)
  14 entries with same (row,col) but different values: 1,1 ours=0.00010000000277327002 ngspice=0.00010000000240484388, 5,1 ours=-1.3866350114911383e-12 ngspice=-1.2024219408670245e-12, 2,2 ours=0.7142778490004129 ngspice=0.7142778490004139, 3,2 ours=-0.7071067811865475 ngspice=-0.7071067811865485, 6,2 ours=-0.007071067812865475 ngspice=-0.007071067812865485, 2,3 ours=-3.8663501149113844e-13 ngspice=-2.024219408670246e-13, 3,3 ours=0.00010000000177327003 ngspice=0.00010000000140484388, 6,3 ours=-1.3866350114911383e-12 ngspice=-1.2024219408670245e-12, ...
This is an MNA-layout architectural error. Equation counts match but the internal sparse-matrix indices diverge — most likely cause is per-device-type load order being out of sync with ngspice's DEVices[] iteration order (see compileAnalogPartition's ngspiceLoadOrder sort, and core/analog-types.ts NGSPICE_LOAD_ORDER). Do NOT reconcile at the harness level.[39m
[31m   [31m×[31m ComparisonSession — buckbjt smoke test[2m > [22mtransient: inductor current divergence over iterations in step 1[90m 36[2mms[22m[31m[39m
[31m     → Matrix-entry structural divergence at step=0 attempt=0 iter=0:
  ours has 35 entries; ngspice has 35 entries.
  4 entries present in ours but missing in ngspice: (row=11, col=2, val=1), (row=10, col=4, val=1), (row=4, col=10, val=1), (row=2, col=11, val=1)
  4 entries present in ngspice but missing in ours: (row=10, col=2, val=1), (row=11, col=4, val=1), (row=2, col=10, val=1), (row=4, col=11, val=1)
  14 entries with same (row,col) but different values: 1,1 ours=0.00010000000277327002 ngspice=0.00010000000240484388, 5,1 ours=-1.3866350114911383e-12 ngspice=-1.2024219408670245e-12, 2,2 ours=0.7142778490004129 ngspice=0.7142778490004139, 3,2 ours=-0.7071067811865475 ngspice=-0.7071067811865485, 6,2 ours=-0.007071067812865475 ngspice=-0.007071067812865485, 2,3 ours=-3.8663501149113844e-13 ngspice=-2.024219408670246e-13, 3,3 ours=0.00010000000177327003 ngspice=0.00010000000140484388, 6,3 ours=-1.3866350114911383e-12 ngspice=-1.2024219408670245e-12, ...
This is an MNA-layout architectural error. Equation counts match but the internal sparse-matrix indices diverge — most likely cause is per-device-type load order being out of sync with ngspice's DEVices[] iteration order (see compileAnalogPartition's ngspiceLoadOrder sort, and core/analog-types.ts NGSPICE_LOAD_ORDER). Do NOT reconcile at the harness level.[39m
[31m   [31m×[31m ComparisonSession — buckbjt smoke test[2m > [22mtransient: PNP BJT internal node agreement in step 1[90m 36[2mms[22m[31m[39m
[31m     → Matrix-entry structural divergence at step=0 attempt=0 iter=0:
  ours has 35 entries; ngspice has 35 entries.
  4 entries present in ours but missing in ngspice: (row=11, col=2, val=1), (row=10, col=4, val=1), (row=4, col=10, val=1), (row=2, col=11, val=1)
  4 entries present in ngspice but missing in ours: (row=10, col=2, val=1), (row=11, col=4, val=1), (row=2, col=10, val=1), (row=4, col=11, val=1)
  14 entries with same (row,col) but different values: 1,1 ours=0.00010000000277327002 ngspice=0.00010000000240484388, 5,1 ours=-1.3866350114911383e-12 ngspice=-1.2024219408670245e-12, 2,2 ours=0.7142778490004129 ngspice=0.7142778490004139, 3,2 ours=-0.7071067811865475 ngspice=-0.7071067811865485, 6,2 ours=-0.007071067812865475 ngspice=-0.007071067812865485, 2,3 ours=-3.8663501149113844e-13 ngspice=-2.024219408670246e-13, 3,3 ours=0.00010000000177327003 ngspice=0.00010000000140484388, 6,3 ours=-1.3866350114911383e-12 ngspice=-1.2024219408670245e-12, ...
This is an MNA-layout architectural error. Equation counts match but the internal sparse-matrix indices diverge — most likely cause is per-device-type load order being out of sync with ngspice's DEVices[] iteration order (see compileAnalogPartition's ngspiceLoadOrder sort, and core/analog-types.ts NGSPICE_LOAD_ORDER). Do NOT reconcile at the harness level.[39m
[90mstdout[2m | src/solver/analog/__tests__/harness/step3-probe.test.ts[2m > [22m[2mstep-3 cap state probe[2m > [22m[2mdumps s0/s1/s2 for Vc across every iteration of steps 0-4
[22m[39m
=== OUR-side capacitor label resolved: Vc ===
=== OUR steps: 20, NG steps: 20 ===


--- Step 0 (t=0 -> 1.0000000000000002e-13, attempts=5) ---
  attempt 0 phase=dcopInitJct dt=0 iters=1
    iter 0: ag0=0.000e+0 ag1=0.000e+0 method=trapezoidal order=1
            s0{ Q=Infinity CCAP=0.0000e+0 V=Infinity GEQ=0.0000e+0 IEQ=0.0000e+0 }
            s1{ Q=0.0000e+0 CCAP=0.0000e+0 V=0.0000e+0 GEQ=0.0000e+0 IEQ=0.0000e+0 }
            s2{ Q=0.0000e+0 CCAP=0.0000e+0 }
  attempt 1 phase=dcopInitFix dt=0 iters=1
    iter 0: ag0=0.000e+0 ag1=0.000e+0 method=trapezoidal order=1
            s0{ Q=5.0000e-6 CCAP=0.0000e+0 V=5.0000e+0 GEQ=0.0000e+0 IEQ=0.0000e+0 }
            s1{ Q=0.0000e+0 CCAP=0.0000e+0 V=0.0000e+0 GEQ=0.0000e+0 IEQ=0.0000e+0 }
            s2{ Q=0.0000e+0 CCAP=0.0000e+0 }
  attempt 2 phase=dcopInitFloat dt=0 iters=1
    iter 0: ag0=0.000e+0 ag1=0.000e+0 method=trapezoidal order=1
            s0{ Q=5.0000e-6 CCAP=0.0000e+0 V=5.0000e+0 GEQ=0.0000e+0 IEQ=0.0000e+0 }
            s1{ Q=0.0000e+0 CCAP=0.0000e+0 V=0.0000e+0 GEQ=0.0000e+0 IEQ=0.0000e+0 }
            s2{ Q=0.0000e+0 CCAP=0.0000e+0 }
  attempt 3 phase=tranInit dt=1.0000000000000002e-13 iters=1
    iter 0: ag0=1.000e+13 ag1=-1.000e+13 method=trapezoidal order=1
            s0{ Q=5.0000e-6 CCAP=0.0000e+0 V=5.0000e+0 GEQ=1.0000e+7 IEQ=-5.0000e+7 }
            s1{ Q=5.0000e-6 CCAP=0.0000e+0 V=5.0000e+0 GEQ=0.0000e+0 IEQ=0.0000e+0 }
            s2{ Q=5.0000e-6 CCAP=0.0000e+0 }
  attempt 4 phase=tranNR dt=1.0000000000000002e-13 iters=1
    iter 0: ag0=1.000e+13 ag1=-1.000e+13 method=trapezoidal order=1
            s0{ Q=5.0000e-6 CCAP=-7.4506e-9 V=5.0000e+0 GEQ=1.0000e+7 IEQ=-5.0000e+7 }
            s1{ Q=5.0000e-6 CCAP=0.0000e+0 V=5.0000e+0 GEQ=0.0000e+0 IEQ=0.0000e+0 }
            s2{ Q=5.0000e-6 CCAP=0.0000e+0 }

--- Step 1 (t=1.0000000000000002e-13 -> 2.0000000000000003e-13, attempts=2) ---
  attempt 0 phase=tranPredictor dt=1.0000000000000002e-13 iters=1
    iter 0: ag0=1.000e+13 ag1=-1.000e+13 method=trapezoidal order=1
            s0{ Q=5.0000e-6 CCAP=0.0000e+0 V=5.0000e+0 GEQ=1.0000e+7 IEQ=-5.0000e+7 }
            s1{ Q=5.0000e-6 CCAP=-7.4506e-9 V=5.0000e+0 GEQ=1.0000e+7 IEQ=-5.0000e+7 }
            s2{ Q=5.0000e-6 CCAP=0.0000e+0 }
  attempt 1 phase=tranNR dt=1.0000000000000002e-13 iters=1
    iter 0: ag0=1.000e+13 ag1=-1.000e+13 method=trapezoidal order=1
            s0{ Q=5.0000e-6 CCAP=-7.4506e-9 V=5.0000e+0 GEQ=1.0000e+7 IEQ=-5.0000e+7 }
            s1{ Q=5.0000e-6 CCAP=-7.4506e-9 V=5.0000e+0 GEQ=1.0000e+7 IEQ=-5.0000e+7 }
            s2{ Q=5.0000e-6 CCAP=0.0000e+0 }

--- Step 2 (t=2.0000000000000003e-13 -> 4.0000000000000006e-13, attempts=2) ---
  attempt 0 phase=tranPredictor dt=2.0000000000000003e-13 iters=1
    iter 0: ag0=1.000e+13 ag1=1.000e+0 method=trapezoidal order=2
            s0{ Q=5.0000e-6 CCAP=7.4506e-9 V=5.0000e+0 GEQ=1.0000e+7 IEQ=-5.0000e+7 }
            s1{ Q=5.0000e-6 CCAP=-7.4506e-9 V=5.0000e+0 GEQ=1.0000e+7 IEQ=-5.0000e+7 }
            s2{ Q=5.0000e-6 CCAP=-7.4506e-9 }
  attempt 1 phase=tranNR dt=2.0000000000000003e-13 iters=1
    iter 0: ag0=1.000e+13 ag1=1.000e+0 method=trapezoidal order=2
            s0{ Q=5.0000e-6 CCAP=-1.0197e-9 V=5.0000e+0 GEQ=1.0000e+7 IEQ=-5.0000e+7 }
            s1{ Q=5.0000e-6 CCAP=-7.4506e-9 V=5.0000e+0 GEQ=1.0000e+7 IEQ=-5.0000e+7 }
            s2{ Q=5.0000e-6 CCAP=-7.4506e-9 }

--- Step 3 (t=4.0000000000000006e-13 -> 8.000000000000001e-13, attempts=2) ---
  attempt 0 phase=tranPredictor dt=4.0000000000000006e-13 iters=1
    iter 0: ag0=5.000e+12 ag1=1.000e+0 method=trapezoidal order=2
            s0{ Q=5.0000e-6 CCAP=1.0197e-9 V=5.0000e+0 GEQ=5.0000e+6 IEQ=-2.5000e+7 }
            s1{ Q=5.0000e-6 CCAP=-1.0197e-9 V=5.0000e+0 GEQ=1.0000e+7 IEQ=-5.0000e+7 }
            s2{ Q=5.0000e-6 CCAP=-7.4506e-9 }
  attempt 1 phase=tranNR dt=4.0000000000000006e-13 iters=1
    iter 0: ag0=5.000e+12 ag1=1.000e+0 method=trapezoidal order=2
            s0{ Q=5.0000e-6 CCAP=1.0197e-9 V=5.0000e+0 GEQ=5.0000e+6 IEQ=-2.5000e+7 }
            s1{ Q=5.0000e-6 CCAP=-1.0197e-9 V=5.0000e+0 GEQ=1.0000e+7 IEQ=-5.0000e+7 }
            s2{ Q=5.0000e-6 CCAP=-7.4506e-9 }

--- Step 4 (t=8.000000000000001e-13 -> 1.6000000000000003e-12, attempts=2) ---
  attempt 0 phase=tranPredictor dt=8.000000000000001e-13 iters=1
    iter 0: ag0=2.500e+12 ag1=1.000e+0 method=trapezoidal order=2
            s0{ Q=5.0000e-6 CCAP=-1.0197e-9 V=5.0000e+0 GEQ=2.5000e+6 IEQ=-1.2500e+7 }
            s1{ Q=5.0000e-6 CCAP=1.0197e-9 V=5.0000e+0 GEQ=5.0000e+6 IEQ=-2.5000e+7 }
            s2{ Q=5.0000e-6 CCAP=-1.0197e-9 }
  attempt 1 phase=tranNR dt=8.000000000000001e-13 iters=1
    iter 0: ag0=2.500e+12 ag1=1.000e+0 method=trapezoidal order=2
            s0{ Q=5.0000e-6 CCAP=1.0978e-9 V=5.0000e+0 GEQ=2.5000e+6 IEQ=-1.2500e+7 }
            s1{ Q=5.0000e-6 CCAP=1.0197e-9 V=5.0000e+0 GEQ=5.0000e+6 IEQ=-2.5000e+7 }
            s2{ Q=5.0000e-6 CCAP=-1.0197e-9 }

=== NG-side (paired) ===

--- NG Step 0 (t=0 -> 1.0000000000000002e-13, attempts=5) ---
  attempt 0 phase=dcopInitJct dt=0 iters=1
    iter 0: ag0=0.000e+0 ag1=0.000e+0
            s0{ Q=0.0000e+0 CCAP=0.0000e+0 }
            s1{ Q=0.0000e+0 CCAP=0.0000e+0 }
            s2{ Q=0.0000e+0 CCAP=0.0000e+0 }
  attempt 1 phase=dcopInitFix dt=0 iters=1
    iter 0: ag0=0.000e+0 ag1=0.000e+0
            s0{ Q=5.0000e-6 CCAP=0.0000e+0 }
            s1{ Q=0.0000e+0 CCAP=0.0000e+0 }
            s2{ Q=0.0000e+0 CCAP=0.0000e+0 }
  attempt 2 phase=dcopInitFloat dt=0 iters=1
    iter 0: ag0=0.000e+0 ag1=0.000e+0
            s0{ Q=5.0000e-6 CCAP=0.0000e+0 }
            s1{ Q=0.0000e+0 CCAP=0.0000e+0 }
            s2{ Q=0.0000e+0 CCAP=0.0000e+0 }
  attempt 3 phase=tranInit dt=1.0000000000000002e-13 iters=1
    iter 0: ag0=1.000e+13 ag1=-1.000e+13
            s0{ Q=5.0000e-6 CCAP=0.0000e+0 }
            s1{ Q=5.0000e-6 CCAP=0.0000e+0 }
            s2{ Q=5.0000e-6 CCAP=0.0000e+0 }
  attempt 4 phase=tranNR dt=1.0000000000000002e-13 iters=1
    iter 0: ag0=1.000e+13 ag1=-1.000e+13
            s0{ Q=5.0000e-6 CCAP=0.0000e+0 }
            s1{ Q=5.0000e-6 CCAP=0.0000e+0 }
            s2{ Q=5.0000e-6 CCAP=0.0000e+0 }

--- NG Step 1 (t=1.0000000000000002e-13 -> 2.0000000000000003e-13, attempts=2) ---
  attempt 0 phase=tranPredictor dt=1.0000000000000002e-13 iters=1
    iter 0: ag0=1.000e+13 ag1=-1.000e+13
            s0{ Q=5.0000e-6 CCAP=0.0000e+0 }
            s1{ Q=5.0000e-6 CCAP=0.0000e+0 }
            s2{ Q=5.0000e-6 CCAP=0.0000e+0 }
  attempt 1 phase=tranNR dt=1.0000000000000002e-13 iters=1
    iter 0: ag0=1.000e+13 ag1=-1.000e+13
            s0{ Q=5.0000e-6 CCAP=0.0000e+0 }
            s1{ Q=5.0000e-6 CCAP=0.0000e+0 }
            s2{ Q=5.0000e-6 CCAP=0.0000e+0 }

--- NG Step 2 (t=2.0000000000000003e-13 -> 4.0000000000000006e-13, attempts=2) ---
  attempt 0 phase=tranPredictor dt=2.0000000000000003e-13 iters=1
    iter 0: ag0=1.000e+13 ag1=1.000e+0
            s0{ Q=5.0000e-6 CCAP=0.0000e+0 }
            s1{ Q=5.0000e-6 CCAP=0.0000e+0 }
            s2{ Q=5.0000e-6 CCAP=0.0000e+0 }
  attempt 1 phase=tranNR dt=2.0000000000000003e-13 iters=1
    iter 0: ag0=1.000e+13 ag1=1.000e+0
            s0{ Q=5.0000e-6 CCAP=0.0000e+0 }
            s1{ Q=5.0000e-6 CCAP=0.0000e+0 }
            s2{ Q=5.0000e-6 CCAP=0.0000e+0 }

--- NG Step 3 (t=4.0000000000000006e-13 -> 8.000000000000001e-13, attempts=2) ---
  attempt 0 phase=tranPredictor dt=4.0000000000000006e-13 iters=1
    iter 0: ag0=5.000e+12 ag1=1.000e+0
            s0{ Q=5.0000e-6 CCAP=0.0000e+0 }
            s1{ Q=5.0000e-6 CCAP=0.0000e+0 }
            s2{ Q=5.0000e-6 CCAP=0.0000e+0 }
  attempt 1 phase=tranNR dt=4.0000000000000006e-13 iters=1
    iter 0: ag0=5.000e+12 ag1=1.000e+0
            s0{ Q=5.0000e-6 CCAP=-4.2352e-9 }
            s1{ Q=5.0000e-6 CCAP=0.0000e+0 }
            s2{ Q=5.0000e-6 CCAP=0.0000e+0 }

--- NG Step 4 (t=8.000000000000001e-13 -> 1.6000000000000003e-12, attempts=2) ---
  attempt 0 phase=tranPredictor dt=8.000000000000001e-13 iters=1
    iter 0: ag0=2.500e+12 ag1=1.000e+0
            s0{ Q=5.0000e-6 CCAP=4.2352e-9 }
            s1{ Q=5.0000e-6 CCAP=-4.2352e-9 }
            s2{ Q=5.0000e-6 CCAP=0.0000e+0 }
  attempt 1 phase=tranNR dt=8.000000000000001e-13 iters=1
    iter 0: ag0=2.500e+12 ag1=1.000e+0
            s0{ Q=5.0000e-6 CCAP=0.0000e+0 }
            s1{ Q=5.0000e-6 CCAP=-4.2352e-9 }
            s2{ Q=5.0000e-6 CCAP=0.0000e+0 }

 [32m✓[39m src/solver/analog/__tests__/harness/step3-probe.test.ts [2m([22m[2m1 test[22m[2m)[22m[90m 35[2mms[22m[39m
 [31m❯[39m src/solver/analog/__tests__/harness/ngspice-bridge.test.ts [2m([22m[2m4 tests[22m[2m | [22m[31m1 failed[39m[2m)[22m[90m 40[2mms[22m[39m
[31m   [31m×[31m lteDt_captured_from_ngspice — DLL required[2m > [22mlteDt present on every accepted outer step from real ngspice run[90m 37[2mms[22m[31m[39m
[31m     → Matrix-entry structural divergence at step=0 attempt=0 iter=0:
  ours has 11 entries; ngspice has 12 entries.
  2 entries present in ours but missing in ngspice: (row=3, col=2, val=1), (row=2, col=3, val=1)
  3 entries present in ngspice but missing in ours: (row=4, col=2, val=1), (row=2, col=4, val=1), (row=4, col=4, val=0)
This is an MNA-layout architectural error. Equation counts match but the internal sparse-matrix indices diverge — most likely cause is per-device-type load order being out of sync with ngspice's DEVices[] iteration order (see compileAnalogPartition's ngspiceLoadOrder sort, and core/analog-types.ts NGSPICE_LOAD_ORDER). Do NOT reconcile at the harness level.[39m
 [32m✓[39m src/solver/analog/__tests__/harness/boot-step.test.ts [2m([22m[2m8 tests[22m[2m)[22m[90m 8[2mms[22m[39m
 [32m✓[39m src/solver/analog/__tests__/harness/tVbi-pmos.test.ts [2m([22m[2m4 tests[22m[2m)[22m[90m 2[2mms[22m[39m
 [32m✓[39m src/solver/analog/__tests__/harness/shape.test.ts [2m([22m[2m5 tests[22m[2m)[22m[90m 34[2mms[22m[39m
 [31m❯[39m src/solver/analog/__tests__/harness/boot-step-merge.test.ts [2m([22m[2m8 tests[22m[2m | [22m[31m8 failed[39m[2m)[22m[90m 134[2mms[22m[39m
[31m   [31m×[31m boot-step-merge: runTransient() step 0 contains DCOP + tranInit[2m > [22mourSession has at least 2 steps (boot + at least one transient step)[90m 40[2mms[22m[31m[39m
[31m     → Matrix-entry structural divergence at step=0 attempt=0 iter=0:
  ours has 11 entries; ngspice has 12 entries.
  2 entries present in ours but missing in ngspice: (row=3, col=2, val=1), (row=2, col=3, val=1)
  3 entries present in ngspice but missing in ours: (row=4, col=2, val=1), (row=2, col=4, val=1), (row=4, col=4, val=0)
This is an MNA-layout architectural error. Equation counts match but the internal sparse-matrix indices diverge — most likely cause is per-device-type load order being out of sync with ngspice's DEVices[] iteration order (see compileAnalogPartition's ngspiceLoadOrder sort, and core/analog-types.ts NGSPICE_LOAD_ORDER). Do NOT reconcile at the harness level.[39m
[31m   [31m×[31m boot-step-merge: runTransient() step 0 contains DCOP + tranInit[2m > [22mstep 0 has stepStartTime === 0[90m 12[2mms[22m[31m[39m
[31m     → Matrix-entry structural divergence at step=0 attempt=0 iter=0:
  ours has 11 entries; ngspice has 12 entries.
  2 entries present in ours but missing in ngspice: (row=3, col=2, val=1), (row=2, col=3, val=1)
  3 entries present in ngspice but missing in ours: (row=4, col=2, val=1), (row=2, col=4, val=1), (row=4, col=4, val=0)
This is an MNA-layout architectural error. Equation counts match but the internal sparse-matrix indices diverge — most likely cause is per-device-type load order being out of sync with ngspice's DEVices[] iteration order (see compileAnalogPartition's ngspiceLoadOrder sort, and core/analog-types.ts NGSPICE_LOAD_ORDER). Do NOT reconcile at the harness level.[39m
[31m   [31m×[31m boot-step-merge: runTransient() step 0 contains DCOP + tranInit[2m > [22mstep 0 has at least 2 attempts (DCOP attempt + tranInit attempt)[90m 12[2mms[22m[31m[39m
[31m     → Matrix-entry structural divergence at step=0 attempt=0 iter=0:
  ours has 11 entries; ngspice has 12 entries.
  2 entries present in ours but missing in ngspice: (row=3, col=2, val=1), (row=2, col=3, val=1)
  3 entries present in ngspice but missing in ours: (row=4, col=2, val=1), (row=2, col=4, val=1), (row=4, col=4, val=0)
This is an MNA-layout architectural error. Equation counts match but the internal sparse-matrix indices diverge — most likely cause is per-device-type load order being out of sync with ngspice's DEVices[] iteration order (see compileAnalogPartition's ngspiceLoadOrder sort, and core/analog-types.ts NGSPICE_LOAD_ORDER). Do NOT reconcile at the harness level.[39m
[31m   [31m×[31m boot-step-merge: runTransient() step 0 contains DCOP + tranInit[2m > [22mstep 0 contains a DCOP-phase attempt[90m 15[2mms[22m[31m[39m
[31m     → Matrix-entry structural divergence at step=0 attempt=0 iter=0:
  ours has 11 entries; ngspice has 12 entries.
  2 entries present in ours but missing in ngspice: (row=3, col=2, val=1), (row=2, col=3, val=1)
  3 entries present in ngspice but missing in ours: (row=4, col=2, val=1), (row=2, col=4, val=1), (row=4, col=4, val=0)
This is an MNA-layout architectural error. Equation counts match but the internal sparse-matrix indices diverge — most likely cause is per-device-type load order being out of sync with ngspice's DEVices[] iteration order (see compileAnalogPartition's ngspiceLoadOrder sort, and core/analog-types.ts NGSPICE_LOAD_ORDER). Do NOT reconcile at the harness level.[39m
[31m   [31m×[31m boot-step-merge: runTransient() step 0 contains DCOP + tranInit[2m > [22mstep 0 contains a transient-phase attempt (tranInit or tranNR)[90m 13[2mms[22m[31m[39m
[31m     → Matrix-entry structural divergence at step=0 attempt=0 iter=0:
  ours has 11 entries; ngspice has 12 entries.
  2 entries present in ours but missing in ngspice: (row=3, col=2, val=1), (row=2, col=3, val=1)
  3 entries present in ngspice but missing in ours: (row=4, col=2, val=1), (row=2, col=4, val=1), (row=4, col=4, val=0)
This is an MNA-layout architectural error. Equation counts match but the internal sparse-matrix indices diverge — most likely cause is per-device-type load order being out of sync with ngspice's DEVices[] iteration order (see compileAnalogPartition's ngspiceLoadOrder sort, and core/analog-types.ts NGSPICE_LOAD_ORDER). Do NOT reconcile at the harness level.[39m
[31m   [31m×[31m boot-step-merge: runTransient() step 0 contains DCOP + tranInit[2m > [22macceptedAttemptIndex points at a transient-phase attempt (not a DCOP sub-solve)[90m 13[2mms[22m[31m[39m
[31m     → Matrix-entry structural divergence at step=0 attempt=0 iter=0:
  ours has 11 entries; ngspice has 12 entries.
  2 entries present in ours but missing in ngspice: (row=3, col=2, val=1), (row=2, col=3, val=1)
  3 entries present in ngspice but missing in ours: (row=4, col=2, val=1), (row=2, col=4, val=1), (row=4, col=4, val=0)
This is an MNA-layout architectural error. Equation counts match but the internal sparse-matrix indices diverge — most likely cause is per-device-type load order being out of sync with ngspice's DEVices[] iteration order (see compileAnalogPartition's ngspiceLoadOrder sort, and core/analog-types.ts NGSPICE_LOAD_ORDER). Do NOT reconcile at the harness level.[39m
[31m   [31m×[31m boot-step-merge: runTransient() step 0 contains DCOP + tranInit[2m > [22mstep 0 accepted === true[90m 14[2mms[22m[31m[39m
[31m     → Matrix-entry structural divergence at step=0 attempt=0 iter=0:
  ours has 11 entries; ngspice has 12 entries.
  2 entries present in ours but missing in ngspice: (row=3, col=2, val=1), (row=2, col=3, val=1)
  3 entries present in ngspice but missing in ours: (row=4, col=2, val=1), (row=2, col=4, val=1), (row=4, col=4, val=0)
This is an MNA-layout architectural error. Equation counts match but the internal sparse-matrix indices diverge — most likely cause is per-device-type load order being out of sync with ngspice's DEVices[] iteration order (see compileAnalogPartition's ngspiceLoadOrder sort, and core/analog-types.ts NGSPICE_LOAD_ORDER). Do NOT reconcile at the harness level.[39m
[31m   [31m×[31m boot-step-merge: runTransient() step 0 contains DCOP + tranInit[2m > [22msubsequent steps have stepStartTime > 0[90m 15[2mms[22m[31m[39m
[31m     → Matrix-entry structural divergence at step=0 attempt=0 iter=0:
  ours has 11 entries; ngspice has 12 entries.
  2 entries present in ours but missing in ngspice: (row=3, col=2, val=1), (row=2, col=3, val=1)
  3 entries present in ngspice but missing in ours: (row=4, col=2, val=1), (row=2, col=4, val=1), (row=4, col=4, val=0)
This is an MNA-layout architectural error. Equation counts match but the internal sparse-matrix indices diverge — most likely cause is per-device-type load order being out of sync with ngspice's DEVices[] iteration order (see compileAnalogPartition's ngspiceLoadOrder sort, and core/analog-types.ts NGSPICE_LOAD_ORDER). Do NOT reconcile at the harness level.[39m
 [32m✓[39m src/solver/analog/__tests__/harness/step-pairing.test.ts [2m([22m[2m2 tests[22m[2m)[22m[90m 31[2mms[22m[39m
[90mstdout[2m | src/solver/analog/__tests__/harness/step-pairing.test.ts[2m > [22m[2mstep-pairing: runTransient emits distinct per-step endTimes[2m > [22m[2mrc-step.dts exposes at least steps 0, 1, 2, 3 with distinct endTimes
[22m[39mstep endTimes: 0=1e-9, 1=2e-9, 2=4e-9, 3=8e-9

 [31m❯[39m src/solver/analog/__tests__/harness/test-npn-harness.test.ts [2m([22m[2m1 test[22m[2m | [22m[33m1 skipped[39m[2m)[22m[90m 39[2mms[22m[39m
[90mstdout[2m | src/solver/analog/__tests__/harness/all-fixtures-probe.test.ts[2m > [22m[2mall-fixtures regression probe (post order/method sync)[2m > [22m[2mrc-step: runs to stopTime without collapse
[22m[39mrc-step: ourSteps=107, ngSteps=107, lastSimTime=1.000e-6, lastRhs=[0.00e+0,5.00e+0,5.00e+0,-8.67e-18]

[90mstdout[2m | src/solver/analog/__tests__/harness/all-fixtures-probe.test.ts[2m > [22m[2mall-fixtures regression probe (post order/method sync)[2m > [22m[2mrc-ac-lowpass: runs to stopTime without collapse
[22m[39mrc-ac-lowpass: ourSteps=107, ngSteps=107, lastSimTime=1.000e-6, lastRhs=[0.00e+0,3.14e-3,1.57e-6,-3.14e-6]

[90mstdout[2m | src/solver/analog/__tests__/harness/all-fixtures-probe.test.ts[2m > [22m[2mall-fixtures regression probe (post order/method sync)[2m > [22m[2mrl-step: runs to stopTime without collapse
[22m[39mrl-step: ourSteps=107, ngSteps=107, lastSimTime=1.000e-6, lastRhs=[0.00e+0,1.00e+0,-4.16e-16,-1.00e-1,1.00e-1]

[90mstdout[2m | src/solver/analog/__tests__/harness/all-fixtures-probe.test.ts[2m > [22m[2mall-fixtures regression probe (post order/method sync)[2m > [22m[2mrl-ac: runs to stopTime without collapse
[22m[39mrl-ac: ourSteps=107, ngSteps=107, lastSimTime=1.000e-6, lastRhs=[0.00e+0,1.26e-3,1.25e-3,-6.26e-7,6.26e-7]

 [31m❯[39m src/solver/analog/__tests__/harness/all-fixtures-probe.test.ts [2m([22m[2m5 tests[22m[2m | [22m[31m1 failed[39m[2m)[22m[90m 142[2mms[22m[39m
[31m   [31m×[31m all-fixtures regression probe (post order/method sync)[2m > [22mrlc-ringdown: runs to stopTime without collapse[90m 26[2mms[22m[31m[39m
[31m     → Matrix-entry structural divergence at step=0 attempt=0 iter=0:
  ours has 11 entries; ngspice has 12 entries.
  2 entries present in ours but missing in ngspice: (row=3, col=2, val=1), (row=2, col=3, val=1)
  3 entries present in ngspice but missing in ours: (row=4, col=2, val=1), (row=2, col=4, val=1), (row=4, col=4, val=0)
This is an MNA-layout architectural error. Equation counts match but the internal sparse-matrix indices diverge — most likely cause is per-device-type load order being out of sync with ngspice's DEVices[] iteration order (see compileAnalogPartition's ngspiceLoadOrder sort, and core/analog-types.ts NGSPICE_LOAD_ORDER). Do NOT reconcile at the harness level.[39m
 [32m✓[39m src/solver/analog/__tests__/harness/capture.test.ts [2m([22m[2m1 test[22m[2m)[22m[90m 20[2mms[22m[39m

[2m Test Files [22m [1m[31m9 failed[39m[22m[2m | [22m[1m[32m12 passed[39m[22m[90m (21)[39m
[2m      Tests [22m [1m[31m18 failed[39m[22m[2m | [22m[1m[32m248 passed[39m[22m[2m | [22m[33m1 skipped[39m[90m (267)[39m
[2m   Start at [22m 14:14:27
[2m   Duration [22m 12.01s[2m (transform 1.56s, setup 0ms, collect 7.07s, tests 1.06s, environment 3ms, prepare 1.32s)[22m

