
 RUN  v2.1.9 C:/local_working_projects/digital_in_browser

 ✓ src/components/passives/__tests__/inductor.test.ts > Inductor > stamps_branch_equation > stamps branch incidence and conductance entries
 × src/components/passives/__tests__/inductor.test.ts > Inductor > updateCompanion_trapezoidal > computes correct geq for trapezoidal method
   → Cannot read properties of undefined (reading '2')
 × src/components/passives/__tests__/inductor.test.ts > Inductor > updateCompanion_order1_trap > computes correct geq for order-1 trap method
   → Cannot read properties of undefined (reading '2')
 ✓ src/components/passives/__tests__/inductor.test.ts > Inductor > is_reactive_true > declares isReactive === true
 ✓ src/components/passives/__tests__/inductor.test.ts > Inductor > definition > InductorDefinition name is 'Inductor'
 ✓ src/components/passives/__tests__/inductor.test.ts > Inductor > definition > InductorDefinition has analog model
 ✓ src/components/passives/__tests__/inductor.test.ts > Inductor > definition > InductorDefinition has analogFactory
 ✓ src/components/passives/__tests__/inductor.test.ts > Inductor > definition > InductorDefinition branchCount is 1
 ✓ src/components/passives/__tests__/inductor.test.ts > Inductor > definition > InductorDefinition category is PASSIVES
 ✓ src/components/passives/__tests__/inductor.test.ts > Inductor > definition > InductorDefinition can be registered without error
 ✓ src/components/passives/__tests__/inductor.test.ts > Inductor > pinLayout > InductorDefinition.pinLayout has 2 entries (A, B)
 ✓ src/components/passives/__tests__/inductor.test.ts > Inductor > attributeMapping > inductance maps to inductance property
 ✓ src/components/passives/__tests__/inductor.test.ts > Inductor > attributeMapping > Label maps to label property
 ✓ src/components/passives/__tests__/inductor.test.ts > Inductor > statePool > stateBaseOffset is -1 before compiler assigns it
 × src/components/passives/__tests__/inductor.test.ts > Inductor > statePool > stampCompanion writes GEQ and IEQ to pool slots 0 and 1, I_PREV to slot 2
   → Cannot read properties of undefined (reading '2')
 × src/components/passives/__tests__/inductor.test.ts > Inductor > statePool > stampCompanion slot 2 (I_PREV) contains branch current, not terminal voltage
   → Cannot read properties of undefined (reading '2')
 × src/components/passives/__tests__/inductor.test.ts > Inductor > statePool > getLteTimestep returns finite value after two stampCompanion steps with non-zero branch current
   → Cannot read properties of undefined (reading '2')
 × src/components/passives/__tests__/inductor.test.ts > Inductor SLOT_VOLT > stampCompanion_stores_terminal_voltage_in_slot_5
   → Cannot read properties of undefined (reading '2')
 × src/components/passives/__tests__/inductor.test.ts > Inductor SLOT_VOLT > stampCompanion_stores_zero_terminal_voltage_when_nodes_equal
   → Cannot read properties of undefined (reading '2')
 ✓ src/components/passives/__tests__/inductor.test.ts > Inductor temperature coefficients > TC1_scales_inductance_linearly
 ✓ src/components/passives/__tests__/inductor.test.ts > Inductor temperature coefficients > TC1_non_zero_TNOM_offset_scales_inductance
 ✓ src/components/passives/__tests__/inductor.test.ts > Inductor temperature coefficients > SCALE_multiplies_inductance
 ✓ src/components/passives/__tests__/inductor.test.ts > Inductor M multiplicity > M2_halves_effective_inductance
 ✓ src/components/passives/__tests__/inductor.test.ts > Inductor M multiplicity > M1_leaves_inductance_unchanged
 × src/components/passives/__tests__/inductor.test.ts > inductor_load_transient_parity (C4.2) > inductor_load_transient_parity
   → Cannot read properties of undefined (reading '3')

 Test Files  1 failed (1)
      Tests  8 failed | 17 passed (25)
   Start at  00:41:47
   Duration  462ms (transform 94ms, setup 0ms, collect 122ms, tests 13ms, environment 0ms, prepare 102ms)

