
[1m[7m[36m RUN [39m[27m[22m [36mv2.1.9 [39m[90mC:/local_working_projects/digital_in_browser[39m

 [32m✓[39m src/solver/analog/__tests__/ngspice-parity/resistive-divider.test.ts [2m([22m[2m2 tests[22m[2m)[22m[90m 73[2mms[22m[39m
v_in: no DC value, transient time 0 value usedv_in: no DC value, transient time 0 value used [31m❯[39m src/solver/analog/__tests__/ngspice-parity/mosfet-inverter.test.ts [2m([22m[2m2 tests[22m[2m | [22m[31m2 failed[39m[2m)[22m[90m 101[2mms[22m[39m
[31m   [31m×[31m MOSFET inverter — ngspice DC-OP + transient parity[2m > [22mdc_op_match[90m 39[2mms[22m[31m[39m
[31m     → Matrix-entry structural divergence at step=0 attempt=0 iter=0:
  ours has 11 entries; ngspice has 11 entries.
  4 entries present in ours but missing in ngspice: (row=5, col=2, val=1), (row=4, col=3, val=1), (row=3, col=4, val=1), (row=2, col=5, val=1)
  4 entries present in ngspice but missing in ours: (row=4, col=2, val=1), (row=5, col=3, val=1), (row=2, col=4, val=1), (row=3, col=5, val=1)
This is an MNA-layout architectural error. Equation counts match but the internal sparse-matrix indices diverge — most likely cause is per-device-type load order being out of sync with ngspice's DEVices[] iteration order (see compileAnalogPartition's ngspiceLoadOrder sort, and core/analog-types.ts NGSPICE_LOAD_ORDER). Do NOT reconcile at the harness level.[39m
[31m   [31m×[31m MOSFET inverter — ngspice DC-OP + transient parity[2m > [22mtransient_match[90m 62[2mms[22m[31m[39m
[31m     → Matrix-entry structural divergence at step=0 attempt=0 iter=0:
  ours has 11 entries; ngspice has 11 entries.
  4 entries present in ours but missing in ngspice: (row=5, col=2, val=1), (row=4, col=3, val=1), (row=3, col=4, val=1), (row=2, col=5, val=1)
  4 entries present in ngspice but missing in ours: (row=4, col=2, val=1), (row=5, col=3, val=1), (row=2, col=4, val=1), (row=3, col=5, val=1)
This is an MNA-layout architectural error. Equation counts match but the internal sparse-matrix indices diverge — most likely cause is per-device-type load order being out of sync with ngspice's DEVices[] iteration order (see compileAnalogPartition's ngspiceLoadOrder sort, and core/analog-types.ts NGSPICE_LOAD_ORDER). Do NOT reconcile at the harness level.[39m
v1: no DC value, transient time 0 value used [31m❯[39m src/solver/analog/__tests__/ngspice-parity/rlc-oscillator.test.ts [2m([22m[2m1 test[22m[2m | [22m[31m1 failed[39m[2m)[22m[33m 513[2mms[22m[39m
[31m   [31m×[31m RLC oscillator transient parity — Task 7.3.2[2m > [22mtransient_oscillation_match[33m 512[2mms[22m[31m[39m
[31m     → Matrix-entry structural divergence at step=0 attempt=0 iter=0:
  ours has 11 entries; ngspice has 12 entries.
  4 entries present in ours but missing in ngspice: (row=2, col=1, val=1), (row=1, col=2, val=1), (row=5, col=4, val=1), (row=4, col=5, val=1)
  5 entries present in ngspice but missing in ours: (row=4, col=2, val=1), (row=3, col=3, val=0.1), (row=5, col=3, val=1), (row=2, col=4, val=1), (row=3, col=5, val=1)
  7 entries with same (row,col) but different values: 1,1 ours=0.1 ngspice=0, 4,1 ours=-0.1 ngspice=-1, 2,2 ours=0 ngspice=0.1, 3,2 ours=-1 ngspice=-0.1, 2,3 ours=-1 ngspice=-0.1, 1,4 ours=-0.1 ngspice=-1, 4,4 ours=0.1 ngspice=0
This is an MNA-layout architectural error. Equation counts match but the internal sparse-matrix indices diverge — most likely cause is per-device-type load order being out of sync with ngspice's DEVices[] iteration order (see compileAnalogPartition's ngspiceLoadOrder sort, and core/analog-types.ts NGSPICE_LOAD_ORDER). Do NOT reconcile at the harness level.[39m
v1: no DC value, transient time 0 value used [31m❯[39m src/solver/analog/__tests__/ngspice-parity/diode-bridge.test.ts [2m([22m[2m1 test[22m[2m | [22m[31m1 failed[39m[2m)[22m[90m 85[2mms[22m[39m
[31m   [31m×[31m Diode bridge rectifier — ngspice transient parity[2m > [22mtransient_rectification_match[90m 84[2mms[22m[31m[39m
[31m     → Matrix-entry structural divergence at step=0 attempt=0 iter=0:
  ours has 11 entries; ngspice has 11 entries.
  4 entries present in ours but missing in ngspice: (row=4, col=1, val=1), (row=3, col=2, val=-0.7071067811875474), (row=2, col=3, val=-0.7071067811875474), (row=1, col=4, val=1)
  4 entries present in ngspice but missing in ours: (row=3, col=1, val=-0.7071067811875484), (row=4, col=2, val=1), (row=1, col=3, val=-0.7071067811875484), (row=2, col=4, val=1)
  5 entries with same (row,col) but different values: 1,1 ours=1.4142135623750949 ngspice=1.4152135623750968, 2,1 ours=-0.7071067811875474 ngspice=-0.7071067811875484, 1,2 ours=-0.7071067811875474 ngspice=-0.7071067811875484, 2,2 ours=1.4152135623750948 ngspice=1.4142135623750969, 3,3 ours=1.4142135623750949 ngspice=1.4142135623750969
This is an MNA-layout architectural error. Equation counts match but the internal sparse-matrix indices diverge — most likely cause is per-device-type load order being out of sync with ngspice's DEVices[] iteration order (see compileAnalogPartition's ngspiceLoadOrder sort, and core/analog-types.ts NGSPICE_LOAD_ORDER). Do NOT reconcile at the harness level.[39m
 [32m✓[39m src/solver/analog/__tests__/ngspice-parity/load-order-parity.test.ts [2m([22m[2m1 test[22m[2m)[22m[90m 28[2mms[22m[39m
 [31m❯[39m src/solver/analog/__tests__/ngspice-parity/diode-resistor.test.ts [2m([22m[2m1 test[22m[2m | [22m[31m1 failed[39m[2m)[22m[90m 35[2mms[22m[39m
[31m   [31m×[31m Diode + resistor DC-OP parity[2m > [22mdc_op_pnjlim_match[90m 34[2mms[22m[31m[39m
[31m     → Matrix-entry structural divergence at step=0 attempt=0 iter=0:
  ours has 6 entries; ngspice has 6 entries.
  1 entries with same (row,col) but different values: 1,1 ours=0.7081067811875474 ngspice=0.7081067811875484
This is an MNA-layout architectural error. Equation counts match but the internal sparse-matrix indices diverge — most likely cause is per-device-type load order being out of sync with ngspice's DEVices[] iteration order (see compileAnalogPartition's ngspiceLoadOrder sort, and core/analog-types.ts NGSPICE_LOAD_ORDER). Do NOT reconcile at the harness level.[39m
v1: no DC value, transient time 0 value used [31m❯[39m src/solver/analog/__tests__/ngspice-parity/_diag-rc-transient.test.ts [2m([22m[2m1 test[22m[2m | [22m[31m1 failed[39m[2m)[22m[90m 54[2mms[22m[39m
[31m   [31m×[31m DIAG rc-transient[2m > [22mdump step 0..3 structure[90m 54[2mms[22m[31m[39m
[31m     → Matrix-entry structural divergence at step=0 attempt=0 iter=0:
  ours has 6 entries; ngspice has 6 entries.
  2 entries present in ours but missing in ngspice: (row=3, col=1, val=1), (row=1, col=3, val=1)
  2 entries present in ngspice but missing in ours: (row=3, col=2, val=1), (row=2, col=3, val=1)
This is an MNA-layout architectural error. Equation counts match but the internal sparse-matrix indices diverge — most likely cause is per-device-type load order being out of sync with ngspice's DEVices[] iteration order (see compileAnalogPartition's ngspiceLoadOrder sort, and core/analog-types.ts NGSPICE_LOAD_ORDER). Do NOT reconcile at the harness level.[39m
 [31m❯[39m src/solver/analog/__tests__/ngspice-parity/bjt-common-emitter.test.ts [2m([22m[2m1 test[22m[2m | [22m[31m1 failed[39m[2m)[22m[90m 37[2mms[22m[39m
[31m   [31m×[31m bjt-common-emitter DC-OP parity[2m > [22mdc_op_match[90m 36[2mms[22m[31m[39m
[31m     → Matrix-entry structural divergence at step=0 attempt=0 iter=0:
  ours has 11 entries; ngspice has 11 entries.
  8 entries with same (row,col) but different values: 1,1 ours=0.007081067814252109 ngspice=0.001000000002404844, 2,1 ours=0.7071067811847742 ngspice=-1.2024219408670245e-12, 3,1 ours=-0.00001 ngspice=-0.001, 1,2 ours=-1.3866350114911383e-12 ngspice=0.7071067811851437, 2,2 ours=0.0010000000027732701 ngspice=0.007081067814067907, 3,2 ours=-0.001 ngspice=-0.00001, 1,3 ours=-0.00001 ngspice=-0.001, 2,3 ours=-0.001 ngspice=-0.00001
This is an MNA-layout architectural error. Equation counts match but the internal sparse-matrix indices diverge — most likely cause is per-device-type load order being out of sync with ngspice's DEVices[] iteration order (see compileAnalogPartition's ngspiceLoadOrder sort, and core/analog-types.ts NGSPICE_LOAD_ORDER). Do NOT reconcile at the harness level.[39m
 [32m✓[39m src/solver/analog/__tests__/ngspice-parity/_diag-resistive-tran.test.ts [2m([22m[2m1 test[22m[2m)[22m[90m 36[2mms[22m[39m
[90mstdout[2m | src/solver/analog/__tests__/ngspice-parity/_diag-resistive-tran.test.ts[2m > [22m[2mDIAG resistive divider transient[2m > [22m[2mdump step 0 structure
[22m[39m
=== OURS (steps=107) ===
Step 0: stepStart=0 stepEnd=1.0000000000000002e-7 accIdx=4 attempts=5
  Attempt 0: phase=dcopInitJct dt=0 (0000000000000000) outcome=dcopPhaseHandoff iters=1
    Iter 0: initMode=MODETRANOP|MODEINITJCT delta=0 (0000000000000000) order=1 noncon=1
  Attempt 1: phase=dcopInitFix dt=0 (0000000000000000) outcome=dcopPhaseHandoff iters=1
    Iter 0: initMode=MODETRANOP|MODEINITFIX delta=0 (0000000000000000) order=1 noncon=0
  Attempt 2: phase=dcopInitFloat dt=0 (0000000000000000) outcome=dcopSubSolveConverged iters=1
    Iter 0: initMode=MODETRANOP|MODEINITFLOAT delta=0 (0000000000000000) order=1 noncon=0
  Attempt 3: phase=tranInit dt=1.0000000000000002e-7 (3e7ad7f29abcaf4a) outcome=tranPhaseHandoff iters=1
    Iter 0: initMode=MODETRAN|MODEINITTRAN delta=1.0000000000000002e-7 (3e7ad7f29abcaf4a) order=1 noncon=1
  Attempt 4: phase=tranNR dt=1.0000000000000002e-7 (3e7ad7f29abcaf4a) outcome=accepted iters=1
    Iter 0: initMode=MODETRAN|MODEINITFLOAT delta=1.0000000000000002e-7 (3e7ad7f29abcaf4a) order=1 noncon=0
Step 1: stepStart=1.0000000000000002e-7 stepEnd=2.0000000000000004e-7 accIdx=1 attempts=2
  Attempt 0: phase=tranPredictor dt=1.0000000000000002e-7 (3e7ad7f29abcaf4a) outcome=tranPhaseHandoff iters=1
    Iter 0: initMode=MODETRAN|MODEINITPRED delta=1.0000000000000002e-7 (3e7ad7f29abcaf4a) order=1 noncon=1
  Attempt 1: phase=tranNR dt=1.0000000000000002e-7 (3e7ad7f29abcaf4a) outcome=accepted iters=1
    Iter 0: initMode=MODETRAN|MODEINITFLOAT delta=1.0000000000000002e-7 (3e7ad7f29abcaf4a) order=1 noncon=0
Step 2: stepStart=2.0000000000000004e-7 stepEnd=4.000000000000001e-7 accIdx=1 attempts=2
  Attempt 0: phase=tranPredictor dt=2.0000000000000004e-7 (3e8ad7f29abcaf4a) outcome=tranPhaseHandoff iters=1
    Iter 0: initMode=MODETRAN|MODEINITPRED delta=2.0000000000000004e-7 (3e8ad7f29abcaf4a) order=2 noncon=1
  Attempt 1: phase=tranNR dt=2.0000000000000004e-7 (3e8ad7f29abcaf4a) outcome=accepted iters=1
    Iter 0: initMode=MODETRAN|MODEINITFLOAT delta=2.0000000000000004e-7 (3e8ad7f29abcaf4a) order=2 noncon=0

=== NGSPICE (aligned) (steps=107) ===
Step 0: stepStart=0 stepEnd=1.0000000000000002e-7 accIdx=4 attempts=5
  Attempt 0: phase=dcopInitJct dt=0 (0000000000000000) outcome=nrFailedRetry iters=1
    Iter 0: initMode=MODETRANOP|MODEINITJCT delta=0 (0000000000000000) order=1 noncon=1
  Attempt 1: phase=dcopInitFix dt=0 (0000000000000000) outcome=dcopSubSolveConverged iters=1
    Iter 0: initMode=MODETRANOP|MODEINITFIX delta=0 (0000000000000000) order=1 noncon=0
  Attempt 2: phase=dcopInitFloat dt=0 (0000000000000000) outcome=dcopSubSolveConverged iters=1
    Iter 0: initMode=MODETRANOP|MODEINITFLOAT delta=0 (0000000000000000) order=1 noncon=0
  Attempt 3: phase=tranInit dt=1.0000000000000002e-7 (3e7ad7f29abcaf4a) outcome=tranPhaseHandoff iters=1
    Iter 0: initMode=MODETRAN|MODEINITTRAN delta=1.0000000000000002e-7 (3e7ad7f29abcaf4a) order=1 noncon=1
  Attempt 4: phase=tranNR dt=1.0000000000000002e-7 (3e7ad7f29abcaf4a) outcome=accepted iters=1
    Iter 0: initMode=MODETRAN|MODEINITFLOAT delta=1.0000000000000002e-7 (3e7ad7f29abcaf4a) order=1 noncon=0
Step 1: stepStart=1.0000000000000002e-7 stepEnd=2.0000000000000004e-7 accIdx=1 attempts=2
  Attempt 0: phase=tranPredictor dt=1.0000000000000002e-7 (3e7ad7f29abcaf4a) outcome=tranPhaseHandoff iters=1
    Iter 0: initMode=MODETRAN|MODEINITPRED delta=1.0000000000000002e-7 (3e7ad7f29abcaf4a) order=1 noncon=1
  Attempt 1: phase=tranNR dt=1.0000000000000002e-7 (3e7ad7f29abcaf4a) outcome=accepted iters=1
    Iter 0: initMode=MODETRAN|MODEINITFLOAT delta=1.0000000000000002e-7 (3e7ad7f29abcaf4a) order=1 noncon=0
Step 2: stepStart=2.0000000000000004e-7 stepEnd=4.000000000000001e-7 accIdx=1 attempts=2
  Attempt 0: phase=tranPredictor dt=2.0000000000000004e-7 (3e8ad7f29abcaf4a) outcome=tranPhaseHandoff iters=1
    Iter 0: initMode=MODETRAN|MODEINITPRED delta=2.0000000000000004e-7 (3e8ad7f29abcaf4a) order=2 noncon=1
  Attempt 1: phase=tranNR dt=2.0000000000000004e-7 (3e8ad7f29abcaf4a) outcome=accepted iters=1
    Iter 0: initMode=MODETRAN|MODEINITFLOAT delta=2.0000000000000004e-7 (3e8ad7f29abcaf4a) order=2 noncon=0

v1: no DC value, transient time 0 value used [31m❯[39m src/solver/analog/__tests__/ngspice-parity/rc-transient.test.ts [2m([22m[2m1 test[22m[2m | [22m[31m1 failed[39m[2m)[22m[90m 56[2mms[22m[39m
[31m   [31m×[31m RC transient parity — Task 7.3.1[2m > [22mtransient_per_step_match[90m 55[2mms[22m[31m[39m
[31m     → Matrix-entry structural divergence at step=0 attempt=0 iter=0:
  ours has 6 entries; ngspice has 6 entries.
  2 entries present in ours but missing in ngspice: (row=3, col=1, val=1), (row=1, col=3, val=1)
  2 entries present in ngspice but missing in ours: (row=3, col=2, val=1), (row=2, col=3, val=1)
This is an MNA-layout architectural error. Equation counts match but the internal sparse-matrix indices diverge — most likely cause is per-device-type load order being out of sync with ngspice's DEVices[] iteration order (see compileAnalogPartition's ngspiceLoadOrder sort, and core/analog-types.ts NGSPICE_LOAD_ORDER). Do NOT reconcile at the harness level.[39m
 [31m❯[39m src/solver/analog/__tests__/ngspice-parity/_diag-diode-resistor-tran.test.ts [2m([22m[2m1 test[22m[2m | [22m[31m1 failed[39m[2m)[22m[90m 47[2mms[22m[39m
[31m   [31m×[31m DIAG diode + resistor transient parity[2m > [22mdump+compare step 0 attempt structure[90m 46[2mms[22m[31m[39m
[31m     → Matrix-entry structural divergence at step=0 attempt=0 iter=0:
  ours has 6 entries; ngspice has 6 entries.
  1 entries with same (row,col) but different values: 1,1 ours=0.7081067811875474 ngspice=0.7081067811875484
This is an MNA-layout architectural error. Equation counts match but the internal sparse-matrix indices diverge — most likely cause is per-device-type load order being out of sync with ngspice's DEVices[] iteration order (see compileAnalogPartition's ngspiceLoadOrder sort, and core/analog-types.ts NGSPICE_LOAD_ORDER). Do NOT reconcile at the harness level.[39m

[31m⎯⎯⎯⎯⎯⎯⎯[1m[7m Failed Tests 9 [27m[22m⎯⎯⎯⎯⎯⎯⎯[39m

[31m[1m[7m FAIL [27m[22m[39m src/solver/analog/__tests__/ngspice-parity/bjt-common-emitter.test.ts[2m > [22mbjt-common-emitter DC-OP parity[2m > [22mdc_op_match
[31m[1mError[22m: Matrix-entry structural divergence at step=0 attempt=0 iter=0:
  ours has 11 entries; ngspice has 11 entries.
  8 entries with same (row,col) but different values: 1,1 ours=0.007081067814252109 ngspice=0.001000000002404844, 2,1 ours=0.7071067811847742 ngspice=-1.2024219408670245e-12, 3,1 ours=-0.00001 ngspice=-0.001, 1,2 ours=-1.3866350114911383e-12 ngspice=0.7071067811851437, 2,2 ours=0.0010000000027732701 ngspice=0.007081067814067907, 3,2 ours=-0.001 ngspice=-0.00001, 1,3 ours=-0.00001 ngspice=-0.001, 2,3 ours=-0.001 ngspice=-0.00001
This is an MNA-layout architectural error. Equation counts match but the internal sparse-matrix indices diverge — most likely cause is per-device-type load order being out of sync with ngspice's DEVices[] iteration order (see compileAnalogPartition's ngspiceLoadOrder sort, and core/analog-types.ts NGSPICE_LOAD_ORDER). Do NOT reconcile at the harness level.[39m
[36m [2m❯[22m ComparisonSession._assertFirstIterationMatrixEntriesMatch src/solver/analog/__tests__/harness/comparison-session.ts:[2m2759:11[22m[39m
    [90m2757| [39m        "core/analog-types.ts NGSPICE_LOAD_ORDER). Do NOT reconcile at…
    [90m2758| [39m    );
    [90m2759| [39m    throw new Error(lines.join("\n"));
    [90m   | [39m          [31m^[39m
    [90m2760| [39m  }
    [90m2761| [39m
[90m [2m❯[22m ComparisonSession._assertMatrixStructuralParity src/solver/analog/__tests__/harness/comparison-session.ts:[2m2626:12[22m[39m
[90m [2m❯[22m ComparisonSession.runDcOp src/solver/analog/__tests__/harness/comparison-session.ts:[2m587:10[22m[39m
[90m [2m❯[22m src/solver/analog/__tests__/ngspice-parity/bjt-common-emitter.test.ts:[2m34:5[22m[39m

[31m[2m⎯⎯⎯⎯⎯⎯⎯⎯⎯⎯⎯⎯⎯⎯⎯⎯⎯⎯⎯⎯⎯⎯⎯⎯[1/9]⎯[22m[39m

[31m[1m[7m FAIL [27m[22m[39m src/solver/analog/__tests__/ngspice-parity/diode-bridge.test.ts[2m > [22mDiode bridge rectifier — ngspice transient parity[2m > [22mtransient_rectification_match
[31m[1mError[22m: Matrix-entry structural divergence at step=0 attempt=0 iter=0:
  ours has 11 entries; ngspice has 11 entries.
  4 entries present in ours but missing in ngspice: (row=4, col=1, val=1), (row=3, col=2, val=-0.7071067811875474), (row=2, col=3, val=-0.7071067811875474), (row=1, col=4, val=1)
  4 entries present in ngspice but missing in ours: (row=3, col=1, val=-0.7071067811875484), (row=4, col=2, val=1), (row=1, col=3, val=-0.7071067811875484), (row=2, col=4, val=1)
  5 entries with same (row,col) but different values: 1,1 ours=1.4142135623750949 ngspice=1.4152135623750968, 2,1 ours=-0.7071067811875474 ngspice=-0.7071067811875484, 1,2 ours=-0.7071067811875474 ngspice=-0.7071067811875484, 2,2 ours=1.4152135623750948 ngspice=1.4142135623750969, 3,3 ours=1.4142135623750949 ngspice=1.4142135623750969
This is an MNA-layout architectural error. Equation counts match but the internal sparse-matrix indices diverge — most likely cause is per-device-type load order being out of sync with ngspice's DEVices[] iteration order (see compileAnalogPartition's ngspiceLoadOrder sort, and core/analog-types.ts NGSPICE_LOAD_ORDER). Do NOT reconcile at the harness level.[39m
[36m [2m❯[22m ComparisonSession._assertFirstIterationMatrixEntriesMatch src/solver/analog/__tests__/harness/comparison-session.ts:[2m2759:11[22m[39m
    [90m2757| [39m        "core/analog-types.ts NGSPICE_LOAD_ORDER). Do NOT reconcile at…
    [90m2758| [39m    );
    [90m2759| [39m    throw new Error(lines.join("\n"));
    [90m   | [39m          [31m^[39m
    [90m2760| [39m  }
    [90m2761| [39m
[90m [2m❯[22m ComparisonSession._assertMatrixStructuralParity src/solver/analog/__tests__/harness/comparison-session.ts:[2m2626:12[22m[39m
[90m [2m❯[22m ComparisonSession.runTransient src/solver/analog/__tests__/harness/comparison-session.ts:[2m727:10[22m[39m
[90m [2m❯[22m src/solver/analog/__tests__/ngspice-parity/diode-bridge.test.ts:[2m40:5[22m[39m

[31m[2m⎯⎯⎯⎯⎯⎯⎯⎯⎯⎯⎯⎯⎯⎯⎯⎯⎯⎯⎯⎯⎯⎯⎯⎯[2/9]⎯[22m[39m

[31m[1m[7m FAIL [27m[22m[39m src/solver/analog/__tests__/ngspice-parity/diode-resistor.test.ts[2m > [22mDiode + resistor DC-OP parity[2m > [22mdc_op_pnjlim_match
[31m[1mError[22m: Matrix-entry structural divergence at step=0 attempt=0 iter=0:
  ours has 6 entries; ngspice has 6 entries.
  1 entries with same (row,col) but different values: 1,1 ours=0.7081067811875474 ngspice=0.7081067811875484
This is an MNA-layout architectural error. Equation counts match but the internal sparse-matrix indices diverge — most likely cause is per-device-type load order being out of sync with ngspice's DEVices[] iteration order (see compileAnalogPartition's ngspiceLoadOrder sort, and core/analog-types.ts NGSPICE_LOAD_ORDER). Do NOT reconcile at the harness level.[39m
[36m [2m❯[22m ComparisonSession._assertFirstIterationMatrixEntriesMatch src/solver/analog/__tests__/harness/comparison-session.ts:[2m2759:11[22m[39m
    [90m2757| [39m        "core/analog-types.ts NGSPICE_LOAD_ORDER). Do NOT reconcile at…
    [90m2758| [39m    );
    [90m2759| [39m    throw new Error(lines.join("\n"));
    [90m   | [39m          [31m^[39m
    [90m2760| [39m  }
    [90m2761| [39m
[90m [2m❯[22m ComparisonSession._assertMatrixStructuralParity src/solver/analog/__tests__/harness/comparison-session.ts:[2m2626:12[22m[39m
[90m [2m❯[22m ComparisonSession.runDcOp src/solver/analog/__tests__/harness/comparison-session.ts:[2m587:10[22m[39m
[90m [2m❯[22m src/solver/analog/__tests__/ngspice-parity/diode-resistor.test.ts:[2m33:5[22m[39m

[31m[2m⎯⎯⎯⎯⎯⎯⎯⎯⎯⎯⎯⎯⎯⎯⎯⎯⎯⎯⎯⎯⎯⎯⎯⎯[3/9]⎯[22m[39m

[31m[1m[7m FAIL [27m[22m[39m src/solver/analog/__tests__/ngspice-parity/mosfet-inverter.test.ts[2m > [22mMOSFET inverter — ngspice DC-OP + transient parity[2m > [22mdc_op_match
[31m[1mError[22m: Matrix-entry structural divergence at step=0 attempt=0 iter=0:
  ours has 11 entries; ngspice has 11 entries.
  4 entries present in ours but missing in ngspice: (row=5, col=2, val=1), (row=4, col=3, val=1), (row=3, col=4, val=1), (row=2, col=5, val=1)
  4 entries present in ngspice but missing in ours: (row=4, col=2, val=1), (row=5, col=3, val=1), (row=2, col=4, val=1), (row=3, col=5, val=1)
This is an MNA-layout architectural error. Equation counts match but the internal sparse-matrix indices diverge — most likely cause is per-device-type load order being out of sync with ngspice's DEVices[] iteration order (see compileAnalogPartition's ngspiceLoadOrder sort, and core/analog-types.ts NGSPICE_LOAD_ORDER). Do NOT reconcile at the harness level.[39m
[36m [2m❯[22m ComparisonSession._assertFirstIterationMatrixEntriesMatch src/solver/analog/__tests__/harness/comparison-session.ts:[2m2759:11[22m[39m
    [90m2757| [39m        "core/analog-types.ts NGSPICE_LOAD_ORDER). Do NOT reconcile at…
    [90m2758| [39m    );
    [90m2759| [39m    throw new Error(lines.join("\n"));
    [90m   | [39m          [31m^[39m
    [90m2760| [39m  }
    [90m2761| [39m
[90m [2m❯[22m ComparisonSession._assertMatrixStructuralParity src/solver/analog/__tests__/harness/comparison-session.ts:[2m2626:12[22m[39m
[90m [2m❯[22m ComparisonSession.runDcOp src/solver/analog/__tests__/harness/comparison-session.ts:[2m587:10[22m[39m
[90m [2m❯[22m src/solver/analog/__tests__/ngspice-parity/mosfet-inverter.test.ts:[2m41:5[22m[39m

[31m[2m⎯⎯⎯⎯⎯⎯⎯⎯⎯⎯⎯⎯⎯⎯⎯⎯⎯⎯⎯⎯⎯⎯⎯⎯[4/9]⎯[22m[39m

[31m[1m[7m FAIL [27m[22m[39m src/solver/analog/__tests__/ngspice-parity/mosfet-inverter.test.ts[2m > [22mMOSFET inverter — ngspice DC-OP + transient parity[2m > [22mtransient_match
[31m[1mError[22m: Matrix-entry structural divergence at step=0 attempt=0 iter=0:
  ours has 11 entries; ngspice has 11 entries.
  4 entries present in ours but missing in ngspice: (row=5, col=2, val=1), (row=4, col=3, val=1), (row=3, col=4, val=1), (row=2, col=5, val=1)
  4 entries present in ngspice but missing in ours: (row=4, col=2, val=1), (row=5, col=3, val=1), (row=2, col=4, val=1), (row=3, col=5, val=1)
This is an MNA-layout architectural error. Equation counts match but the internal sparse-matrix indices diverge — most likely cause is per-device-type load order being out of sync with ngspice's DEVices[] iteration order (see compileAnalogPartition's ngspiceLoadOrder sort, and core/analog-types.ts NGSPICE_LOAD_ORDER). Do NOT reconcile at the harness level.[39m
[36m [2m❯[22m ComparisonSession._assertFirstIterationMatrixEntriesMatch src/solver/analog/__tests__/harness/comparison-session.ts:[2m2759:11[22m[39m
    [90m2757| [39m        "core/analog-types.ts NGSPICE_LOAD_ORDER). Do NOT reconcile at…
    [90m2758| [39m    );
    [90m2759| [39m    throw new Error(lines.join("\n"));
    [90m   | [39m          [31m^[39m
    [90m2760| [39m  }
    [90m2761| [39m
[90m [2m❯[22m ComparisonSession._assertMatrixStructuralParity src/solver/analog/__tests__/harness/comparison-session.ts:[2m2626:12[22m[39m
[90m [2m❯[22m ComparisonSession.runTransient src/solver/analog/__tests__/harness/comparison-session.ts:[2m727:10[22m[39m
[90m [2m❯[22m src/solver/analog/__tests__/ngspice-parity/mosfet-inverter.test.ts:[2m83:5[22m[39m

[31m[2m⎯⎯⎯⎯⎯⎯⎯⎯⎯⎯⎯⎯⎯⎯⎯⎯⎯⎯⎯⎯⎯⎯⎯⎯[5/9]⎯[22m[39m

[31m[1m[7m FAIL [27m[22m[39m src/solver/analog/__tests__/ngspice-parity/rc-transient.test.ts[2m > [22mRC transient parity — Task 7.3.1[2m > [22mtransient_per_step_match
[31m[1mError[22m: Matrix-entry structural divergence at step=0 attempt=0 iter=0:
  ours has 6 entries; ngspice has 6 entries.
  2 entries present in ours but missing in ngspice: (row=3, col=1, val=1), (row=1, col=3, val=1)
  2 entries present in ngspice but missing in ours: (row=3, col=2, val=1), (row=2, col=3, val=1)
This is an MNA-layout architectural error. Equation counts match but the internal sparse-matrix indices diverge — most likely cause is per-device-type load order being out of sync with ngspice's DEVices[] iteration order (see compileAnalogPartition's ngspiceLoadOrder sort, and core/analog-types.ts NGSPICE_LOAD_ORDER). Do NOT reconcile at the harness level.[39m
[36m [2m❯[22m ComparisonSession._assertFirstIterationMatrixEntriesMatch src/solver/analog/__tests__/harness/comparison-session.ts:[2m2759:11[22m[39m
    [90m2757| [39m        "core/analog-types.ts NGSPICE_LOAD_ORDER). Do NOT reconcile at…
    [90m2758| [39m    );
    [90m2759| [39m    throw new Error(lines.join("\n"));
    [90m   | [39m          [31m^[39m
    [90m2760| [39m  }
    [90m2761| [39m
[90m [2m❯[22m ComparisonSession._assertMatrixStructuralParity src/solver/analog/__tests__/harness/comparison-session.ts:[2m2626:12[22m[39m
[90m [2m❯[22m ComparisonSession.runTransient src/solver/analog/__tests__/harness/comparison-session.ts:[2m727:10[22m[39m
[90m [2m❯[22m src/solver/analog/__tests__/ngspice-parity/rc-transient.test.ts:[2m34:5[22m[39m

[31m[2m⎯⎯⎯⎯⎯⎯⎯⎯⎯⎯⎯⎯⎯⎯⎯⎯⎯⎯⎯⎯⎯⎯⎯⎯[6/9]⎯[22m[39m

[31m[1m[7m FAIL [27m[22m[39m src/solver/analog/__tests__/ngspice-parity/rlc-oscillator.test.ts[2m > [22mRLC oscillator transient parity — Task 7.3.2[2m > [22mtransient_oscillation_match
[31m[1mError[22m: Matrix-entry structural divergence at step=0 attempt=0 iter=0:
  ours has 11 entries; ngspice has 12 entries.
  4 entries present in ours but missing in ngspice: (row=2, col=1, val=1), (row=1, col=2, val=1), (row=5, col=4, val=1), (row=4, col=5, val=1)
  5 entries present in ngspice but missing in ours: (row=4, col=2, val=1), (row=3, col=3, val=0.1), (row=5, col=3, val=1), (row=2, col=4, val=1), (row=3, col=5, val=1)
  7 entries with same (row,col) but different values: 1,1 ours=0.1 ngspice=0, 4,1 ours=-0.1 ngspice=-1, 2,2 ours=0 ngspice=0.1, 3,2 ours=-1 ngspice=-0.1, 2,3 ours=-1 ngspice=-0.1, 1,4 ours=-0.1 ngspice=-1, 4,4 ours=0.1 ngspice=0
This is an MNA-layout architectural error. Equation counts match but the internal sparse-matrix indices diverge — most likely cause is per-device-type load order being out of sync with ngspice's DEVices[] iteration order (see compileAnalogPartition's ngspiceLoadOrder sort, and core/analog-types.ts NGSPICE_LOAD_ORDER). Do NOT reconcile at the harness level.[39m
[36m [2m❯[22m ComparisonSession._assertFirstIterationMatrixEntriesMatch src/solver/analog/__tests__/harness/comparison-session.ts:[2m2759:11[22m[39m
    [90m2757| [39m        "core/analog-types.ts NGSPICE_LOAD_ORDER). Do NOT reconcile at…
    [90m2758| [39m    );
    [90m2759| [39m    throw new Error(lines.join("\n"));
    [90m   | [39m          [31m^[39m
    [90m2760| [39m  }
    [90m2761| [39m
[90m [2m❯[22m ComparisonSession._assertMatrixStructuralParity src/solver/analog/__tests__/harness/comparison-session.ts:[2m2626:12[22m[39m
[90m [2m❯[22m ComparisonSession.runTransient src/solver/analog/__tests__/harness/comparison-session.ts:[2m727:10[22m[39m
[90m [2m❯[22m src/solver/analog/__tests__/ngspice-parity/rlc-oscillator.test.ts:[2m35:5[22m[39m

[31m[2m⎯⎯⎯⎯⎯⎯⎯⎯⎯⎯⎯⎯⎯⎯⎯⎯⎯⎯⎯⎯⎯⎯⎯⎯[7/9]⎯[22m[39m

[31m[1m[7m FAIL [27m[22m[39m src/solver/analog/__tests__/ngspice-parity/_diag-diode-resistor-tran.test.ts[2m > [22mDIAG diode + resistor transient parity[2m > [22mdump+compare step 0 attempt structure
[31m[1mError[22m: Matrix-entry structural divergence at step=0 attempt=0 iter=0:
  ours has 6 entries; ngspice has 6 entries.
  1 entries with same (row,col) but different values: 1,1 ours=0.7081067811875474 ngspice=0.7081067811875484
This is an MNA-layout architectural error. Equation counts match but the internal sparse-matrix indices diverge — most likely cause is per-device-type load order being out of sync with ngspice's DEVices[] iteration order (see compileAnalogPartition's ngspiceLoadOrder sort, and core/analog-types.ts NGSPICE_LOAD_ORDER). Do NOT reconcile at the harness level.[39m
[36m [2m❯[22m ComparisonSession._assertFirstIterationMatrixEntriesMatch src/solver/analog/__tests__/harness/comparison-session.ts:[2m2759:11[22m[39m
    [90m2757| [39m        "core/analog-types.ts NGSPICE_LOAD_ORDER). Do NOT reconcile at…
    [90m2758| [39m    );
    [90m2759| [39m    throw new Error(lines.join("\n"));
    [90m   | [39m          [31m^[39m
    [90m2760| [39m  }
    [90m2761| [39m
[90m [2m❯[22m ComparisonSession._assertMatrixStructuralParity src/solver/analog/__tests__/harness/comparison-session.ts:[2m2626:12[22m[39m
[90m [2m❯[22m ComparisonSession.runTransient src/solver/analog/__tests__/harness/comparison-session.ts:[2m727:10[22m[39m
[90m [2m❯[22m src/solver/analog/__tests__/ngspice-parity/_diag-diode-resistor-tran.test.ts:[2m25:5[22m[39m

[31m[2m⎯⎯⎯⎯⎯⎯⎯⎯⎯⎯⎯⎯⎯⎯⎯⎯⎯⎯⎯⎯⎯⎯⎯⎯[8/9]⎯[22m[39m

[31m[1m[7m FAIL [27m[22m[39m src/solver/analog/__tests__/ngspice-parity/_diag-rc-transient.test.ts[2m > [22mDIAG rc-transient[2m > [22mdump step 0..3 structure
[31m[1mError[22m: Matrix-entry structural divergence at step=0 attempt=0 iter=0:
  ours has 6 entries; ngspice has 6 entries.
  2 entries present in ours but missing in ngspice: (row=3, col=1, val=1), (row=1, col=3, val=1)
  2 entries present in ngspice but missing in ours: (row=3, col=2, val=1), (row=2, col=3, val=1)
This is an MNA-layout architectural error. Equation counts match but the internal sparse-matrix indices diverge — most likely cause is per-device-type load order being out of sync with ngspice's DEVices[] iteration order (see compileAnalogPartition's ngspiceLoadOrder sort, and core/analog-types.ts NGSPICE_LOAD_ORDER). Do NOT reconcile at the harness level.[39m
[36m [2m❯[22m ComparisonSession._assertFirstIterationMatrixEntriesMatch src/solver/analog/__tests__/harness/comparison-session.ts:[2m2759:11[22m[39m
    [90m2757| [39m        "core/analog-types.ts NGSPICE_LOAD_ORDER). Do NOT reconcile at…
    [90m2758| [39m    );
    [90m2759| [39m    throw new Error(lines.join("\n"));
    [90m   | [39m          [31m^[39m
    [90m2760| [39m  }
    [90m2761| [39m
[90m [2m❯[22m ComparisonSession._assertMatrixStructuralParity src/solver/analog/__tests__/harness/comparison-session.ts:[2m2626:12[22m[39m
[90m [2m❯[22m ComparisonSession.runTransient src/solver/analog/__tests__/harness/comparison-session.ts:[2m727:10[22m[39m
[90m [2m❯[22m src/solver/analog/__tests__/ngspice-parity/_diag-rc-transient.test.ts:[2m21:5[22m[39m

[31m[2m⎯⎯⎯⎯⎯⎯⎯⎯⎯⎯⎯⎯⎯⎯⎯⎯⎯⎯⎯⎯⎯⎯⎯⎯[9/9]⎯[22m[39m

[2m Test Files [22m [1m[31m8 failed[39m[22m[2m | [22m[1m[32m3 passed[39m[22m[90m (11)[39m
[2m      Tests [22m [1m[31m9 failed[39m[22m[2m | [22m[1m[32m4 passed[39m[22m[90m (13)[39m
[2m   Start at [22m 14:41:36
[2m   Duration [22m 8.51s[2m (transform 1.37s, setup 0ms, collect 5.40s, tests 1.07s, environment 1ms, prepare 661ms)[22m

