
[1m[7m[36m RUN [39m[27m[22m [36mv2.1.9 [39m[90mC:/local_working_projects/digital_in_browser[39m

 [32m✓[39m src/solver/analog/__tests__/ngspice-parity/resistive-divider.test.ts [2m([22m[2m2 tests[22m[2m)[22m[90m 72[2mms[22m[39m
v_in: no DC value, transient time 0 value usedv_in: no DC value, transient time 0 value used [31m❯[39m src/solver/analog/__tests__/ngspice-parity/mosfet-inverter.test.ts [2m([22m[2m2 tests[22m[2m | [22m[31m2 failed[39m[2m)[22m[90m 96[2mms[22m[39m
[31m   [31m×[31m MOSFET inverter — ngspice DC-OP + transient parity[2m > [22mdc_op_match[90m 35[2mms[22m[31m[39m
[31m     → Matrix-entry structural divergence at step=0 attempt=0 iter=0:
  ours has 11 entries; ngspice has 11 entries.
  6 entries present in ours but missing in ngspice: (row=2, col=1, val=0), (row=1, col=2, val=0), (row=5, col=2, val=1), (row=4, col=3, val=1), (row=3, col=4, val=1), (row=2, col=5, val=1)
  6 entries present in ngspice but missing in ours: (row=5, col=1, val=1), (row=3, col=2, val=-0.0001), (row=4, col=2, val=1), (row=2, col=3, val=-0.0001), (row=2, col=4, val=1), (row=1, col=5, val=1)
  5 entries with same (row,col) but different values: 1,1 ours=0.000100000001 ngspice=0, 3,1 ours=-0.0001 ngspice=0, 2,2 ours=0 ngspice=0.0001, 1,3 ours=-0.0001 ngspice=0, 3,3 ours=0.0001 ngspice=0.000100000001
This is an MNA-layout architectural error. Equation counts match but the internal sparse-matrix indices diverge — most likely cause is per-device-type load order being out of sync with ngspice's DEVices[] iteration order (see compileAnalogPartition's ngspiceLoadOrder sort, and core/analog-types.ts NGSPICE_LOAD_ORDER). Do NOT reconcile at the harness level.[39m
[31m   [31m×[31m MOSFET inverter — ngspice DC-OP + transient parity[2m > [22mtransient_match[90m 61[2mms[22m[31m[39m
[31m     → Matrix-entry structural divergence at step=0 attempt=0 iter=0:
  ours has 11 entries; ngspice has 11 entries.
  6 entries present in ours but missing in ngspice: (row=2, col=1, val=0), (row=1, col=2, val=0), (row=5, col=2, val=1), (row=4, col=3, val=1), (row=3, col=4, val=1), (row=2, col=5, val=1)
  6 entries present in ngspice but missing in ours: (row=5, col=1, val=1), (row=3, col=2, val=-0.0001), (row=4, col=2, val=1), (row=2, col=3, val=-0.0001), (row=2, col=4, val=1), (row=1, col=5, val=1)
  5 entries with same (row,col) but different values: 1,1 ours=0.000100000001 ngspice=0, 3,1 ours=-0.0001 ngspice=0, 2,2 ours=0 ngspice=0.0001, 1,3 ours=-0.0001 ngspice=0, 3,3 ours=0.0001 ngspice=0.000100000001
This is an MNA-layout architectural error. Equation counts match but the internal sparse-matrix indices diverge — most likely cause is per-device-type load order being out of sync with ngspice's DEVices[] iteration order (see compileAnalogPartition's ngspiceLoadOrder sort, and core/analog-types.ts NGSPICE_LOAD_ORDER). Do NOT reconcile at the harness level.[39m
v1: no DC value, transient time 0 value used [31m❯[39m src/solver/analog/__tests__/ngspice-parity/rlc-oscillator.test.ts [2m([22m[2m1 test[22m[2m | [22m[31m1 failed[39m[2m)[22m[33m 565[2mms[22m[39m
[31m   [31m×[31m RLC oscillator transient parity — Task 7.3.2[2m > [22mtransient_oscillation_match[33m 565[2mms[22m[31m[39m
[31m     → Matrix-entry structural divergence at step=0 attempt=0 iter=0:
  ours has 11 entries; ngspice has 12 entries.
  6 entries present in ours but missing in ngspice: (row=4, col=1, val=-0.1), (row=3, col=2, val=-1), (row=2, col=3, val=-1), (row=1, col=4, val=-0.1), (row=5, col=4, val=1), (row=4, col=5, val=1)
  7 entries present in ngspice but missing in ours: (row=5, col=1, val=1), (row=4, col=2, val=1), (row=3, col=3, val=0), (row=4, col=3, val=-1), (row=3, col=4, val=-1), (row=2, col=4, val=1), (row=1, col=5, val=1)
  4 entries with same (row,col) but different values: 2,1 ours=1 ngspice=-0.1, 1,2 ours=1 ngspice=-0.1, 2,2 ours=0 ngspice=0.1, 4,4 ours=0.1 ngspice=0
This is an MNA-layout architectural error. Equation counts match but the internal sparse-matrix indices diverge — most likely cause is per-device-type load order being out of sync with ngspice's DEVices[] iteration order (see compileAnalogPartition's ngspiceLoadOrder sort, and core/analog-types.ts NGSPICE_LOAD_ORDER). Do NOT reconcile at the harness level.[39m
v1: no DC value, transient time 0 value used [31m❯[39m src/solver/analog/__tests__/ngspice-parity/diode-bridge.test.ts [2m([22m[2m1 test[22m[2m | [22m[31m1 failed[39m[2m)[22m[90m 84[2mms[22m[39m
[31m   [31m×[31m Diode bridge rectifier — ngspice transient parity[2m > [22mtransient_rectification_match[90m 84[2mms[22m[31m[39m
[31m     → Matrix-entry structural divergence at step=0 attempt=0 iter=0:
  ours has 11 entries; ngspice has 11 entries.
  4 entries present in ours but missing in ngspice: (row=2, col=1, val=-0.7071067811875474), (row=1, col=2, val=-0.7071067811875474), (row=4, col=3, val=-1), (row=3, col=4, val=-1)
  4 entries present in ngspice but missing in ours: (row=3, col=1, val=-0.7071067811875484), (row=4, col=2, val=-1), (row=1, col=3, val=-0.7071067811875484), (row=2, col=4, val=-1)
  5 entries with same (row,col) but different values: 1,1 ours=1.4142135623750949 ngspice=1.4142135623750969, 2,2 ours=1.4152135623750948 ngspice=1.4142135623750969, 3,2 ours=-0.7071067811875474 ngspice=-0.7071067811875484, 2,3 ours=-0.7071067811875474 ngspice=-0.7071067811875484, 3,3 ours=1.4142135623750949 ngspice=1.4152135623750968
This is an MNA-layout architectural error. Equation counts match but the internal sparse-matrix indices diverge — most likely cause is per-device-type load order being out of sync with ngspice's DEVices[] iteration order (see compileAnalogPartition's ngspiceLoadOrder sort, and core/analog-types.ts NGSPICE_LOAD_ORDER). Do NOT reconcile at the harness level.[39m
 [32m✓[39m src/solver/analog/__tests__/ngspice-parity/load-order-parity.test.ts [2m([22m[2m1 test[22m[2m)[22m[90m 25[2mms[22m[39m
 [31m❯[39m src/solver/analog/__tests__/ngspice-parity/diode-resistor.test.ts [2m([22m[2m1 test[22m[2m | [22m[31m1 failed[39m[2m)[22m[90m 34[2mms[22m[39m
[31m   [31m×[31m Diode + resistor DC-OP parity[2m > [22mdc_op_pnjlim_match[90m 33[2mms[22m[31m[39m
[31m     → Matrix-entry structural divergence at step=0 attempt=0 iter=0:
  ours has 6 entries; ngspice has 6 entries.
  2 entries present in ours but missing in ngspice: (row=3, col=2, val=1), (row=2, col=3, val=1)
  2 entries present in ngspice but missing in ours: (row=3, col=1, val=1), (row=1, col=3, val=1)
  2 entries with same (row,col) but different values: 1,1 ours=0.7081067811875474 ngspice=0.001, 2,2 ours=0.001 ngspice=0.7081067811875484
This is an MNA-layout architectural error. Equation counts match but the internal sparse-matrix indices diverge — most likely cause is per-device-type load order being out of sync with ngspice's DEVices[] iteration order (see compileAnalogPartition's ngspiceLoadOrder sort, and core/analog-types.ts NGSPICE_LOAD_ORDER). Do NOT reconcile at the harness level.[39m
v1: no DC value, transient time 0 value used[90mstdout[2m | src/solver/analog/__tests__/ngspice-parity/_diag-rc-transient.test.ts[2m > [22m[2mDIAG rc-transient[2m > [22m[2mdump step 0..3 structure
[22m[39m
=== OURS (steps=245) ===
Step 0: stepStart=0 stepEnd=1.0000000000000001e-11 accIdx=4 attempts=5
  Attempt 0: phase=dcopInitJct dt=0 (0000000000000000) outcome=dcopPhaseHandoff iters=1
    Iter 0: initMode=MODETRANOP|MODEINITJCT delta=0 order=1 noncon=1 converged=false
      prevV=[0(0000000000000000),0(0000000000000000),0(0000000000000000),0(0000000000000000)]
      v    =[0(0000000000000000),0(0000000000000000),0(0000000000000000),0(0000000000000000)]
      C1: GEQ=0,IEQ=0,V=0,Q=0,CCAP=0
  Attempt 1: phase=dcopInitFix dt=0 (0000000000000000) outcome=dcopPhaseHandoff iters=1
    Iter 0: initMode=MODETRANOP|MODEINITFIX delta=0 order=1 noncon=0 converged=true
      prevV=[0(0000000000000000),0(0000000000000000),0(0000000000000000),0(0000000000000000)]
      v    =[0(0000000000000000),0(0000000000000000),0(0000000000000000),0(0000000000000000)]
      C1: GEQ=0,IEQ=0,V=0,Q=0,CCAP=0
  Attempt 2: phase=dcopInitFloat dt=0 (0000000000000000) outcome=dcopSubSolveConverged iters=1
    Iter 0: initMode=MODETRANOP|MODEINITFLOAT delta=0 order=1 noncon=0 converged=true
      prevV=[0(0000000000000000),0(0000000000000000),0(0000000000000000),0(0000000000000000)]
      v    =[0(0000000000000000),0(0000000000000000),0(0000000000000000),0(0000000000000000)]
      C1: GEQ=0,IEQ=0,V=0,Q=0,CCAP=0
  Attempt 3: phase=tranInit dt=1.0000000000000001e-11 (3da5fd7fe1796496) outcome=tranPhaseHandoff iters=1
    Iter 0: initMode=MODETRAN|MODEINITTRAN delta=1.0000000000000001e-11 order=1 noncon=1 converged=false
      prevV=[0(0000000000000000),0(0000000000000000),0(0000000000000000),0(0000000000000000)]
      v    =[0(0000000000000000),0.01(3f847ae147ae147b),9.999999900000004e-11(3ddb7cdfd53b2649),-0.000009999999900000003(bee4f8b5855eb0a5)]
      C1: GEQ=99999.99999999999,IEQ=0,V=0,Q=0,CCAP=0
  Attempt 4: phase=tranNR dt=1.0000000000000001e-11 (3da5fd7fe1796496) outcome=accepted iters=1
    Iter 0: initMode=MODETRAN|MODEINITFLOAT delta=1.0000000000000001e-11 order=1 noncon=0 converged=true
      prevV=[0(0000000000000000),0.01(3f847ae147ae147b),9.999999900000004e-11(3ddb7cdfd53b2649),-0.000009999999900000003(bee4f8b5855eb0a5)]
      v    =[0(0000000000000000),0.01(3f847ae147ae147b),9.999999900000004e-11(3ddb7cdfd53b2649),-0.000009999999900000003(bee4f8b5855eb0a5)]
      C1: GEQ=99999.99999999999,IEQ=0,V=9.999999900000004e-11,Q=9.999999900000003e-17,CCAP=0.000009999999900000001
Step 1: stepStart=1.0000000000000001e-11 stepEnd=2.0000000000000002e-11 accIdx=1 attempts=2
  Attempt 0: phase=tranPredictor dt=1.0000000000000001e-11 (3da5fd7fe1796496) outcome=tranPhaseHandoff iters=1
    Iter 0: initMode=MODETRAN|MODEINITPRED delta=1.0000000000000001e-11 order=1 noncon=1 converged=false
      prevV=[0(0000000000000000),0.01(3f847ae147ae147b),9.999999900000004e-11(3ddb7cdfd53b2649),-0.000009999999900000003(bee4f8b5855eb0a5)]
      v    =[0(0000000000000000),0.02(3f947ae147ae147b),2.999999960000001e-10(3df49da7dec536da),-0.000019999999700000007(bef4f8b5839c547f)]
      C1: GEQ=99999.99999999999,IEQ=-0.000009999999900000001,V=9.999999900000004e-11,Q=9.999999900000003e-17,CCAP=0
  Attempt 1: phase=tranNR dt=1.0000000000000001e-11 (3da5fd7fe1796496) outcome=accepted iters=1
    Iter 0: initMode=MODETRAN|MODEINITFLOAT delta=1.0000000000000001e-11 order=1 noncon=0 converged=true
      prevV=[0(0000000000000000),0.02(3f947ae147ae147b),2.999999960000001e-10(3df49da7dec536da),-0.000019999999700000007(bef4f8b5839c547f)]
      v    =[0(0000000000000000),0.02(3f947ae147ae147b),2.999999960000001e-10(3df49da7dec536da),-0.000019999999700000007(bef4f8b5839c547f)]
      C1: GEQ=99999.99999999999,IEQ=-0.000009999999900000001,V=2.999999960000001e-10,Q=2.999999960000001e-16,CCAP=0.000019999999700000007
Step 2: stepStart=2.0000000000000002e-11 stepEnd=4.0000000000000004e-11 accIdx=1 attempts=2
  Attempt 0: phase=tranPredictor dt=2.0000000000000002e-11 (3db5fd7fe1796496) outcome=tranPhaseHandoff iters=1
    Iter 0: initMode=MODETRAN|MODEINITPRED delta=2.0000000000000002e-11 order=2 noncon=1 converged=false
      prevV=[0(0000000000000000),0.02(3f947ae147ae147b),2.999999960000001e-10(3df49da7dec536da),-0.000019999999700000007(bef4f8b5839c547f)]
      v    =[0(0000000000000000),0.04(3fa47ae147ae147b),8.999999840000005e-10(3e0eec7bcbd9868e),-0.00003999999910000002(bf04f8b580f8ca46)]
      C1: GEQ=99999.99999999999,IEQ=-0.000049999999300000015,V=2.999999960000001e-10,Q=2.999999960000001e-16,CCAP=-0.000019999999700000007
  Attempt 1: phase=tranNR dt=2.0000000000000002e-11 (3db5fd7fe1796496) outcome=accepted iters=1
    Iter 0: initMode=MODETRAN|MODEINITFLOAT delta=2.0000000000000002e-11 order=2 noncon=0 converged=true
      prevV=[0(0000000000000000),0.04(3fa47ae147ae147b),8.999999840000005e-10(3e0eec7bcbd9868e),-0.00003999999910000002(bf04f8b580f8ca46)]
      v    =[0(0000000000000000),0.04(3fa47ae147ae147b),8.999999840000003e-10(3e0eec7bcbd9868c),-0.00003999999910000002(bf04f8b580f8ca46)]
      C1: GEQ=99999.99999999999,IEQ=-0.0000499999993,V=8.999999840000005e-10,Q=8.999999840000005e-16,CCAP=0.00003999999910000003
Step 3: stepStart=4.0000000000000004e-11 stepEnd=8.000000000000001e-11 accIdx=1 attempts=2
  Attempt 0: phase=tranPredictor dt=4.0000000000000004e-11 (3dc5fd7fe1796496) outcome=tranPhaseHandoff iters=1
    Iter 0: initMode=MODETRAN|MODEINITPRED delta=4.0000000000000004e-11 order=2 noncon=1 converged=false
      prevV=[0(0000000000000000),0.04(3fa47ae147ae147b),8.999999840000005e-10(3e0eec7bcbd9868e),-0.00003999999910000002(bf04f8b580f8ca46)]
      v    =[0(0000000000000000),0.08(3fb47ae147ae147b),3.299999900000004e-9(3e2c58c6ca3d2266),-0.00007999999670000011(bf14f8b57a5ff0bb)]
      C1: GEQ=49999.99999999999,IEQ=-0.00008499999830000006,V=8.999999840000005e-10,Q=8.999999840000005e-16,CCAP=-0.00003999999910000003
  Attempt 1: phase=tranNR dt=4.0000000000000004e-11 (3dc5fd7fe1796496) outcome=accepted iters=1
    Iter 0: initMode=MODETRAN|MODEINITFLOAT delta=4.0000000000000004e-11 order=2 noncon=0 converged=true
      prevV=[0(0000000000000000),0.08(3fb47ae147ae147b),3.299999900000004e-9(3e2c58c6ca3d2266),-0.00007999999670000011(bf14f8b57a5ff0bb)]
      v    =[0(0000000000000000),0.08(3fb47ae147ae147b),3.299999900000004e-9(3e2c58c6ca3d2266),-0.00007999999670000011(bf14f8b57a5ff0bb)]
      C1: GEQ=49999.99999999999,IEQ=-0.00008499999830000006,V=3.299999900000004e-9,Q=3.2999999000000035e-15,CCAP=0.0000799999967000001

=== NGSPICE (aligned) (steps=245) ===
Step 0: stepStart=0 stepEnd=1.0000000000000001e-11 accIdx=4 attempts=5
  Attempt 0: phase=dcopInitJct dt=0 (0000000000000000) outcome=nrFailedRetry iters=1
    Iter 0: initMode=MODETRANOP|MODEINITJCT delta=0 order=1 noncon=1 converged=false
      prevV=[0(0000000000000000),0(0000000000000000),0(0000000000000000),0(0000000000000000)]
      v    =[0(0000000000000000),0(0000000000000000),0(0000000000000000),0(0000000000000000)]
      C1: Q=0,CCAP=0
  Attempt 1: phase=dcopInitFix dt=0 (0000000000000000) outcome=dcopSubSolveConverged iters=1
    Iter 0: initMode=MODETRANOP|MODEINITFIX delta=0 order=1 noncon=0 converged=true
      prevV=[0(0000000000000000),0(0000000000000000),0(0000000000000000),0(0000000000000000)]
      v    =[0(0000000000000000),0(0000000000000000),0(0000000000000000),0(0000000000000000)]
      C1: Q=0,CCAP=0
  Attempt 2: phase=dcopInitFloat dt=0 (0000000000000000) outcome=dcopSubSolveConverged iters=1
    Iter 0: initMode=MODETRANOP|MODEINITFLOAT delta=0 order=1 noncon=0 converged=true
      prevV=[0(0000000000000000),0(0000000000000000),0(0000000000000000),0(0000000000000000)]
      v    =[0(0000000000000000),0(0000000000000000),0(0000000000000000),0(0000000000000000)]
      C1: Q=0,CCAP=0
  Attempt 3: phase=tranInit dt=1.0000000000000001e-11 (3da5fd7fe1796496) outcome=tranPhaseHandoff iters=1
    Iter 0: initMode=MODETRAN|MODEINITTRAN delta=1.0000000000000001e-11 order=1 noncon=1 converged=false
      prevV=[0(0000000000000000),0(0000000000000000),0(0000000000000000),0(0000000000000000)]
      v    =[0(0000000000000000),0.01(3f847ae147ae147b),9.999999900000004e-11(3ddb7cdfd53b2649),-0.000009999999900000003(bee4f8b5855eb0a5)]
      C1: Q=0,CCAP=0
  Attempt 4: phase=tranNR dt=1.0000000000000001e-11 (3da5fd7fe1796496) outcome=accepted iters=1
    Iter 0: initMode=MODETRAN|MODEINITFLOAT delta=1.0000000000000001e-11 order=1 noncon=0 converged=true
      prevV=[0(0000000000000000),0.01(3f847ae147ae147b),9.999999900000004e-11(3ddb7cdfd53b2649),-0.000009999999900000003(bee4f8b5855eb0a5)]
      v    =[0(0000000000000000),0.01(3f847ae147ae147b),9.999999900000004e-11(3ddb7cdfd53b2649),-0.000009999999900000003(bee4f8b5855eb0a5)]
      C1: Q=9.999999900000003e-17,CCAP=0.000009999999900000001
Step 1: stepStart=1.0000000000000001e-11 stepEnd=2.0000000000000002e-11 accIdx=1 attempts=2
  Attempt 0: phase=tranPredictor dt=1.0000000000000001e-11 (3da5fd7fe1796496) outcome=tranPhaseHandoff iters=1
    Iter 0: initMode=MODETRAN|MODEINITPRED delta=1.0000000000000001e-11 order=1 noncon=1 converged=false
      prevV=[0(0000000000000000),0.01(3f847ae147ae147b),9.999999900000004e-11(3ddb7cdfd53b2649),-0.000009999999900000003(bee4f8b5855eb0a5)]
      v    =[0(0000000000000000),0.02(3f947ae147ae147b),2.999999960000001e-10(3df49da7dec536da),-0.000019999999700000007(bef4f8b5839c547f)]
      C1: Q=9.999999900000003e-17,CCAP=0
  Attempt 1: phase=tranNR dt=1.0000000000000001e-11 (3da5fd7fe1796496) outcome=accepted iters=1
    Iter 0: initMode=MODETRAN|MODEINITFLOAT delta=1.0000000000000001e-11 order=1 noncon=0 converged=true
      prevV=[0(0000000000000000),0.02(3f947ae147ae147b),2.999999960000001e-10(3df49da7dec536da),-0.000019999999700000007(bef4f8b5839c547f)]
      v    =[0(0000000000000000),0.02(3f947ae147ae147b),2.999999960000001e-10(3df49da7dec536da),-0.000019999999700000007(bef4f8b5839c547f)]
      C1: Q=2.999999960000001e-16,CCAP=0.000019999999700000007
Step 2: stepStart=2.0000000000000002e-11 stepEnd=4.0000000000000004e-11 accIdx=1 attempts=2
  Attempt 0: phase=tranPredictor dt=2.0000000000000002e-11 (3db5fd7fe1796496) outcome=tranPhaseHandoff iters=1
    Iter 0: initMode=MODETRAN|MODEINITPRED delta=2.0000000000000002e-11 order=2 noncon=1 converged=false
      prevV=[0(0000000000000000),0.02(3f947ae147ae147b),2.999999960000001e-10(3df49da7dec536da),-0.000019999999700000007(bef4f8b5839c547f)]
      v    =[0(0000000000000000),0.04(3fa47ae147ae147b),8.999999840000004e-10(3e0eec7bcbd9868d),-0.00003999999910000002(bf04f8b580f8ca46)]
      C1: Q=2.999999960000001e-16,CCAP=-0.000019999999700000007
  Attempt 1: phase=tranNR dt=2.0000000000000002e-11 (3db5fd7fe1796496) outcome=accepted iters=1
    Iter 0: initMode=MODETRAN|MODEINITFLOAT delta=2.0000000000000002e-11 order=2 noncon=0 converged=true
      prevV=[0(0000000000000000),0.04(3fa47ae147ae147b),8.999999840000004e-10(3e0eec7bcbd9868d),-0.00003999999910000002(bf04f8b580f8ca46)]
      v    =[0(0000000000000000),0.04(3fa47ae147ae147b),8.999999840000004e-10(3e0eec7bcbd9868d),-0.00003999999910000002(bf04f8b580f8ca46)]
      C1: Q=8.999999840000003e-16,CCAP=0.000039999999100000006
Step 3: stepStart=4.0000000000000004e-11 stepEnd=8.000000000000001e-11 accIdx=1 attempts=2
  Attempt 0: phase=tranPredictor dt=4.0000000000000004e-11 (3dc5fd7fe1796496) outcome=tranPhaseHandoff iters=1
    Iter 0: initMode=MODETRAN|MODEINITPRED delta=4.0000000000000004e-11 order=2 noncon=1 converged=false
      prevV=[0(0000000000000000),0.04(3fa47ae147ae147b),8.999999840000004e-10(3e0eec7bcbd9868d),-0.00003999999910000002(bf04f8b580f8ca46)]
      v    =[0(0000000000000000),0.08(3fb47ae147ae147b),3.299999900000003e-9(3e2c58c6ca3d2264),-0.00007999999670000011(bf14f8b57a5ff0bb)]
      C1: Q=8.999999840000003e-16,CCAP=-0.000039999999100000006
  Attempt 1: phase=tranNR dt=4.0000000000000004e-11 (3dc5fd7fe1796496) outcome=accepted iters=1
    Iter 0: initMode=MODETRAN|MODEINITFLOAT delta=4.0000000000000004e-11 order=2 noncon=0 converged=true
      prevV=[0(0000000000000000),0.08(3fb47ae147ae147b),3.299999900000003e-9(3e2c58c6ca3d2264),-0.00007999999670000011(bf14f8b57a5ff0bb)]
      v    =[0(0000000000000000),0.08(3fb47ae147ae147b),3.299999900000003e-9(3e2c58c6ca3d2264),-0.00007999999670000011(bf14f8b57a5ff0bb)]
      C1: Q=3.2999999000000028e-15,CCAP=0.00007999999670000008

 [32m✓[39m src/solver/analog/__tests__/ngspice-parity/_diag-rc-transient.test.ts [2m([22m[2m1 test[22m[2m)[22m[90m 59[2mms[22m[39m
 [31m❯[39m src/solver/analog/__tests__/ngspice-parity/bjt-common-emitter.test.ts [2m([22m[2m1 test[22m[2m | [22m[31m1 failed[39m[2m)[22m[90m 37[2mms[22m[39m
[31m   [31m×[31m bjt-common-emitter DC-OP parity[2m > [22mdc_op_match[90m 36[2mms[22m[31m[39m
[31m     → Matrix-entry structural divergence at step=0 attempt=0 iter=0:
  ours has 11 entries; ngspice has 11 entries.
  2 entries present in ours but missing in ngspice: (row=4, col=3, val=1), (row=3, col=4, val=1)
  2 entries present in ngspice but missing in ours: (row=4, col=1, val=1), (row=1, col=4, val=1)
  9 entries with same (row,col) but different values: 1,1 ours=0.007081067814252109 ngspice=0.00101, 2,1 ours=0.7071067811847742 ngspice=-0.00001, 3,1 ours=-0.00001 ngspice=-0.001, 1,2 ours=-1.3866350114911383e-12 ngspice=-0.00001, 2,2 ours=0.0010000000027732701 ngspice=0.007081067814067907, 3,2 ours=-0.001 ngspice=0.7071067811851437, 1,3 ours=-0.00001 ngspice=-0.001, 2,3 ours=-0.001 ngspice=-1.2024219408670245e-12, ...
This is an MNA-layout architectural error. Equation counts match but the internal sparse-matrix indices diverge — most likely cause is per-device-type load order being out of sync with ngspice's DEVices[] iteration order (see compileAnalogPartition's ngspiceLoadOrder sort, and core/analog-types.ts NGSPICE_LOAD_ORDER). Do NOT reconcile at the harness level.[39m
 [32m✓[39m src/solver/analog/__tests__/ngspice-parity/_diag-resistive-tran.test.ts [2m([22m[2m1 test[22m[2m)[22m[90m 41[2mms[22m[39m
[90mstdout[2m | src/solver/analog/__tests__/ngspice-parity/_diag-resistive-tran.test.ts[2m > [22m[2mDIAG resistive divider transient[2m > [22m[2mdump step 0 structure
[22m[39m
=== OURS (steps=107) ===
Step 0: stepStart=0 stepEnd=1.0000000000000002e-7 accIdx=4 attempts=5
  Attempt 0: phase=dcopInitJct dt=0 (0000000000000000) outcome=dcopPhaseHandoff iters=1
    Iter 0: initMode=MODETRANOP|MODEINITJCT delta=0 (0000000000000000) order=1 noncon=1
  Attempt 1: phase=dcopInitFix dt=0 (0000000000000000) outcome=dcopPhaseHandoff iters=1
    Iter 0: initMode=MODETRANOP|MODEINITFIX delta=0 (0000000000000000) order=1 noncon=0
  Attempt 2: phase=dcopInitFloat dt=0 (0000000000000000) outcome=dcopSubSolveConverged iters=1
    Iter 0: initMode=MODETRANOP|MODEINITFLOAT delta=0 (0000000000000000) order=1 noncon=0
  Attempt 3: phase=tranInit dt=1.0000000000000002e-7 (3e7ad7f29abcaf4a) outcome=tranPhaseHandoff iters=1
    Iter 0: initMode=MODETRAN|MODEINITTRAN delta=1.0000000000000002e-7 (3e7ad7f29abcaf4a) order=1 noncon=1
  Attempt 4: phase=tranNR dt=1.0000000000000002e-7 (3e7ad7f29abcaf4a) outcome=accepted iters=1
    Iter 0: initMode=MODETRAN|MODEINITFLOAT delta=1.0000000000000002e-7 (3e7ad7f29abcaf4a) order=1 noncon=0
Step 1: stepStart=1.0000000000000002e-7 stepEnd=2.0000000000000004e-7 accIdx=1 attempts=2
  Attempt 0: phase=tranPredictor dt=1.0000000000000002e-7 (3e7ad7f29abcaf4a) outcome=tranPhaseHandoff iters=1
    Iter 0: initMode=MODETRAN|MODEINITPRED delta=1.0000000000000002e-7 (3e7ad7f29abcaf4a) order=1 noncon=1
  Attempt 1: phase=tranNR dt=1.0000000000000002e-7 (3e7ad7f29abcaf4a) outcome=accepted iters=1
    Iter 0: initMode=MODETRAN|MODEINITFLOAT delta=1.0000000000000002e-7 (3e7ad7f29abcaf4a) order=1 noncon=0
Step 2: stepStart=2.0000000000000004e-7 stepEnd=4.000000000000001e-7 accIdx=1 attempts=2
  Attempt 0: phase=tranPredictor dt=2.0000000000000004e-7 (3e8ad7f29abcaf4a) outcome=tranPhaseHandoff iters=1
    Iter 0: initMode=MODETRAN|MODEINITPRED delta=2.0000000000000004e-7 (3e8ad7f29abcaf4a) order=2 noncon=1
  Attempt 1: phase=tranNR dt=2.0000000000000004e-7 (3e8ad7f29abcaf4a) outcome=accepted iters=1
    Iter 0: initMode=MODETRAN|MODEINITFLOAT delta=2.0000000000000004e-7 (3e8ad7f29abcaf4a) order=2 noncon=0

=== NGSPICE (aligned) (steps=107) ===
Step 0: stepStart=0 stepEnd=1.0000000000000002e-7 accIdx=4 attempts=5
  Attempt 0: phase=dcopInitJct dt=0 (0000000000000000) outcome=nrFailedRetry iters=1
    Iter 0: initMode=MODETRANOP|MODEINITJCT delta=0 (0000000000000000) order=1 noncon=1
  Attempt 1: phase=dcopInitFix dt=0 (0000000000000000) outcome=dcopSubSolveConverged iters=1
    Iter 0: initMode=MODETRANOP|MODEINITFIX delta=0 (0000000000000000) order=1 noncon=0
  Attempt 2: phase=dcopInitFloat dt=0 (0000000000000000) outcome=dcopSubSolveConverged iters=1
    Iter 0: initMode=MODETRANOP|MODEINITFLOAT delta=0 (0000000000000000) order=1 noncon=0
  Attempt 3: phase=tranInit dt=1.0000000000000002e-7 (3e7ad7f29abcaf4a) outcome=tranPhaseHandoff iters=1
    Iter 0: initMode=MODETRAN|MODEINITTRAN delta=1.0000000000000002e-7 (3e7ad7f29abcaf4a) order=1 noncon=1
  Attempt 4: phase=tranNR dt=1.0000000000000002e-7 (3e7ad7f29abcaf4a) outcome=accepted iters=1
    Iter 0: initMode=MODETRAN|MODEINITFLOAT delta=1.0000000000000002e-7 (3e7ad7f29abcaf4a) order=1 noncon=0
Step 1: stepStart=1.0000000000000002e-7 stepEnd=2.0000000000000004e-7 accIdx=1 attempts=2
  Attempt 0: phase=tranPredictor dt=1.0000000000000002e-7 (3e7ad7f29abcaf4a) outcome=tranPhaseHandoff iters=1
    Iter 0: initMode=MODETRAN|MODEINITPRED delta=1.0000000000000002e-7 (3e7ad7f29abcaf4a) order=1 noncon=1
  Attempt 1: phase=tranNR dt=1.0000000000000002e-7 (3e7ad7f29abcaf4a) outcome=accepted iters=1
    Iter 0: initMode=MODETRAN|MODEINITFLOAT delta=1.0000000000000002e-7 (3e7ad7f29abcaf4a) order=1 noncon=0
Step 2: stepStart=2.0000000000000004e-7 stepEnd=4.000000000000001e-7 accIdx=1 attempts=2
  Attempt 0: phase=tranPredictor dt=2.0000000000000004e-7 (3e8ad7f29abcaf4a) outcome=tranPhaseHandoff iters=1
    Iter 0: initMode=MODETRAN|MODEINITPRED delta=2.0000000000000004e-7 (3e8ad7f29abcaf4a) order=2 noncon=1
  Attempt 1: phase=tranNR dt=2.0000000000000004e-7 (3e8ad7f29abcaf4a) outcome=accepted iters=1
    Iter 0: initMode=MODETRAN|MODEINITFLOAT delta=2.0000000000000004e-7 (3e8ad7f29abcaf4a) order=2 noncon=0

v1: no DC value, transient time 0 value used [31m❯[39m src/solver/analog/__tests__/ngspice-parity/rc-transient.test.ts [2m([22m[2m1 test[22m[2m | [22m[31m1 failed[39m[2m)[22m[90m 61[2mms[22m[39m
[31m   [31m×[31m RC transient parity — Task 7.3.1[2m > [22mtransient_per_step_match[90m 60[2mms[22m[31m[39m
[31m     → step=2 iter=0 rhsOld[2]: ours=8.999999840000005e-10 ngspice=8.999999840000004e-10 absDelta=1.0339757656912846e-25: expected 1.0339757656912846e-25 to be +0 // Object.is equality[39m
 [31m❯[39m src/solver/analog/__tests__/ngspice-parity/_diag-diode-resistor-tran.test.ts [2m([22m[2m1 test[22m[2m | [22m[31m1 failed[39m[2m)[22m[90m 65[2mms[22m[39m
[31m   [31m×[31m DIAG diode + resistor transient parity[2m > [22mdump+compare step 0 attempt structure[90m 64[2mms[22m[31m[39m
[31m     → Matrix-entry structural divergence at step=0 attempt=0 iter=0:
  ours has 6 entries; ngspice has 6 entries.
  2 entries present in ours but missing in ngspice: (row=3, col=2, val=1), (row=2, col=3, val=1)
  2 entries present in ngspice but missing in ours: (row=3, col=1, val=1), (row=1, col=3, val=1)
  2 entries with same (row,col) but different values: 1,1 ours=0.7081067811875474 ngspice=0.001, 2,2 ours=0.001 ngspice=0.7081067811875484
This is an MNA-layout architectural error. Equation counts match but the internal sparse-matrix indices diverge — most likely cause is per-device-type load order being out of sync with ngspice's DEVices[] iteration order (see compileAnalogPartition's ngspiceLoadOrder sort, and core/analog-types.ts NGSPICE_LOAD_ORDER). Do NOT reconcile at the harness level.[39m

[31m⎯⎯⎯⎯⎯⎯⎯[1m[7m Failed Tests 8 [27m[22m⎯⎯⎯⎯⎯⎯⎯[39m

[31m[1m[7m FAIL [27m[22m[39m src/solver/analog/__tests__/ngspice-parity/bjt-common-emitter.test.ts[2m > [22mbjt-common-emitter DC-OP parity[2m > [22mdc_op_match
[31m[1mError[22m: Matrix-entry structural divergence at step=0 attempt=0 iter=0:
  ours has 11 entries; ngspice has 11 entries.
  2 entries present in ours but missing in ngspice: (row=4, col=3, val=1), (row=3, col=4, val=1)
  2 entries present in ngspice but missing in ours: (row=4, col=1, val=1), (row=1, col=4, val=1)
  9 entries with same (row,col) but different values: 1,1 ours=0.007081067814252109 ngspice=0.00101, 2,1 ours=0.7071067811847742 ngspice=-0.00001, 3,1 ours=-0.00001 ngspice=-0.001, 1,2 ours=-1.3866350114911383e-12 ngspice=-0.00001, 2,2 ours=0.0010000000027732701 ngspice=0.007081067814067907, 3,2 ours=-0.001 ngspice=0.7071067811851437, 1,3 ours=-0.00001 ngspice=-0.001, 2,3 ours=-0.001 ngspice=-1.2024219408670245e-12, ...
This is an MNA-layout architectural error. Equation counts match but the internal sparse-matrix indices diverge — most likely cause is per-device-type load order being out of sync with ngspice's DEVices[] iteration order (see compileAnalogPartition's ngspiceLoadOrder sort, and core/analog-types.ts NGSPICE_LOAD_ORDER). Do NOT reconcile at the harness level.[39m
[36m [2m❯[22m ComparisonSession._assertFirstIterationMatrixEntriesMatch src/solver/analog/__tests__/harness/comparison-session.ts:[2m2759:11[22m[39m
    [90m2757| [39m        "core/analog-types.ts NGSPICE_LOAD_ORDER). Do NOT reconcile at…
    [90m2758| [39m    );
    [90m2759| [39m    throw new Error(lines.join("\n"));
    [90m   | [39m          [31m^[39m
    [90m2760| [39m  }
    [90m2761| [39m
[90m [2m❯[22m ComparisonSession._assertMatrixStructuralParity src/solver/analog/__tests__/harness/comparison-session.ts:[2m2626:12[22m[39m
[90m [2m❯[22m ComparisonSession.runDcOp src/solver/analog/__tests__/harness/comparison-session.ts:[2m587:10[22m[39m
[90m [2m❯[22m src/solver/analog/__tests__/ngspice-parity/bjt-common-emitter.test.ts:[2m34:5[22m[39m

[31m[2m⎯⎯⎯⎯⎯⎯⎯⎯⎯⎯⎯⎯⎯⎯⎯⎯⎯⎯⎯⎯⎯⎯⎯⎯[1/8]⎯[22m[39m

[31m[1m[7m FAIL [27m[22m[39m src/solver/analog/__tests__/ngspice-parity/diode-bridge.test.ts[2m > [22mDiode bridge rectifier — ngspice transient parity[2m > [22mtransient_rectification_match
[31m[1mError[22m: Matrix-entry structural divergence at step=0 attempt=0 iter=0:
  ours has 11 entries; ngspice has 11 entries.
  4 entries present in ours but missing in ngspice: (row=2, col=1, val=-0.7071067811875474), (row=1, col=2, val=-0.7071067811875474), (row=4, col=3, val=-1), (row=3, col=4, val=-1)
  4 entries present in ngspice but missing in ours: (row=3, col=1, val=-0.7071067811875484), (row=4, col=2, val=-1), (row=1, col=3, val=-0.7071067811875484), (row=2, col=4, val=-1)
  5 entries with same (row,col) but different values: 1,1 ours=1.4142135623750949 ngspice=1.4142135623750969, 2,2 ours=1.4152135623750948 ngspice=1.4142135623750969, 3,2 ours=-0.7071067811875474 ngspice=-0.7071067811875484, 2,3 ours=-0.7071067811875474 ngspice=-0.7071067811875484, 3,3 ours=1.4142135623750949 ngspice=1.4152135623750968
This is an MNA-layout architectural error. Equation counts match but the internal sparse-matrix indices diverge — most likely cause is per-device-type load order being out of sync with ngspice's DEVices[] iteration order (see compileAnalogPartition's ngspiceLoadOrder sort, and core/analog-types.ts NGSPICE_LOAD_ORDER). Do NOT reconcile at the harness level.[39m
[36m [2m❯[22m ComparisonSession._assertFirstIterationMatrixEntriesMatch src/solver/analog/__tests__/harness/comparison-session.ts:[2m2759:11[22m[39m
    [90m2757| [39m        "core/analog-types.ts NGSPICE_LOAD_ORDER). Do NOT reconcile at…
    [90m2758| [39m    );
    [90m2759| [39m    throw new Error(lines.join("\n"));
    [90m   | [39m          [31m^[39m
    [90m2760| [39m  }
    [90m2761| [39m
[90m [2m❯[22m ComparisonSession._assertMatrixStructuralParity src/solver/analog/__tests__/harness/comparison-session.ts:[2m2626:12[22m[39m
[90m [2m❯[22m ComparisonSession.runTransient src/solver/analog/__tests__/harness/comparison-session.ts:[2m727:10[22m[39m
[90m [2m❯[22m src/solver/analog/__tests__/ngspice-parity/diode-bridge.test.ts:[2m40:5[22m[39m

[31m[2m⎯⎯⎯⎯⎯⎯⎯⎯⎯⎯⎯⎯⎯⎯⎯⎯⎯⎯⎯⎯⎯⎯⎯⎯[2/8]⎯[22m[39m

[31m[1m[7m FAIL [27m[22m[39m src/solver/analog/__tests__/ngspice-parity/diode-resistor.test.ts[2m > [22mDiode + resistor DC-OP parity[2m > [22mdc_op_pnjlim_match
[31m[1mError[22m: Matrix-entry structural divergence at step=0 attempt=0 iter=0:
  ours has 6 entries; ngspice has 6 entries.
  2 entries present in ours but missing in ngspice: (row=3, col=2, val=1), (row=2, col=3, val=1)
  2 entries present in ngspice but missing in ours: (row=3, col=1, val=1), (row=1, col=3, val=1)
  2 entries with same (row,col) but different values: 1,1 ours=0.7081067811875474 ngspice=0.001, 2,2 ours=0.001 ngspice=0.7081067811875484
This is an MNA-layout architectural error. Equation counts match but the internal sparse-matrix indices diverge — most likely cause is per-device-type load order being out of sync with ngspice's DEVices[] iteration order (see compileAnalogPartition's ngspiceLoadOrder sort, and core/analog-types.ts NGSPICE_LOAD_ORDER). Do NOT reconcile at the harness level.[39m
[36m [2m❯[22m ComparisonSession._assertFirstIterationMatrixEntriesMatch src/solver/analog/__tests__/harness/comparison-session.ts:[2m2759:11[22m[39m
    [90m2757| [39m        "core/analog-types.ts NGSPICE_LOAD_ORDER). Do NOT reconcile at…
    [90m2758| [39m    );
    [90m2759| [39m    throw new Error(lines.join("\n"));
    [90m   | [39m          [31m^[39m
    [90m2760| [39m  }
    [90m2761| [39m
[90m [2m❯[22m ComparisonSession._assertMatrixStructuralParity src/solver/analog/__tests__/harness/comparison-session.ts:[2m2626:12[22m[39m
[90m [2m❯[22m ComparisonSession.runDcOp src/solver/analog/__tests__/harness/comparison-session.ts:[2m587:10[22m[39m
[90m [2m❯[22m src/solver/analog/__tests__/ngspice-parity/diode-resistor.test.ts:[2m33:5[22m[39m

[31m[2m⎯⎯⎯⎯⎯⎯⎯⎯⎯⎯⎯⎯⎯⎯⎯⎯⎯⎯⎯⎯⎯⎯⎯⎯[3/8]⎯[22m[39m

[31m[1m[7m FAIL [27m[22m[39m src/solver/analog/__tests__/ngspice-parity/mosfet-inverter.test.ts[2m > [22mMOSFET inverter — ngspice DC-OP + transient parity[2m > [22mdc_op_match
[31m[1mError[22m: Matrix-entry structural divergence at step=0 attempt=0 iter=0:
  ours has 11 entries; ngspice has 11 entries.
  6 entries present in ours but missing in ngspice: (row=2, col=1, val=0), (row=1, col=2, val=0), (row=5, col=2, val=1), (row=4, col=3, val=1), (row=3, col=4, val=1), (row=2, col=5, val=1)
  6 entries present in ngspice but missing in ours: (row=5, col=1, val=1), (row=3, col=2, val=-0.0001), (row=4, col=2, val=1), (row=2, col=3, val=-0.0001), (row=2, col=4, val=1), (row=1, col=5, val=1)
  5 entries with same (row,col) but different values: 1,1 ours=0.000100000001 ngspice=0, 3,1 ours=-0.0001 ngspice=0, 2,2 ours=0 ngspice=0.0001, 1,3 ours=-0.0001 ngspice=0, 3,3 ours=0.0001 ngspice=0.000100000001
This is an MNA-layout architectural error. Equation counts match but the internal sparse-matrix indices diverge — most likely cause is per-device-type load order being out of sync with ngspice's DEVices[] iteration order (see compileAnalogPartition's ngspiceLoadOrder sort, and core/analog-types.ts NGSPICE_LOAD_ORDER). Do NOT reconcile at the harness level.[39m
[36m [2m❯[22m ComparisonSession._assertFirstIterationMatrixEntriesMatch src/solver/analog/__tests__/harness/comparison-session.ts:[2m2759:11[22m[39m
    [90m2757| [39m        "core/analog-types.ts NGSPICE_LOAD_ORDER). Do NOT reconcile at…
    [90m2758| [39m    );
    [90m2759| [39m    throw new Error(lines.join("\n"));
    [90m   | [39m          [31m^[39m
    [90m2760| [39m  }
    [90m2761| [39m
[90m [2m❯[22m ComparisonSession._assertMatrixStructuralParity src/solver/analog/__tests__/harness/comparison-session.ts:[2m2626:12[22m[39m
[90m [2m❯[22m ComparisonSession.runDcOp src/solver/analog/__tests__/harness/comparison-session.ts:[2m587:10[22m[39m
[90m [2m❯[22m src/solver/analog/__tests__/ngspice-parity/mosfet-inverter.test.ts:[2m41:5[22m[39m

[31m[2m⎯⎯⎯⎯⎯⎯⎯⎯⎯⎯⎯⎯⎯⎯⎯⎯⎯⎯⎯⎯⎯⎯⎯⎯[4/8]⎯[22m[39m

[31m[1m[7m FAIL [27m[22m[39m src/solver/analog/__tests__/ngspice-parity/mosfet-inverter.test.ts[2m > [22mMOSFET inverter — ngspice DC-OP + transient parity[2m > [22mtransient_match
[31m[1mError[22m: Matrix-entry structural divergence at step=0 attempt=0 iter=0:
  ours has 11 entries; ngspice has 11 entries.
  6 entries present in ours but missing in ngspice: (row=2, col=1, val=0), (row=1, col=2, val=0), (row=5, col=2, val=1), (row=4, col=3, val=1), (row=3, col=4, val=1), (row=2, col=5, val=1)
  6 entries present in ngspice but missing in ours: (row=5, col=1, val=1), (row=3, col=2, val=-0.0001), (row=4, col=2, val=1), (row=2, col=3, val=-0.0001), (row=2, col=4, val=1), (row=1, col=5, val=1)
  5 entries with same (row,col) but different values: 1,1 ours=0.000100000001 ngspice=0, 3,1 ours=-0.0001 ngspice=0, 2,2 ours=0 ngspice=0.0001, 1,3 ours=-0.0001 ngspice=0, 3,3 ours=0.0001 ngspice=0.000100000001
This is an MNA-layout architectural error. Equation counts match but the internal sparse-matrix indices diverge — most likely cause is per-device-type load order being out of sync with ngspice's DEVices[] iteration order (see compileAnalogPartition's ngspiceLoadOrder sort, and core/analog-types.ts NGSPICE_LOAD_ORDER). Do NOT reconcile at the harness level.[39m
[36m [2m❯[22m ComparisonSession._assertFirstIterationMatrixEntriesMatch src/solver/analog/__tests__/harness/comparison-session.ts:[2m2759:11[22m[39m
    [90m2757| [39m        "core/analog-types.ts NGSPICE_LOAD_ORDER). Do NOT reconcile at…
    [90m2758| [39m    );
    [90m2759| [39m    throw new Error(lines.join("\n"));
    [90m   | [39m          [31m^[39m
    [90m2760| [39m  }
    [90m2761| [39m
[90m [2m❯[22m ComparisonSession._assertMatrixStructuralParity src/solver/analog/__tests__/harness/comparison-session.ts:[2m2626:12[22m[39m
[90m [2m❯[22m ComparisonSession.runTransient src/solver/analog/__tests__/harness/comparison-session.ts:[2m727:10[22m[39m
[90m [2m❯[22m src/solver/analog/__tests__/ngspice-parity/mosfet-inverter.test.ts:[2m83:5[22m[39m

[31m[2m⎯⎯⎯⎯⎯⎯⎯⎯⎯⎯⎯⎯⎯⎯⎯⎯⎯⎯⎯⎯⎯⎯⎯⎯[5/8]⎯[22m[39m

[31m[1m[7m FAIL [27m[22m[39m src/solver/analog/__tests__/ngspice-parity/rc-transient.test.ts[2m > [22mRC transient parity — Task 7.3.1[2m > [22mtransient_per_step_match
[31m[1mAssertionError[22m: step=2 iter=0 rhsOld[2]: ours=8.999999840000005e-10 ngspice=8.999999840000004e-10 absDelta=1.0339757656912846e-25: expected 1.0339757656912846e-25 to be +0 // Object.is equality[39m

[32m- Expected[39m
[31m+ Received[39m

[32m- 0[39m
[31m+ 1.0339757656912846e-25[39m

[36m [2m❯[22m Module.assertIterationMatch src/solver/analog/__tests__/ngspice-parity/parity-helpers.ts:[2m40:95[22m[39m
    [90m 38| [39m    [35mconst[39m n [33m=[39m ngRhsOld[i][33m;[39m
    [90m 39| [39m    [35mconst[39m absDelta [33m=[39m [33mMath[39m[33m.[39m[34mabs[39m(o [33m-[39m n)[33m;[39m
    [90m 40| [39m    [34mexpect[39m(absDelta[33m,[39m [32m`[39m[36m${[39mctxLabel[36m}[39m[32m rhsOld[[39m[36m${[39mi[36m}[39m[32m]: ours=[39m[36m${[39mo[36m}[39m[32m ngspice=[39m[36m${[39mn[36m}[39m…
    [90m   | [39m                                                                                              [31m^[39m
    [90m 41| [39m  }
    [90m 42| [39m
[90m [2m❯[22m src/solver/analog/__tests__/ngspice-parity/rc-transient.test.ts:[2m57:11[22m[39m

[31m[2m⎯⎯⎯⎯⎯⎯⎯⎯⎯⎯⎯⎯⎯⎯⎯⎯⎯⎯⎯⎯⎯⎯⎯⎯[6/8]⎯[22m[39m

[31m[1m[7m FAIL [27m[22m[39m src/solver/analog/__tests__/ngspice-parity/rlc-oscillator.test.ts[2m > [22mRLC oscillator transient parity — Task 7.3.2[2m > [22mtransient_oscillation_match
[31m[1mError[22m: Matrix-entry structural divergence at step=0 attempt=0 iter=0:
  ours has 11 entries; ngspice has 12 entries.
  6 entries present in ours but missing in ngspice: (row=4, col=1, val=-0.1), (row=3, col=2, val=-1), (row=2, col=3, val=-1), (row=1, col=4, val=-0.1), (row=5, col=4, val=1), (row=4, col=5, val=1)
  7 entries present in ngspice but missing in ours: (row=5, col=1, val=1), (row=4, col=2, val=1), (row=3, col=3, val=0), (row=4, col=3, val=-1), (row=3, col=4, val=-1), (row=2, col=4, val=1), (row=1, col=5, val=1)
  4 entries with same (row,col) but different values: 2,1 ours=1 ngspice=-0.1, 1,2 ours=1 ngspice=-0.1, 2,2 ours=0 ngspice=0.1, 4,4 ours=0.1 ngspice=0
This is an MNA-layout architectural error. Equation counts match but the internal sparse-matrix indices diverge — most likely cause is per-device-type load order being out of sync with ngspice's DEVices[] iteration order (see compileAnalogPartition's ngspiceLoadOrder sort, and core/analog-types.ts NGSPICE_LOAD_ORDER). Do NOT reconcile at the harness level.[39m
[36m [2m❯[22m ComparisonSession._assertFirstIterationMatrixEntriesMatch src/solver/analog/__tests__/harness/comparison-session.ts:[2m2759:11[22m[39m
    [90m2757| [39m        "core/analog-types.ts NGSPICE_LOAD_ORDER). Do NOT reconcile at…
    [90m2758| [39m    );
    [90m2759| [39m    throw new Error(lines.join("\n"));
    [90m   | [39m          [31m^[39m
    [90m2760| [39m  }
    [90m2761| [39m
[90m [2m❯[22m ComparisonSession._assertMatrixStructuralParity src/solver/analog/__tests__/harness/comparison-session.ts:[2m2626:12[22m[39m
[90m [2m❯[22m ComparisonSession.runTransient src/solver/analog/__tests__/harness/comparison-session.ts:[2m727:10[22m[39m
[90m [2m❯[22m src/solver/analog/__tests__/ngspice-parity/rlc-oscillator.test.ts:[2m35:5[22m[39m

[31m[2m⎯⎯⎯⎯⎯⎯⎯⎯⎯⎯⎯⎯⎯⎯⎯⎯⎯⎯⎯⎯⎯⎯⎯⎯[7/8]⎯[22m[39m

[31m[1m[7m FAIL [27m[22m[39m src/solver/analog/__tests__/ngspice-parity/_diag-diode-resistor-tran.test.ts[2m > [22mDIAG diode + resistor transient parity[2m > [22mdump+compare step 0 attempt structure
[31m[1mError[22m: Matrix-entry structural divergence at step=0 attempt=0 iter=0:
  ours has 6 entries; ngspice has 6 entries.
  2 entries present in ours but missing in ngspice: (row=3, col=2, val=1), (row=2, col=3, val=1)
  2 entries present in ngspice but missing in ours: (row=3, col=1, val=1), (row=1, col=3, val=1)
  2 entries with same (row,col) but different values: 1,1 ours=0.7081067811875474 ngspice=0.001, 2,2 ours=0.001 ngspice=0.7081067811875484
This is an MNA-layout architectural error. Equation counts match but the internal sparse-matrix indices diverge — most likely cause is per-device-type load order being out of sync with ngspice's DEVices[] iteration order (see compileAnalogPartition's ngspiceLoadOrder sort, and core/analog-types.ts NGSPICE_LOAD_ORDER). Do NOT reconcile at the harness level.[39m
[36m [2m❯[22m ComparisonSession._assertFirstIterationMatrixEntriesMatch src/solver/analog/__tests__/harness/comparison-session.ts:[2m2759:11[22m[39m
    [90m2757| [39m        "core/analog-types.ts NGSPICE_LOAD_ORDER). Do NOT reconcile at…
    [90m2758| [39m    );
    [90m2759| [39m    throw new Error(lines.join("\n"));
    [90m   | [39m          [31m^[39m
    [90m2760| [39m  }
    [90m2761| [39m
[90m [2m❯[22m ComparisonSession._assertMatrixStructuralParity src/solver/analog/__tests__/harness/comparison-session.ts:[2m2626:12[22m[39m
[90m [2m❯[22m ComparisonSession.runTransient src/solver/analog/__tests__/harness/comparison-session.ts:[2m727:10[22m[39m
[90m [2m❯[22m src/solver/analog/__tests__/ngspice-parity/_diag-diode-resistor-tran.test.ts:[2m25:5[22m[39m

[31m[2m⎯⎯⎯⎯⎯⎯⎯⎯⎯⎯⎯⎯⎯⎯⎯⎯⎯⎯⎯⎯⎯⎯⎯⎯[8/8]⎯[22m[39m

[2m Test Files [22m [1m[31m7 failed[39m[22m[2m | [22m[1m[32m4 passed[39m[22m[90m (11)[39m
[2m      Tests [22m [1m[31m8 failed[39m[22m[2m | [22m[1m[32m5 passed[39m[22m[90m (13)[39m
[2m   Start at [22m 15:03:12
[2m   Duration [22m 8.81s[2m (transform 1.38s, setup 0ms, collect 5.59s, tests 1.14s, environment 1ms, prepare 686ms)[22m

