
[1m[7m[36m RUN [39m[27m[22m [36mv2.1.9 [39m[90mC:/local_working_projects/digital_in_browser[39m

 [31m❯[39m src/solver/analog/__tests__/harness/boot-step.test.ts [2m([22m[2m8 tests[22m[2m | [22m[31m2 failed[39m[2m)[22m[90m 16[2mms[22m[39m
[31m   [31m×[31m boot-step: runDcOp() produces exactly 1 step at time 0[2m > [22mstep accepted === true and converged === true for a simple converging circuit[90m 6[2mms[22m[31m[39m
[31m     → expected false to be true // Object.is equality[39m
[31m   [31m×[31m boot-step: runDcOp() produces exactly 1 step at time 0[2m > [22mstep has at least 1 NR iteration captured[90m 1[2mms[22m[31m[39m
[31m     → expected 0 to be greater than or equal to 1[39m

[31m⎯⎯⎯⎯⎯⎯⎯[1m[7m Failed Tests 2 [27m[22m⎯⎯⎯⎯⎯⎯⎯[39m

[31m[1m[7m FAIL [27m[22m[39m src/solver/analog/__tests__/harness/boot-step.test.ts[2m > [22mboot-step: runDcOp() produces exactly 1 step at time 0[2m > [22mstep accepted === true and converged === true for a simple converging circuit
[31m[1mAssertionError[22m: expected false to be true // Object.is equality[39m

[32m- Expected[39m
[31m+ Received[39m

[32m- true[39m
[31m+ false[39m

[36m [2m❯[22m src/solver/analog/__tests__/harness/boot-step.test.ts:[2m139:32[22m[39m
    [90m137| [39m  [34mit[39m([32m"step accepted === true and converged === true for a simple conve[39m…
    [90m138| [39m    [35mconst[39m steps [33m=[39m [34mrunDcopCapture[39m()[33m;[39m
    [90m139| [39m    [34mexpect[39m(steps[[34m0[39m][33m.[39mconverged)[33m.[39m[34mtoBe[39m([35mtrue[39m)[33m;[39m
    [90m   | [39m                               [31m^[39m
    [90m140| [39m    [34mexpect[39m(steps[[34m0[39m][33m.[39maccepted)[33m.[39m[34mtoBe[39m([35mtrue[39m)[33m;[39m
    [90m141| [39m  })[33m;[39m

[31m[2m⎯⎯⎯⎯⎯⎯⎯⎯⎯⎯⎯⎯⎯⎯⎯⎯⎯⎯⎯⎯⎯⎯⎯⎯[1/2]⎯[22m[39m

[31m[1m[7m FAIL [27m[22m[39m src/solver/analog/__tests__/harness/boot-step.test.ts[2m > [22mboot-step: runDcOp() produces exactly 1 step at time 0[2m > [22mstep has at least 1 NR iteration captured
[31m[1mAssertionError[22m: expected 0 to be greater than or equal to 1[39m
[36m [2m❯[22m src/solver/analog/__tests__/harness/boot-step.test.ts:[2m145:37[22m[39m
    [90m143| [39m  [34mit[39m([32m"step has at least 1 NR iteration captured"[39m[33m,[39m () [33m=>[39m {
    [90m144| [39m    [35mconst[39m steps [33m=[39m [34mrunDcopCapture[39m()[33m;[39m
    [90m145| [39m    [34mexpect[39m(steps[[34m0[39m][33m.[39miterationCount)[33m.[39m[34mtoBeGreaterThanOrEqual[39m([34m1[39m)[33m;[39m
    [90m   | [39m                                    [31m^[39m
    [90m146| [39m    [34mexpect[39m(steps[[34m0[39m][33m.[39miterations[33m.[39mlength)[33m.[39m[34mtoBeGreaterThanOrEqual[39m([34m1[39m)[33m;[39m
    [90m147| [39m  })[33m;[39m

[31m[2m⎯⎯⎯⎯⎯⎯⎯⎯⎯⎯⎯⎯⎯⎯⎯⎯⎯⎯⎯⎯⎯⎯⎯⎯[2/2]⎯[22m[39m

[2m Test Files [22m [1m[31m1 failed[39m[22m[90m (1)[39m
[2m      Tests [22m [1m[31m2 failed[39m[22m[2m | [22m[1m[32m6 passed[39m[22m[90m (8)[39m
[2m   Start at [22m 00:50:06
[2m   Duration [22m 916ms[2m (transform 288ms, setup 0ms, collect 376ms, tests 16ms, environment 0ms, prepare 201ms)[22m

