src/components/passives/capacitor.ts(162,14): error TS2420: Class 'AnalogCapacitorElement' incorrectly implements interface 'ReactiveAnalogElementCore'.
  Type 'AnalogCapacitorElement' is missing the following properties from type 'ReactiveAnalogElementCore': s0, s1, s2, s3, and 4 more.
src/components/passives/capacitor.ts(336,28): error TS2339: Property 'stampRHS' does not exist on type 'SparseSolver'.
src/components/passives/capacitor.ts(337,28): error TS2339: Property 'stampRHS' does not exist on type 'SparseSolver'.
src/components/semiconductors/diode.ts(626,30): error TS2339: Property 'elementIndex' does not exist on type 'PoolBackedAnalogElementCore'.
src/components/semiconductors/diode.ts(736,16): error TS2345: Argument of type 'SparseSolver' is not assignable to parameter of type 'Float64Array<ArrayBufferLike>'.
  Type 'SparseSolver' is missing the following properties from type 'Float64Array<ArrayBufferLike>': BYTES_PER_ELEMENT, buffer, byteLength, byteOffset, and 27 more.
src/components/semiconductors/diode.ts(737,16): error TS2345: Argument of type 'SparseSolver' is not assignable to parameter of type 'Float64Array<ArrayBufferLike>'.
  Type 'SparseSolver' is missing the following properties from type 'Float64Array<ArrayBufferLike>': BYTES_PER_ELEMENT, buffer, byteLength, byteOffset, and 27 more.
src/components/semiconductors/diode.ts(811,20): error TS2345: Argument of type 'SparseSolver' is not assignable to parameter of type 'Float64Array<ArrayBufferLike>'.
  Type 'SparseSolver' is missing the following properties from type 'Float64Array<ArrayBufferLike>': BYTES_PER_ELEMENT, buffer, byteLength, byteOffset, and 27 more.
src/components/semiconductors/diode.ts(812,20): error TS2345: Argument of type 'SparseSolver' is not assignable to parameter of type 'Float64Array<ArrayBufferLike>'.
  Type 'SparseSolver' is missing the following properties from type 'Float64Array<ArrayBufferLike>': BYTES_PER_ELEMENT, buffer, byteLength, byteOffset, and 27 more.
src/solver/analog/digital-pin-model.ts(172,16): error TS2339: Property 'stampRHS' does not exist on type 'SparseSolver'.
src/solver/analog/digital-pin-model.ts(180,16): error TS2339: Property 'stampRHS' does not exist on type 'SparseSolver'.
src/solver/analog/digital-pin-model.ts(197,16): error TS2339: Property 'stampRHS' does not exist on type 'SparseSolver'.
src/solver/analog/newton-raphson.ts(711,24): error TS2345: Argument of type '"internal-error"' is not assignable to parameter of type 'DiagnosticCode'.
src/solver/digital/bus-resolution.ts(25,31): error TS2307: Cannot find module '@/core/errors.js' or its corresponding type declarations.
src/solver/digital/compiled-circuit.ts(13,38): error TS2307: Cannot find module '@/core/engine-interface' or its corresponding type declarations.
src/solver/digital/compiled-circuit.ts(14,37): error TS2307: Cannot find module '@/core/element' or its corresponding type declarations.
src/solver/digital/compiled-circuit.ts(15,27): error TS2307: Cannot find module '@/core/circuit' or its corresponding type declarations.
src/solver/digital/compiled-circuit.ts(16,55): error TS2307: Cannot find module '@/core/registry' or its corresponding type declarations.
src/solver/digital/compiled-circuit.ts(17,36): error TS2307: Cannot find module '@/core/properties' or its corresponding type declarations.
src/solver/digital/digital-engine.ts(27,8): error TS2307: Cannot find module '@/core/engine-interface' or its corresponding type declarations.
src/solver/digital/digital-engine.ts(28,29): error TS2307: Cannot find module '@/core/engine-interface' or its corresponding type declarations.
src/solver/digital/digital-engine.ts(29,59): error TS2307: Cannot find module '@/core/signal' or its corresponding type declarations.
src/solver/digital/digital-engine.ts(30,55): error TS2307: Cannot find module '@/core/registry' or its corresponding type declarations.
src/solver/digital/digital-engine.ts(31,37): error TS2307: Cannot find module '@/core/element' or its corresponding type declarations.
src/solver/digital/digital-engine.ts(32,27): error TS2307: Cannot find module '@/core/circuit' or its corresponding type declarations.
src/solver/digital/digital-engine.ts(36,116): error TS2307: Cannot find module '@/components/memory/ram.js' or its corresponding type declarations.
src/solver/digital/digital-engine.ts(38,34): error TS2307: Cannot find module '@/core/errors.js' or its corresponding type declarations.
src/solver/digital/digital-engine.ts(40,27): error TS2307: Cannot find module '@/core/constants' or its corresponding type declarations.
src/solver/digital/digital-engine.ts(311,40): error TS2339: Property 'netCount' does not exist on type 'ConcreteCompiledCircuit'.
src/solver/digital/digital-engine.ts(327,63): error TS2339: Property 'netCount' does not exist on type 'ConcreteCompiledCircuit'.
src/solver/digital/digital-engine.ts(822,32): error TS2339: Property 'netCount' does not exist on type 'ConcreteCompiledCircuit'.
src/solver/digital/digital-engine.ts(835,37): error TS2339: Property 'netCount' does not exist on type 'ConcreteCompiledCircuit'.
src/solver/digital/digital-engine.ts(878,32): error TS2339: Property 'netCount' does not exist on type 'ConcreteCompiledCircuit'.
src/solver/digital/digital-engine.ts(1183,31): error TS2339: Property 'componentCount' does not exist on type 'ConcreteCompiledCircuit'.
