
[1m[7m[36m RUN [39m[27m[22m [36mv2.1.9 [39m[90mC:/local_working_projects/digital_in_browser[39m

 [32m✓[39m src/solver/analog/__tests__/sparse-reset-semantics.test.ts [2m([22m[2m3 tests[22m[2m)[22m[90m 8[2mms[22m[39m
 [31m❯[39m src/solver/analog/__tests__/harness/boot-step.test.ts [2m([22m[2m8 tests[22m[2m | [22m[31m2 failed[39m[2m)[22m[90m 18[2mms[22m[39m
[31m   [31m×[31m boot-step: runDcOp() produces exactly 1 step at time 0[2m > [22mstep accepted === true and converged === true for a simple converging circuit[90m 7[2mms[22m[31m[39m
[31m     → expected false to be true // Object.is equality[39m
[31m   [31m×[31m boot-step: runDcOp() produces exactly 1 step at time 0[2m > [22mstep has at least 1 NR iteration captured[90m 1[2mms[22m[31m[39m
[31m     → expected 0 to be greater than or equal to 1[39m
 [31m❯[39m src/solver/analog/__tests__/harness/harness-integration.test.ts [2m([22m[2m29 tests[22m[2m | [22m[31m12 failed[39m[2m)[22m[90m 34[2mms[22m[39m
[31m   [31m×[31m harness integration[2m > [22miteration capture hook records NR iterations during DC OP[90m 6[2mms[22m[31m[39m
[31m     → expected 0 to be greater than 0[39m
[31m   [31m×[31m harness integration[2m > [22mpostIterationHook fires during DC OP (nonlinear circuit)[90m 3[2mms[22m[31m[39m
[31m     → expected false to be true // Object.is equality[39m
[31m   [31m×[31m harness integration[2m > [22mpostIterationHook fires during DC OP (linear circuit)[90m 1[2mms[22m[31m[39m
[31m     → expected false to be true // Object.is equality[39m
[31m   [31m×[31m harness integration[2m > [22mstep capture hook packages iterations into step snapshots[90m 2[2mms[22m[31m[39m
[31m     → expected 1 to be greater than 1[39m
[31m   [31m×[31m harness integration[2m > [22mconvergenceSummary reports correct statistics[90m 2[2mms[22m[31m[39m
[31m     → expected +0 to be 1 // Object.is equality[39m
[31m   [31m×[31m harness integration[2m > [22mnodeVoltageTrajectory returns voltage history[90m 1[2mms[22m[31m[39m
[31m     → expected 0 to be greater than 0[39m
[31m   [31m×[31m harness integration[2m > [22mquerySteps filters by convergence[90m 1[2mms[22m[31m[39m
[31m     → expected +0 to be 1 // Object.is equality[39m
[31m   [31m×[31m harness integration[2m > [22mcompareSnapshots returns all-pass for self-comparison[90m 1[2mms[22m[31m[39m
[31m     → expected 0 to be greater than 0[39m
[31m   [31m×[31m harness integration[2m > [22mformatComparison produces readable output[90m 1[2mms[22m[31m[39m
[31m     → Cannot read properties of undefined (reading 'stepIndex')[39m
[31m   [31m×[31m harness integration[2m > [22mstep capture hook supports retry tracking via beginAttempt/endAttempt[90m 1[2mms[22m[31m[39m
[31m     → expected false to be true // Object.is equality[39m
[31m   [31m×[31m harness integration[2m > [22mSparseSolver exposes dimension, getRhsSnapshot, getCSCNonZeros[90m 1[2mms[22m[31m[39m
[31m     → expected 4 to be 3 // Object.is equality[39m
[31m   [31m×[31m harness integration[2m > [22mfindLargestDelta identifies worst convergence point[90m 1[2mms[22m[31m[39m
[31m     → expected null not to be null[39m

[31m⎯⎯⎯⎯⎯⎯[1m[7m Failed Tests 14 [27m[22m⎯⎯⎯⎯⎯⎯⎯[39m

[31m[1m[7m FAIL [27m[22m[39m src/solver/analog/__tests__/harness/boot-step.test.ts[2m > [22mboot-step: runDcOp() produces exactly 1 step at time 0[2m > [22mstep accepted === true and converged === true for a simple converging circuit
[31m[1mAssertionError[22m: expected false to be true // Object.is equality[39m

[32m- Expected[39m
[31m+ Received[39m

[32m- true[39m
[31m+ false[39m

[36m [2m❯[22m src/solver/analog/__tests__/harness/boot-step.test.ts:[2m139:32[22m[39m
    [90m137| [39m  [34mit[39m([32m"step accepted === true and converged === true for a simple conve[39m…
    [90m138| [39m    [35mconst[39m steps [33m=[39m [34mrunDcopCapture[39m()[33m;[39m
    [90m139| [39m    [34mexpect[39m(steps[[34m0[39m][33m.[39mconverged)[33m.[39m[34mtoBe[39m([35mtrue[39m)[33m;[39m
    [90m   | [39m                               [31m^[39m
    [90m140| [39m    [34mexpect[39m(steps[[34m0[39m][33m.[39maccepted)[33m.[39m[34mtoBe[39m([35mtrue[39m)[33m;[39m
    [90m141| [39m  })[33m;[39m

[31m[2m⎯⎯⎯⎯⎯⎯⎯⎯⎯⎯⎯⎯⎯⎯⎯⎯⎯⎯⎯⎯⎯⎯⎯[1/14]⎯[22m[39m

[31m[1m[7m FAIL [27m[22m[39m src/solver/analog/__tests__/harness/boot-step.test.ts[2m > [22mboot-step: runDcOp() produces exactly 1 step at time 0[2m > [22mstep has at least 1 NR iteration captured
[31m[1mAssertionError[22m: expected 0 to be greater than or equal to 1[39m
[36m [2m❯[22m src/solver/analog/__tests__/harness/boot-step.test.ts:[2m145:37[22m[39m
    [90m143| [39m  [34mit[39m([32m"step has at least 1 NR iteration captured"[39m[33m,[39m () [33m=>[39m {
    [90m144| [39m    [35mconst[39m steps [33m=[39m [34mrunDcopCapture[39m()[33m;[39m
    [90m145| [39m    [34mexpect[39m(steps[[34m0[39m][33m.[39miterationCount)[33m.[39m[34mtoBeGreaterThanOrEqual[39m([34m1[39m)[33m;[39m
    [90m   | [39m                                    [31m^[39m
    [90m146| [39m    [34mexpect[39m(steps[[34m0[39m][33m.[39miterations[33m.[39mlength)[33m.[39m[34mtoBeGreaterThanOrEqual[39m([34m1[39m)[33m;[39m
    [90m147| [39m  })[33m;[39m

[31m[2m⎯⎯⎯⎯⎯⎯⎯⎯⎯⎯⎯⎯⎯⎯⎯⎯⎯⎯⎯⎯⎯⎯⎯[2/14]⎯[22m[39m

[31m[1m[7m FAIL [27m[22m[39m src/solver/analog/__tests__/harness/harness-integration.test.ts[2m > [22mharness integration[2m > [22miteration capture hook records NR iterations during DC OP
[31m[1mAssertionError[22m: expected 0 to be greater than 0[39m
[36m [2m❯[22m src/solver/analog/__tests__/harness/harness-integration.test.ts:[2m90:30[22m[39m
    [90m 88| [39m    engine[33m.[39m[34mdcOperatingPoint[39m()[33m;[39m
    [90m 89| [39m    [35mconst[39m snapshots [33m=[39m [34mgetSnapshots[39m()[33m;[39m
    [90m 90| [39m    [34mexpect[39m(snapshots[33m.[39mlength)[33m.[39m[34mtoBeGreaterThan[39m([34m0[39m)[33m;[39m
    [90m   | [39m                             [31m^[39m
    [90m 91| [39m    [35mconst[39m first [33m=[39m snapshots[[34m0[39m][33m;[39m
    [90m 92| [39m    [34mexpect[39m(first[33m.[39miteration)[33m.[39m[34mtoBe[39m([34m0[39m)[33m;[39m

[31m[2m⎯⎯⎯⎯⎯⎯⎯⎯⎯⎯⎯⎯⎯⎯⎯⎯⎯⎯⎯⎯⎯⎯⎯[3/14]⎯[22m[39m

[31m[1m[7m FAIL [27m[22m[39m src/solver/analog/__tests__/harness/harness-integration.test.ts[2m > [22mharness integration[2m > [22mpostIterationHook fires during DC OP (nonlinear circuit)
[31m[1mAssertionError[22m: expected false to be true // Object.is equality[39m

[32m- Expected[39m
[31m+ Received[39m

[32m- true[39m
[31m+ false[39m

[36m [2m❯[22m src/solver/analog/__tests__/harness/harness-integration.test.ts:[2m112:30[22m[39m
    [90m110| [39m    engine[33m.[39mpostIterationHook [33m=[39m (_i[33m:[39m number[33m,[39m _v[33m:[39m [33mFloat64Array[39m[33m,[39m _p[33m:[39m [33mFloa[39m…
    [90m111| [39m    [35mconst[39m result [33m=[39m engine[33m.[39m[34mdcOperatingPoint[39m()[33m;[39m
    [90m112| [39m    [34mexpect[39m(result[33m.[39mconverged)[33m.[39m[34mtoBe[39m([35mtrue[39m)[33m;[39m
    [90m   | [39m                             [31m^[39m
    [90m113| [39m    [34mexpect[39m(hookCallCount)[33m.[39m[34mtoBeGreaterThan[39m([34m0[39m)[33m;[39m
    [90m114| [39m  })[33m;[39m

[31m[2m⎯⎯⎯⎯⎯⎯⎯⎯⎯⎯⎯⎯⎯⎯⎯⎯⎯⎯⎯⎯⎯⎯⎯[4/14]⎯[22m[39m

[31m[1m[7m FAIL [27m[22m[39m src/solver/analog/__tests__/harness/harness-integration.test.ts[2m > [22mharness integration[2m > [22mpostIterationHook fires during DC OP (linear circuit)
[31m[1mAssertionError[22m: expected false to be true // Object.is equality[39m

[32m- Expected[39m
[31m+ Received[39m

[32m- true[39m
[31m+ false[39m

[36m [2m❯[22m src/solver/analog/__tests__/harness/harness-integration.test.ts:[2m126:30[22m[39m
    [90m124| [39m    }[33m;[39m
    [90m125| [39m    [35mconst[39m result [33m=[39m engine[33m.[39m[34mdcOperatingPoint[39m()[33m;[39m
    [90m126| [39m    [34mexpect[39m(result[33m.[39mconverged)[33m.[39m[34mtoBe[39m([35mtrue[39m)[33m;[39m
    [90m   | [39m                             [31m^[39m
    [90m127| [39m    [34mexpect[39m(hookCallCount)[33m.[39m[34mtoBeGreaterThan[39m([34m0[39m)[33m;[39m
    [90m128| [39m    [34mexpect[39m(lastGlobalConverged)[33m.[39m[34mtoBe[39m([35mtrue[39m)[33m;[39m

[31m[2m⎯⎯⎯⎯⎯⎯⎯⎯⎯⎯⎯⎯⎯⎯⎯⎯⎯⎯⎯⎯⎯⎯⎯[5/14]⎯[22m[39m

[31m[1m[7m FAIL [27m[22m[39m src/solver/analog/__tests__/harness/harness-integration.test.ts[2m > [22mharness integration[2m > [22mstep capture hook packages iterations into step snapshots
[31m[1mAssertionError[22m: expected 1 to be greater than 1[39m
[36m [2m❯[22m src/solver/analog/__tests__/harness/harness-integration.test.ts:[2m156:26[22m[39m
    [90m154| [39m    engine[33m.[39mpostIterationHook [33m=[39m [35mnull[39m[33m;[39m
    [90m155| [39m    [35mconst[39m steps [33m=[39m capture[33m.[39m[34mgetSteps[39m()[33m;[39m
    [90m156| [39m    [34mexpect[39m(steps[33m.[39mlength)[33m.[39m[34mtoBeGreaterThan[39m([34m1[39m)[33m;[39m
    [90m   | [39m                         [31m^[39m
    [90m157| [39m    [34mexpect[39m(steps[[34m0[39m][33m.[39mstepStartTime)[33m.[39m[34mtoBe[39m([34m0[39m)[33m;[39m
    [90m158| [39m    [34mexpect[39m(steps[[34m0[39m][33m.[39miterations[33m.[39mlength)[33m.[39m[34mtoBeGreaterThan[39m([34m0[39m)[33m;[39m

[31m[2m⎯⎯⎯⎯⎯⎯⎯⎯⎯⎯⎯⎯⎯⎯⎯⎯⎯⎯⎯⎯⎯⎯⎯[6/14]⎯[22m[39m

[31m[1m[7m FAIL [27m[22m[39m src/solver/analog/__tests__/harness/harness-integration.test.ts[2m > [22mharness integration[2m > [22mconvergenceSummary reports correct statistics
[31m[1mAssertionError[22m: expected +0 to be 1 // Object.is equality[39m

[32m- Expected[39m
[31m+ Received[39m

[32m- 1[39m
[31m+ 0[39m

[36m [2m❯[22m src/solver/analog/__tests__/harness/harness-integration.test.ts:[2m188:36[22m[39m
    [90m186| [39m    [35mconst[39m summary [33m=[39m [34mconvergenceSummary[39m(session)[33m;[39m
    [90m187| [39m    [34mexpect[39m(summary[33m.[39mtotalSteps)[33m.[39m[34mtoBeGreaterThan[39m([34m0[39m)[33m;[39m
    [90m188| [39m    [34mexpect[39m(summary[33m.[39mconvergedSteps)[33m.[39m[34mtoBe[39m(summary[33m.[39mtotalSteps)[33m;[39m
    [90m   | [39m                                   [31m^[39m
    [90m189| [39m    [34mexpect[39m(summary[33m.[39mfailedSteps)[33m.[39m[34mtoBe[39m([34m0[39m)[33m;[39m
    [90m190| [39m    [34mexpect[39m(summary[33m.[39mavgIterations)[33m.[39m[34mtoBeGreaterThan[39m([34m0[39m)[33m;[39m

[31m[2m⎯⎯⎯⎯⎯⎯⎯⎯⎯⎯⎯⎯⎯⎯⎯⎯⎯⎯⎯⎯⎯⎯⎯[7/14]⎯[22m[39m

[31m[1m[7m FAIL [27m[22m[39m src/solver/analog/__tests__/harness/harness-integration.test.ts[2m > [22mharness integration[2m > [22mnodeVoltageTrajectory returns voltage history
[31m[1mAssertionError[22m: expected 0 to be greater than 0[39m
[36m [2m❯[22m src/solver/analog/__tests__/harness/harness-integration.test.ts:[2m219:31[22m[39m
    [90m217| [39m    [35mconst[39m session[33m:[39m [33mCaptureSession[39m [33m=[39m { source[33m:[39m [32m"ours"[39m[33m,[39m topology[33m:[39m [34mcaptur[39m…
    [90m218| [39m    [35mconst[39m trajectory [33m=[39m [34mnodeVoltageTrajectory[39m(session[33m,[39m [34m0[39m)[33m;[39m
    [90m219| [39m    [34mexpect[39m(trajectory[33m.[39mlength)[33m.[39m[34mtoBeGreaterThan[39m([34m0[39m)[33m;[39m
    [90m   | [39m                              [31m^[39m
    [90m220| [39m  })[33m;[39m
    [90m221| [39m

[31m[2m⎯⎯⎯⎯⎯⎯⎯⎯⎯⎯⎯⎯⎯⎯⎯⎯⎯⎯⎯⎯⎯⎯⎯[8/14]⎯[22m[39m

[31m[1m[7m FAIL [27m[22m[39m src/solver/analog/__tests__/harness/harness-integration.test.ts[2m > [22mharness integration[2m > [22mquerySteps filters by convergence
[31m[1mAssertionError[22m: expected +0 to be 1 // Object.is equality[39m

[32m- Expected[39m
[31m+ Received[39m

[32m- 1[39m
[31m+ 0[39m

[36m [2m❯[22m src/solver/analog/__tests__/harness/harness-integration.test.ts:[2m237:61[22m[39m
    [90m235| [39m    engine[33m.[39mpostIterationHook [33m=[39m [35mnull[39m[33m;[39m
    [90m236| [39m    [35mconst[39m session[33m:[39m [33mCaptureSession[39m [33m=[39m { source[33m:[39m [32m"ours"[39m[33m,[39m topology[33m:[39m [34mcaptur[39m…
    [90m237| [39m    [34mexpect[39m([34mquerySteps[39m(session[33m,[39m { converged[33m:[39m [35mtrue[39m })[33m.[39mlength)[33m.[39m[34mtoBe[39m(sessi…
    [90m   | [39m                                                            [31m^[39m
    [90m238| [39m    [34mexpect[39m([34mquerySteps[39m(session[33m,[39m { converged[33m:[39m [35mfalse[39m })[33m.[39mlength)[33m.[39m[34mtoBe[39m([34m0[39m)[33m;[39m
    [90m239| [39m  })[33m;[39m

[31m[2m⎯⎯⎯⎯⎯⎯⎯⎯⎯⎯⎯⎯⎯⎯⎯⎯⎯⎯⎯⎯⎯⎯⎯[9/14]⎯[22m[39m

[31m[1m[7m FAIL [27m[22m[39m src/solver/analog/__tests__/harness/harness-integration.test.ts[2m > [22mharness integration[2m > [22mcompareSnapshots returns all-pass for self-comparison
[31m[1mAssertionError[22m: expected 0 to be greater than 0[39m
[36m [2m❯[22m src/solver/analog/__tests__/harness/harness-integration.test.ts:[2m257:28[22m[39m
    [90m255| [39m    [35mconst[39m session[33m:[39m [33mCaptureSession[39m [33m=[39m { source[33m:[39m [32m"ours"[39m[33m,[39m topology[33m:[39m [34mcaptur[39m…
    [90m256| [39m    [35mconst[39m results [33m=[39m [34mcompareSnapshots[39m(session[33m,[39m session)[33m;[39m
    [90m257| [39m    [34mexpect[39m(results[33m.[39mlength)[33m.[39m[34mtoBeGreaterThan[39m([34m0[39m)[33m;[39m
    [90m   | [39m                           [31m^[39m
    [90m258| [39m    [35mfor[39m ([35mconst[39m r [35mof[39m results) {
    [90m259| [39m      [34mexpect[39m(r[33m.[39mallWithinTol)[33m.[39m[34mtoBe[39m([35mtrue[39m)[33m;[39m

[31m[2m⎯⎯⎯⎯⎯⎯⎯⎯⎯⎯⎯⎯⎯⎯⎯⎯⎯⎯⎯⎯⎯⎯[10/14]⎯[22m[39m

[31m[1m[7m FAIL [27m[22m[39m src/solver/analog/__tests__/harness/harness-integration.test.ts[2m > [22mharness integration[2m > [22mformatComparison produces readable output
[31m[1mTypeError[22m: Cannot read properties of undefined (reading 'stepIndex')[39m
[36m [2m❯[22m Module.formatComparison src/solver/analog/__tests__/harness/compare.ts:[2m214:33[22m[39m
    [90m212| [39m[35mexport[39m [35mfunction[39m [34mformatComparison[39m(result[33m:[39m [33mComparisonResult[39m)[33m:[39m string {
    [90m213| [39m  [35mconst[39m lines[33m:[39m string[] [33m=[39m [][33m;[39m
    [90m214| [39m  lines[33m.[39m[34mpush[39m([32m`=== Step [39m[36m${[39mresult[33m.[39mstepIndex[36m}[39m[32m, Iteration [39m[36m${[39mresult[33m.[39miterati…
    [90m   | [39m                                [31m^[39m
    [90m215| [39m  lines[33m.[39m[34mpush[39m([32m`  Overall: [39m[36m${[39mresult[33m.[39mallWithinTol [33m?[39m [32m"PASS"[39m [33m:[39m [32m"FAIL"[39m[36m}[39m[32m`[39m)[33m;[39m
    [90m216| [39m
[90m [2m❯[22m src/solver/analog/__tests__/harness/harness-integration.test.ts:[2m279:23[22m[39m

[31m[2m⎯⎯⎯⎯⎯⎯⎯⎯⎯⎯⎯⎯⎯⎯⎯⎯⎯⎯⎯⎯⎯⎯[11/14]⎯[22m[39m

[31m[1m[7m FAIL [27m[22m[39m src/solver/analog/__tests__/harness/harness-integration.test.ts[2m > [22mharness integration[2m > [22mstep capture hook supports retry tracking via beginAttempt/endAttempt
[31m[1mAssertionError[22m: expected false to be true // Object.is equality[39m

[32m- Expected[39m
[31m+ Received[39m

[32m- true[39m
[31m+ false[39m

[36m [2m❯[22m src/solver/analog/__tests__/harness/harness-integration.test.ts:[2m322:32[22m[39m
    [90m320| [39m    [35mconst[39m steps [33m=[39m capture[33m.[39m[34mgetSteps[39m()[33m;[39m
    [90m321| [39m    [34mexpect[39m(steps[33m.[39mlength)[33m.[39m[34mtoBe[39m([34m1[39m)[33m;[39m
    [90m322| [39m    [34mexpect[39m(steps[[34m0[39m][33m.[39mconverged)[33m.[39m[34mtoBe[39m([35mtrue[39m)[33m;[39m
    [90m   | [39m                               [31m^[39m
    [90m323| [39m    [90m// Should have attempts array with 2 entries (failed + accepted)[39m
    [90m324| [39m    [34mexpect[39m(steps[[34m0[39m][33m.[39mattempts[33m.[39mlength)[33m.[39m[34mtoBe[39m([34m2[39m)[33m;[39m

[31m[2m⎯⎯⎯⎯⎯⎯⎯⎯⎯⎯⎯⎯⎯⎯⎯⎯⎯⎯⎯⎯⎯⎯[12/14]⎯[22m[39m

[31m[1m[7m FAIL [27m[22m[39m src/solver/analog/__tests__/harness/harness-integration.test.ts[2m > [22mharness integration[2m > [22mSparseSolver exposes dimension, getRhsSnapshot, getCSCNonZeros
[31m[1mAssertionError[22m: expected 4 to be 3 // Object.is equality[39m

[32m- Expected[39m
[31m+ Received[39m

[32m- 3[39m
[31m+ 4[39m

[36m [2m❯[22m src/solver/analog/__tests__/harness/harness-integration.test.ts:[2m376:24[22m[39m
    [90m374| [39m    [35mconst[39m rhs [33m=[39m solver[33m.[39m[34mgetRhsSnapshot[39m()[33m;[39m
    [90m375| [39m    [34mexpect[39m(rhs)[33m.[39m[34mtoBeInstanceOf[39m([33mFloat64Array[39m)[33m;[39m
    [90m376| [39m    [34mexpect[39m(rhs[33m.[39mlength)[33m.[39m[34mtoBe[39m([34m3[39m)[33m;[39m
    [90m   | [39m                       [31m^[39m
    [90m377| [39m    [35mconst[39m nz [33m=[39m solver[33m.[39m[34mgetCSCNonZeros[39m()[33m;[39m
    [90m378| [39m    [34mexpect[39m(nz[33m.[39mlength)[33m.[39m[34mtoBeGreaterThan[39m([34m0[39m)[33m;[39m

[31m[2m⎯⎯⎯⎯⎯⎯⎯⎯⎯⎯⎯⎯⎯⎯⎯⎯⎯⎯⎯⎯⎯⎯[13/14]⎯[22m[39m

[31m[1m[7m FAIL [27m[22m[39m src/solver/analog/__tests__/harness/harness-integration.test.ts[2m > [22mharness integration[2m > [22mfindLargestDelta identifies worst convergence point
[31m[1mAssertionError[22m: expected null not to be null[39m
[36m [2m❯[22m src/solver/analog/__tests__/harness/harness-integration.test.ts:[2m400:24[22m[39m
    [90m398| [39m    [35mconst[39m session[33m:[39m [33mCaptureSession[39m [33m=[39m { source[33m:[39m [32m"ours"[39m[33m,[39m topology[33m:[39m [34mcaptur[39m…
    [90m399| [39m    [35mconst[39m result [33m=[39m [34mfindLargestDelta[39m(session[33m,[39m [34m1[39m)[33m;[39m
    [90m400| [39m    [34mexpect[39m(result)[33m.[39mnot[33m.[39m[34mtoBeNull[39m()[33m;[39m
    [90m   | [39m                       [31m^[39m
    [90m401| [39m    [34mexpect[39m(result[33m![39m[33m.[39mdelta)[33m.[39m[34mtoBeGreaterThan[39m([34m0[39m)[33m;[39m
    [90m402| [39m  })[33m;[39m

[31m[2m⎯⎯⎯⎯⎯⎯⎯⎯⎯⎯⎯⎯⎯⎯⎯⎯⎯⎯⎯⎯⎯⎯[14/14]⎯[22m[39m

[2m Test Files [22m [1m[31m2 failed[39m[22m[2m | [22m[1m[32m1 passed[39m[22m[90m (3)[39m
[2m      Tests [22m [1m[31m14 failed[39m[22m[2m | [22m[1m[32m26 passed[39m[22m[90m (40)[39m
[2m   Start at [22m 00:54:17
[2m   Duration [22m 1.04s[2m (transform 399ms, setup 0ms, collect 969ms, tests 60ms, environment 1ms, prepare 629ms)[22m

