
[1m[7m[36m RUN [39m[27m[22m [36mv2.1.9 [39m[90mC:/local_working_projects/digital_in_browser[39m

[90mstdout[2m | src/solver/analog/__tests__/harness/all-fixtures-probe.test.ts[2m > [22m[2mall-fixtures regression probe (post order/method sync)[2m > [22m[2mrc-step: runs to stopTime without collapse
[22m[39mrc-step: ourSteps=1, ngSteps=107, lastSimTime=0.000e+0, lastRhs=[0.00e+0,1.09e+4,5.46e+25,5.46e+22]

vs: no DC value, transient time 0 value used[90mstdout[2m | src/solver/analog/__tests__/harness/all-fixtures-probe.test.ts[2m > [22m[2mall-fixtures regression probe (post order/method sync)[2m > [22m[2mrc-ac-lowpass: runs to stopTime without collapse
[22m[39mrc-ac-lowpass: ourSteps=5, ngSteps=107, lastSimTime=2.250e-10, lastRhs=[none]

[90mstdout[2m | src/solver/analog/__tests__/harness/all-fixtures-probe.test.ts[2m > [22m[2mall-fixtures regression probe (post order/method sync)[2m > [22m[2mrl-step: runs to stopTime without collapse
[22m[39mrl-step: ourSteps=1, ngSteps=107, lastSimTime=0.000e+0, lastRhs=[0.00e+0,2.19e+3,-1.09e+25,-1.09e+24,1.09e+24]

vs: no DC value, transient time 0 value used[90mstdout[2m | src/solver/analog/__tests__/harness/all-fixtures-probe.test.ts[2m > [22m[2mall-fixtures regression probe (post order/method sync)[2m > [22m[2mrl-ac: runs to stopTime without collapse
[22m[39mrl-ac: ourSteps=1, ngSteps=107, lastSimTime=0.000e+0, lastRhs=[0.00e+0,1.45e-5,-1.27e+9,-1.27e+8,1.27e+8]

[90mstdout[2m | src/solver/analog/__tests__/harness/all-fixtures-probe.test.ts[2m > [22m[2mall-fixtures regression probe (post order/method sync)[2m > [22m[2mrlc-ringdown: runs to stopTime without collapse
[22m[39mrlc-ringdown: ourSteps=1, ngSteps=107, lastSimTime=0.000e+0, lastRhs=[0.00e+0,2.19e+3,2.47e+18,1.09e+25,1.23e+18,-1.23e+18]

 [31m❯[39m src/solver/analog/__tests__/harness/all-fixtures-probe.test.ts [2m([22m[2m5 tests[22m[2m | [22m[31m4 failed[39m[2m)[22m[90m 185[2mms[22m[39m
[31m   [31m×[31m all-fixtures regression probe (post order/method sync)[2m > [22mrc-step: runs to stopTime without collapse[90m 61[2mms[22m[31m[39m
[31m     → must make progress: expected 1 to be greater than 3[39m
[31m   [31m×[31m all-fixtures regression probe (post order/method sync)[2m > [22mrl-step: runs to stopTime without collapse[90m 35[2mms[22m[31m[39m
[31m     → must make progress: expected 1 to be greater than 3[39m
[31m   [31m×[31m all-fixtures regression probe (post order/method sync)[2m > [22mrl-ac: runs to stopTime without collapse[90m 26[2mms[22m[31m[39m
[31m     → must make progress: expected 1 to be greater than 3[39m
[31m   [31m×[31m all-fixtures regression probe (post order/method sync)[2m > [22mrlc-ringdown: runs to stopTime without collapse[90m 30[2mms[22m[31m[39m
[31m     → must make progress: expected 1 to be greater than 3[39m

[31m⎯⎯⎯⎯⎯⎯⎯[1m[7m Failed Tests 4 [27m[22m⎯⎯⎯⎯⎯⎯⎯[39m

[31m[1m[7m FAIL [27m[22m[39m src/solver/analog/__tests__/harness/all-fixtures-probe.test.ts[2m > [22mall-fixtures regression probe (post order/method sync)[2m > [22mrc-step: runs to stopTime without collapse
[31m[1m[7m FAIL [27m[22m[39m src/solver/analog/__tests__/harness/all-fixtures-probe.test.ts[2m > [22mall-fixtures regression probe (post order/method sync)[2m > [22mrl-step: runs to stopTime without collapse
[31m[1m[7m FAIL [27m[22m[39m src/solver/analog/__tests__/harness/all-fixtures-probe.test.ts[2m > [22mall-fixtures regression probe (post order/method sync)[2m > [22mrl-ac: runs to stopTime without collapse
[31m[1m[7m FAIL [27m[22m[39m src/solver/analog/__tests__/harness/all-fixtures-probe.test.ts[2m > [22mall-fixtures regression probe (post order/method sync)[2m > [22mrlc-ringdown: runs to stopTime without collapse
[31m[1mAssertionError[22m: must make progress: expected 1 to be greater than 3[39m
[36m [2m❯[22m src/solver/analog/__tests__/harness/all-fixtures-probe.test.ts:[2m59:53[22m[39m
    [90m 57| [39m      )[33m;[39m
    [90m 58| [39m
    [90m 59| [39m      [34mexpect[39m(ourSteps[33m.[39mlength[33m,[39m [32m"must make progress"[39m)[33m.[39m[34mtoBeGreaterThan[39m([34m3[39m)[33m;[39m
    [90m   | [39m                                                    [31m^[39m
    [90m 60| [39m      [90m// Did not hit the maxOurSteps cap of 500 — proxy for "no collap[39m…
    [90m 61| [39m      [34mexpect[39m(ourSteps[33m.[39mlength)[33m.[39m[34mtoBeLessThan[39m([34m500[39m)[33m;[39m

[31m[2m⎯⎯⎯⎯⎯⎯⎯⎯⎯⎯⎯⎯⎯⎯⎯⎯⎯⎯⎯⎯⎯⎯⎯⎯[1/4]⎯[22m[39m

[2m Test Files [22m [1m[31m1 failed[39m[22m[90m (1)[39m
[2m      Tests [22m [1m[31m4 failed[39m[22m[2m | [22m[1m[32m1 passed[39m[22m[90m (5)[39m
[2m   Start at [22m 00:53:04
[2m   Duration [22m 3.06s[2m (transform 1.58s, setup 0ms, collect 2.30s, tests 185ms, environment 0ms, prepare 228ms)[22m

