src/components/passives/capacitor.ts(162,14): error TS2420: Class 'AnalogCapacitorElement' incorrectly implements interface 'ReactiveAnalogElementCore'.
  Type 'AnalogCapacitorElement' is missing the following properties from type 'ReactiveAnalogElementCore': s0, s1, s2, s3, and 4 more.
src/components/passives/capacitor.ts(336,28): error TS2339: Property 'stampRHS' does not exist on type 'SparseSolver'.
src/components/passives/capacitor.ts(337,28): error TS2339: Property 'stampRHS' does not exist on type 'SparseSolver'.
src/components/semiconductors/diode.ts(626,30): error TS2339: Property 'elementIndex' does not exist on type 'PoolBackedAnalogElementCore'.
src/components/semiconductors/diode.ts(736,16): error TS2345: Argument of type 'SparseSolver' is not assignable to parameter of type 'Float64Array<ArrayBufferLike>'.
  Type 'SparseSolver' is missing the following properties from type 'Float64Array<ArrayBufferLike>': BYTES_PER_ELEMENT, buffer, byteLength, byteOffset, and 26 more.
src/components/semiconductors/diode.ts(737,16): error TS2345: Argument of type 'SparseSolver' is not assignable to parameter of type 'Float64Array<ArrayBufferLike>'.
  Type 'SparseSolver' is missing the following properties from type 'Float64Array<ArrayBufferLike>': BYTES_PER_ELEMENT, buffer, byteLength, byteOffset, and 26 more.
src/components/semiconductors/diode.ts(811,20): error TS2345: Argument of type 'SparseSolver' is not assignable to parameter of type 'Float64Array<ArrayBufferLike>'.
  Type 'SparseSolver' is missing the following properties from type 'Float64Array<ArrayBufferLike>': BYTES_PER_ELEMENT, buffer, byteLength, byteOffset, and 26 more.
src/components/semiconductors/diode.ts(812,20): error TS2345: Argument of type 'SparseSolver' is not assignable to parameter of type 'Float64Array<ArrayBufferLike>'.
  Type 'SparseSolver' is missing the following properties from type 'Float64Array<ArrayBufferLike>': BYTES_PER_ELEMENT, buffer, byteLength, byteOffset, and 26 more.
src/components/subcircuit/subcircuit.ts(446,25): error TS2802: Type 'Map<string, { pos: { x: number; y: number; }; showLabel: boolean; }>' can only be iterated through when using the '--downlevelIteration' flag or with a '--target' of 'es2015' or higher.
src/core/circuit.ts(322,23): error TS2802: Type 'ReadonlySet<string>' can only be iterated through when using the '--downlevelIteration' flag or with a '--target' of 'es2015' or higher.
src/core/circuit.ts(360,27): error TS2802: Type 'ReadonlySet<string>' can only be iterated through when using the '--downlevelIteration' flag or with a '--target' of 'es2015' or higher.
src/core/circuit.ts(414,32): error TS2802: Type 'Map<string, number>' can only be iterated through when using the '--downlevelIteration' flag or with a '--target' of 'es2015' or higher.
src/core/model-params.ts(79,74): error TS2802: Type 'Set<string>' can only be iterated through when using the '--downlevelIteration' flag or with a '--target' of 'es2015' or higher.
src/core/properties.ts(84,28): error TS2802: Type 'Iterable<readonly [string, PropertyValue]>' can only be iterated through when using the '--downlevelIteration' flag or with a '--target' of 'es2015' or higher.
src/core/properties.ts(167,26): error TS2802: Type 'Map<string, PropertyValue>' can only be iterated through when using the '--downlevelIteration' flag or with a '--target' of 'es2015' or higher.
src/core/properties.ts(170,26): error TS2802: Type 'Map<string, PropertyValue>' can only be iterated through when using the '--downlevelIteration' flag or with a '--target' of 'es2015' or higher.
src/core/properties.ts(194,24): error TS2802: Type 'IterableIterator<[string, PropertyValue]>' can only be iterated through when using the '--downlevelIteration' flag or with a '--target' of 'es2015' or higher.
src/core/signal.ts(103,55): error TS2737: BigInt literals are not available when targeting lower than ES2020.
src/core/signal.ts(113,47): error TS2737: BigInt literals are not available when targeting lower than ES2020.
src/core/signal.ts(120,33): error TS2737: BigInt literals are not available when targeting lower than ES2020.
src/core/signal.ts(127,33): error TS2737: BigInt literals are not available when targeting lower than ES2020.
src/core/signal.ts(155,26): error TS2737: BigInt literals are not available when targeting lower than ES2020.
src/core/signal.ts(158,27): error TS2737: BigInt literals are not available when targeting lower than ES2020.
src/core/signal.ts(173,29): error TS2737: BigInt literals are not available when targeting lower than ES2020.
src/core/signal.ts(184,29): error TS2737: BigInt literals are not available when targeting lower than ES2020.
src/core/signal.ts(209,21): error TS2737: BigInt literals are not available when targeting lower than ES2020.
src/core/signal.ts(211,37): error TS2737: BigInt literals are not available when targeting lower than ES2020.
src/core/signal.ts(218,32): error TS2737: BigInt literals are not available when targeting lower than ES2020.
src/core/signal.ts(257,29): error TS2737: BigInt literals are not available when targeting lower than ES2020.
src/core/signal.ts(284,29): error TS2737: BigInt literals are not available when targeting lower than ES2020.
src/core/signal.ts(284,56): error TS2737: BigInt literals are not available when targeting lower than ES2020.
src/core/signal.ts(288,75): error TS2737: BigInt literals are not available when targeting lower than ES2020.
src/core/signal.ts(293,29): error TS2737: BigInt literals are not available when targeting lower than ES2020.
src/core/signal.ts(293,56): error TS2737: BigInt literals are not available when targeting lower than ES2020.
src/core/signal.ts(297,76): error TS2737: BigInt literals are not available when targeting lower than ES2020.
src/core/signal.ts(297,89): error TS2737: BigInt literals are not available when targeting lower than ES2020.
src/core/signal.ts(302,29): error TS2737: BigInt literals are not available when targeting lower than ES2020.
src/core/signal.ts(302,56): error TS2737: BigInt literals are not available when targeting lower than ES2020.
src/core/signal.ts(305,66): error TS2737: BigInt literals are not available when targeting lower than ES2020.
src/core/signal.ts(310,29): error TS2737: BigInt literals are not available when targeting lower than ES2020.
src/core/signal.ts(310,56): error TS2737: BigInt literals are not available when targeting lower than ES2020.
src/core/signal.ts(313,66): error TS2737: BigInt literals are not available when targeting lower than ES2020.
src/core/signal.ts(318,29): error TS2737: BigInt literals are not available when targeting lower than ES2020.
src/core/signal.ts(318,56): error TS2737: BigInt literals are not available when targeting lower than ES2020.
src/core/signal.ts(321,66): error TS2737: BigInt literals are not available when targeting lower than ES2020.
src/core/signal.ts(325,29): error TS2737: BigInt literals are not available when targeting lower than ES2020.
src/core/signal.ts(329,61): error TS2737: BigInt literals are not available when targeting lower than ES2020.
src/core/signal.ts(333,29): error TS2737: BigInt literals are not available when targeting lower than ES2020.
src/core/signal.ts(337,76): error TS2737: BigInt literals are not available when targeting lower than ES2020.
src/core/signal.ts(341,29): error TS2737: BigInt literals are not available when targeting lower than ES2020.
src/core/signal.ts(344,67): error TS2737: BigInt literals are not available when targeting lower than ES2020.
src/core/signal.ts(348,29): error TS2737: BigInt literals are not available when targeting lower than ES2020.
src/core/signal.ts(353,71): error TS2737: BigInt literals are not available when targeting lower than ES2020.
src/core/signal.ts(394,22): error TS2737: BigInt literals are not available when targeting lower than ES2020.
src/core/signal.ts(396,44): error TS2737: BigInt literals are not available when targeting lower than ES2020.
src/core/signal.ts(398,48): error TS2737: BigInt literals are not available when targeting lower than ES2020.
src/core/signal.ts(478,28): error TS2737: BigInt literals are not available when targeting lower than ES2020.
src/core/signal.ts(479,11): error TS2737: BigInt literals are not available when targeting lower than ES2020.
src/core/signal.ts(479,34): error TS2737: BigInt literals are not available when targeting lower than ES2020.
src/core/signal.ts(492,17): error TS2737: BigInt literals are not available when targeting lower than ES2020.
src/core/signal.ts(505,24): error TS2737: BigInt literals are not available when targeting lower than ES2020.
src/core/signal.ts(514,43): error TS2737: BigInt literals are not available when targeting lower than ES2020.
src/core/signal.ts(524,53): error TS2737: BigInt literals are not available when targeting lower than ES2020.
src/core/signal.ts(530,51): error TS2737: BigInt literals are not available when targeting lower than ES2020.
src/solver/analog/ckt-load.ts(108,33): error TS2802: Type 'Map<number, number>' can only be iterated through when using the '--downlevelIteration' flag or with a '--target' of 'es2015' or higher.
src/solver/analog/ckt-load.ts(123,33): error TS2802: Type 'Map<number, number>' can only be iterated through when using the '--downlevelIteration' flag or with a '--target' of 'es2015' or higher.
src/solver/analog/digital-pin-model.ts(172,16): error TS2339: Property 'stampRHS' does not exist on type 'SparseSolver'.
src/solver/analog/digital-pin-model.ts(180,16): error TS2339: Property 'stampRHS' does not exist on type 'SparseSolver'.
src/solver/analog/digital-pin-model.ts(197,16): error TS2339: Property 'stampRHS' does not exist on type 'SparseSolver'.
src/solver/analog/newton-raphson.ts(711,24): error TS2345: Argument of type '"internal-error"' is not assignable to parameter of type 'DiagnosticCode'.
src/solver/analog/state-schema.ts(122,24): error TS2802: Type 'Map<string, unknown>' can only be iterated through when using the '--downlevelIteration' flag or with a '--target' of 'es2015' or higher.
src/solver/digital/bus-resolution.ts(25,31): error TS2307: Cannot find module '@/core/errors.js' or its corresponding type declarations.
src/solver/digital/bus-resolution.ts(260,31): error TS2802: Type 'Set<number>' can only be iterated through when using the '--downlevelIteration' flag or with a '--target' of 'es2015' or higher.
src/solver/digital/bus-resolution.ts(276,26): error TS2802: Type 'MapIterator<BusNet>' can only be iterated through when using the '--downlevelIteration' flag or with a '--target' of 'es2015' or higher.
src/solver/digital/compiled-circuit.ts(13,38): error TS2307: Cannot find module '@/core/engine-interface' or its corresponding type declarations.
src/solver/digital/compiled-circuit.ts(14,37): error TS2307: Cannot find module '@/core/element' or its corresponding type declarations.
src/solver/digital/compiled-circuit.ts(15,27): error TS2307: Cannot find module '@/core/circuit' or its corresponding type declarations.
src/solver/digital/compiled-circuit.ts(16,55): error TS2307: Cannot find module '@/core/registry' or its corresponding type declarations.
src/solver/digital/compiled-circuit.ts(17,36): error TS2307: Cannot find module '@/core/properties' or its corresponding type declarations.
src/solver/digital/digital-engine.ts(27,8): error TS2307: Cannot find module '@/core/engine-interface' or its corresponding type declarations.
src/solver/digital/digital-engine.ts(28,29): error TS2307: Cannot find module '@/core/engine-interface' or its corresponding type declarations.
src/solver/digital/digital-engine.ts(29,59): error TS2307: Cannot find module '@/core/signal' or its corresponding type declarations.
src/solver/digital/digital-engine.ts(30,55): error TS2307: Cannot find module '@/core/registry' or its corresponding type declarations.
src/solver/digital/digital-engine.ts(31,37): error TS2307: Cannot find module '@/core/element' or its corresponding type declarations.
src/solver/digital/digital-engine.ts(32,27): error TS2307: Cannot find module '@/core/circuit' or its corresponding type declarations.
src/solver/digital/digital-engine.ts(36,116): error TS2307: Cannot find module '@/components/memory/ram.js' or its corresponding type declarations.
src/solver/digital/digital-engine.ts(38,34): error TS2307: Cannot find module '@/core/errors.js' or its corresponding type declarations.
src/solver/digital/digital-engine.ts(40,27): error TS2307: Cannot find module '@/core/constants' or its corresponding type declarations.
src/solver/digital/digital-engine.ts(210,26): error TS2737: BigInt literals are not available when targeting lower than ES2020.
src/solver/digital/digital-engine.ts(302,27): error TS2737: BigInt literals are not available when targeting lower than ES2020.
src/solver/digital/digital-engine.ts(311,40): error TS2339: Property 'netCount' does not exist on type 'ConcreteCompiledCircuit'.
src/solver/digital/digital-engine.ts(315,25): error TS2737: BigInt literals are not available when targeting lower than ES2020.
src/solver/digital/digital-engine.ts(327,63): error TS2339: Property 'netCount' does not exist on type 'ConcreteCompiledCircuit'.
src/solver/digital/digital-engine.ts(331,25): error TS2737: BigInt literals are not available when targeting lower than ES2020.
src/solver/digital/digital-engine.ts(400,36): error TS2802: Type 'Map<number, CircuitElement>' can only be iterated through when using the '--downlevelIteration' flag or with a '--target' of 'es2015' or higher.
src/solver/digital/digital-engine.ts(609,27): error TS2737: BigInt literals are not available when targeting lower than ES2020.
src/solver/digital/digital-engine.ts(822,32): error TS2339: Property 'netCount' does not exist on type 'ConcreteCompiledCircuit'.
src/solver/digital/digital-engine.ts(835,37): error TS2339: Property 'netCount' does not exist on type 'ConcreteCompiledCircuit'.
src/solver/digital/digital-engine.ts(878,32): error TS2339: Property 'netCount' does not exist on type 'ConcreteCompiledCircuit'.
src/solver/digital/digital-engine.ts(976,18): error TS2737: BigInt literals are not available when targeting lower than ES2020.
src/solver/digital/digital-engine.ts(1131,28): error TS2802: Type 'Set<EngineChangeListener>' can only be iterated through when using the '--downlevelIteration' flag or with a '--target' of 'es2015' or higher.
src/solver/digital/digital-engine.ts(1141,28): error TS2802: Type 'Set<MeasurementObserver>' can only be iterated through when using the '--downlevelIteration' flag or with a '--target' of 'es2015' or higher.
src/solver/digital/digital-engine.ts(1183,31): error TS2339: Property 'componentCount' does not exist on type 'ConcreteCompiledCircuit'.
src/solver/digital/oscillation.ts(68,23): error TS2802: Type 'Iterable<number>' can only be iterated through when using the '--downlevelIteration' flag or with a '--target' of 'es2015' or higher.
src/solver/digital/oscillation.ts(87,32): error TS2802: Type 'Map<number, number>' can only be iterated through when using the '--downlevelIteration' flag or with a '--target' of 'es2015' or higher.
