
[1m[7m[36m RUN [39m[27m[22m [36mv2.1.9 [39m[90mC:/local_working_projects/digital_in_browser[39m

 [31m❯[39m src/solver/analog/__tests__/sparse-solver.test.ts [2m([22m[2m60 tests[22m[2m | [22m[31m7 failed[39m[2m | [22m[33m53 skipped[39m[2m)[22m[90m 11[2mms[22m[39m
[31m   [31m×[31m SparseSolver preorder[2m > [22mpreorder can be called before factorWithReorder without error[90m 5[2mms[22m[31m[39m
[31m     → solver.factorWithReorder is not a function[39m
[31m   [31m×[31m SparseSolver preorder[2m > [22mpreorder is idempotent — second call is a no-op[90m 0[2mms[22m[31m[39m
[31m     → solver.factorWithReorder is not a function[39m
[31m   [31m×[31m SparseSolver SMPpreOrder[2m > [22mpreorder_fixes_zero_diagonal_from_voltage_source[90m 0[2mms[22m[31m[39m
[31m     → solver.factorWithReorder is not a function[39m
[31m   [31m×[31m SparseSolver SMPpreOrder[2m > [22mpreorder_handles_multiple_twins[90m 0[2mms[22m[31m[39m
[31m     → solver.factorWithReorder is not a function[39m
[31m   [31m×[31m SparseSolver SMPpreOrder[2m > [22mpreorder_is_idempotent[90m 0[2mms[22m[31m[39m
[31m     → solver.factorWithReorder is not a function[39m
[31m   [31m×[31m SparseSolver SMPpreOrder[2m > [22mpreorder_no_swap_when_diagonal_nonzero[90m 1[2mms[22m[31m[39m
[31m     → solver.factorWithReorder is not a function[39m
[31m   [31m×[31m SparseSolver SMPpreOrder[2m > [22m_elCol_preserved_after_preorder_swap[90m 2[2mms[22m[31m[39m
[31m     → expected false to be true // Object.is equality[39m

[31m⎯⎯⎯⎯⎯⎯⎯[1m[7m Failed Tests 7 [27m[22m⎯⎯⎯⎯⎯⎯⎯[39m

[31m[1m[7m FAIL [27m[22m[39m src/solver/analog/__tests__/sparse-solver.test.ts[2m > [22mSparseSolver preorder[2m > [22mpreorder can be called before factorWithReorder without error
[31m[1mTypeError[22m: solver.factorWithReorder is not a function[39m
[36m [2m❯[22m src/solver/analog/__tests__/sparse-solver.test.ts:[2m583:27[22m[39m
    [90m581| [39m    solver[33m.[39m[34mstampRHS[39m([34m1[39m[33m,[39m [34m2[39m)[33m;[39m
    [90m582| [39m    solver[33m.[39m[34mpreorder[39m()[33m;[39m
    [90m583| [39m    [35mconst[39m result [33m=[39m solver[33m.[39m[34mfactorWithReorder[39m()[33m;[39m
    [90m   | [39m                          [31m^[39m
    [90m584| [39m    [34mexpect[39m(result)[33m.[39m[34mtoBe[39m([34m0[39m)[33m;[39m
    [90m585| [39m    [35mconst[39m x [33m=[39m [35mnew[39m [33mFloat64Array[39m([34m2[39m)[33m;[39m

[31m[2m⎯⎯⎯⎯⎯⎯⎯⎯⎯⎯⎯⎯⎯⎯⎯⎯⎯⎯⎯⎯⎯⎯⎯⎯[1/7]⎯[22m[39m

[31m[1m[7m FAIL [27m[22m[39m src/solver/analog/__tests__/sparse-solver.test.ts[2m > [22mSparseSolver preorder[2m > [22mpreorder is idempotent — second call is a no-op
[31m[1mTypeError[22m: solver.factorWithReorder is not a function[39m
[36m [2m❯[22m src/solver/analog/__tests__/sparse-solver.test.ts:[2m598:27[22m[39m
    [90m596| [39m    solver[33m.[39m[34mpreorder[39m()[33m;[39m
    [90m597| [39m    solver[33m.[39m[34mpreorder[39m()[33m;[39m
    [90m598| [39m    [35mconst[39m result [33m=[39m solver[33m.[39m[34mfactorWithReorder[39m()[33m;[39m
    [90m   | [39m                          [31m^[39m
    [90m599| [39m    [34mexpect[39m(result)[33m.[39m[34mtoBe[39m([34m0[39m)[33m;[39m
    [90m600| [39m    [35mconst[39m x [33m=[39m [35mnew[39m [33mFloat64Array[39m([34m2[39m)[33m;[39m

[31m[2m⎯⎯⎯⎯⎯⎯⎯⎯⎯⎯⎯⎯⎯⎯⎯⎯⎯⎯⎯⎯⎯⎯⎯⎯[2/7]⎯[22m[39m

[31m[1m[7m FAIL [27m[22m[39m src/solver/analog/__tests__/sparse-solver.test.ts[2m > [22mSparseSolver SMPpreOrder[2m > [22mpreorder_fixes_zero_diagonal_from_voltage_source
[31m[1mTypeError[22m: solver.factorWithReorder is not a function[39m
[36m [2m❯[22m src/solver/analog/__tests__/sparse-solver.test.ts:[2m1634:27[22m[39m
    [90m1632| [39m    [90m// (because column 0 and column 2 were swapped if twin pair found).[39m
    [90m1633| [39m    [90m// Factor and solve — verify correct result.[39m
    [90m1634| [39m    [35mconst[39m result [33m=[39m solver[33m.[39m[34mfactorWithReorder[39m()[33m;[39m
    [90m   | [39m                          [31m^[39m
    [90m1635| [39m    [34mexpect[39m(result)[33m.[39m[34mtoBe[39m([34m0[39m)[33m;[39m
    [90m1636| [39m

[31m[2m⎯⎯⎯⎯⎯⎯⎯⎯⎯⎯⎯⎯⎯⎯⎯⎯⎯⎯⎯⎯⎯⎯⎯⎯[3/7]⎯[22m[39m

[31m[1m[7m FAIL [27m[22m[39m src/solver/analog/__tests__/sparse-solver.test.ts[2m > [22mSparseSolver SMPpreOrder[2m > [22mpreorder_handles_multiple_twins
[31m[1mTypeError[22m: solver.factorWithReorder is not a function[39m
[36m [2m❯[22m src/solver/analog/__tests__/sparse-solver.test.ts:[2m1685:27[22m[39m
    [90m1683| [39m    solver[33m.[39m[34mpreorder[39m()[33m;[39m
    [90m1684| [39m
    [90m1685| [39m    [35mconst[39m result [33m=[39m solver[33m.[39m[34mfactorWithReorder[39m()[33m;[39m
    [90m   | [39m                          [31m^[39m
    [90m1686| [39m    [34mexpect[39m(result)[33m.[39m[34mtoBe[39m([34m0[39m)[33m;[39m
    [90m1687| [39m

[31m[2m⎯⎯⎯⎯⎯⎯⎯⎯⎯⎯⎯⎯⎯⎯⎯⎯⎯⎯⎯⎯⎯⎯⎯⎯[4/7]⎯[22m[39m

[31m[1m[7m FAIL [27m[22m[39m src/solver/analog/__tests__/sparse-solver.test.ts[2m > [22mSparseSolver SMPpreOrder[2m > [22mpreorder_is_idempotent
[31m[1mTypeError[22m: solver.factorWithReorder is not a function[39m
[36m [2m❯[22m src/solver/analog/__tests__/sparse-solver.test.ts:[2m1723:27[22m[39m
    [90m1721| [39m
    [90m1722| [39m    [90m// Should still factor and solve correctly[39m
    [90m1723| [39m    [35mconst[39m result [33m=[39m solver[33m.[39m[34mfactorWithReorder[39m()[33m;[39m
    [90m   | [39m                          [31m^[39m
    [90m1724| [39m    [34mexpect[39m(result)[33m.[39m[34mtoBe[39m([34m0[39m)[33m;[39m
    [90m1725| [39m

[31m[2m⎯⎯⎯⎯⎯⎯⎯⎯⎯⎯⎯⎯⎯⎯⎯⎯⎯⎯⎯⎯⎯⎯⎯⎯[5/7]⎯[22m[39m

[31m[1m[7m FAIL [27m[22m[39m src/solver/analog/__tests__/sparse-solver.test.ts[2m > [22mSparseSolver SMPpreOrder[2m > [22mpreorder_no_swap_when_diagonal_nonzero
[31m[1mTypeError[22m: solver.factorWithReorder is not a function[39m
[36m [2m❯[22m src/solver/analog/__tests__/sparse-solver.test.ts:[2m1758:27[22m[39m
    [90m1756| [39m    [34mexpect[39m(colHeadAfter)[33m.[39m[34mtoEqual[39m(colHeadBefore)[33m;[39m
    [90m1757| [39m
    [90m1758| [39m    [35mconst[39m result [33m=[39m solver[33m.[39m[34mfactorWithReorder[39m()[33m;[39m
    [90m   | [39m                          [31m^[39m
    [90m1759| [39m    [34mexpect[39m(result)[33m.[39m[34mtoBe[39m([34m0[39m)[33m;[39m
    [90m1760| [39m

[31m[2m⎯⎯⎯⎯⎯⎯⎯⎯⎯⎯⎯⎯⎯⎯⎯⎯⎯⎯⎯⎯⎯⎯⎯⎯[6/7]⎯[22m[39m

[31m[1m[7m FAIL [27m[22m[39m src/solver/analog/__tests__/sparse-solver.test.ts[2m > [22mSparseSolver SMPpreOrder[2m > [22m_elCol_preserved_after_preorder_swap
[31m[1mAssertionError[22m: expected false to be true // Object.is equality[39m

[32m- Expected[39m
[31m+ Received[39m

[32m- true[39m
[31m+ false[39m

[36m [2m❯[22m src/solver/analog/__tests__/sparse-solver.test.ts:[2m1790:26[22m[39m
    [90m1788| [39m    [35mconst[39m perm [33m=[39m [33mArray[39m[33m.[39m[35mfrom[39m((solver [35mas[39m any)[33m.[39m_preorderColPerm [35mas[39m [33mInt32A[39m…
    [90m1789| [39m    [35mconst[39m swapOccurred [33m=[39m perm[33m.[39m[34msome[39m((v[33m,[39m i) [33m=>[39m v [33m!==[39m i)[33m;[39m
    [90m1790| [39m    [34mexpect[39m(swapOccurred)[33m.[39m[34mtoBe[39m([35mtrue[39m)[33m;[39m
    [90m   | [39m                         [31m^[39m
    [90m1791| [39m
    [90m1792| [39m    [90m// Every element's _elCol must still equal its original column.[39m

[31m[2m⎯⎯⎯⎯⎯⎯⎯⎯⎯⎯⎯⎯⎯⎯⎯⎯⎯⎯⎯⎯⎯⎯⎯⎯[7/7]⎯[22m[39m

[2m Test Files [22m [1m[31m1 failed[39m[22m[90m (1)[39m
[2m      Tests [22m [1m[31m7 failed[39m[22m[2m | [22m[33m53 skipped[39m[90m (60)[39m
[2m   Start at [22m 00:16:26
[2m   Duration [22m 781ms[2m (transform 262ms, setup 0ms, collect 343ms, tests 11ms, environment 0ms, prepare 147ms)[22m

