src/compile/__tests__/compile-integration.test.ts(100,3): error TS2741: Property 'load' is missing in type '{ pinNodeIds: number[]; allNodeIds: number[]; branchIndex: number; isNonlinear: false; isReactive: false; stampAc(_s: ComplexSparseSolver, _omega: number, _ctx: LoadContext): void; getPinCurrents(_v: Float64Array<...>): number[]; setParam(_key: string, _value: number): void; }' but required in type 'AnalogElement'.
src/compile/__tests__/compile-integration.test.ts(113,3): error TS2741: Property 'load' is missing in type '{ pinNodeIds: number[]; allNodeIds: number[]; branchIndex: number; isNonlinear: false; isReactive: false; stampAc(_s: ComplexSparseSolver, _omega: number, _ctx: LoadContext): void; getPinCurrents(_v: Float64Array<...>): number[]; setParam(_key: string, _value: number): void; }' but required in type 'AnalogElement'.
src/compile/__tests__/compile-integration.test.ts(126,3): error TS2741: Property 'load' is missing in type '{ pinNodeIds: number[]; allNodeIds: number[]; branchIndex: number; isNonlinear: false; isReactive: true; stampAc(_s: ComplexSparseSolver, _omega: number, _ctx: LoadContext): void; getPinCurrents(_v: Float64Array<...>): number[]; setParam(_key: string, _value: number): void; }' but required in type 'AnalogElement'.
src/compile/__tests__/compile.test.ts(172,3): error TS2741: Property 'load' is missing in type '{ pinNodeIds: number[]; allNodeIds: number[]; branchIndex: number; isNonlinear: false; isReactive: false; stampAc(solver: ComplexSparseSolver, _omega: number, _ctx: LoadContext): void; getPinCurrents(_v: Float64Array<...>): number[]; setParam(_key: string, _value: number): void; }' but required in type 'AnalogElement'.
src/compile/__tests__/pin-loading-menu.test.ts(54,3): error TS2741: Property 'load' is missing in type '{ pinNodeIds: number[]; allNodeIds: number[]; branchIndex: number; isNonlinear: false; isReactive: false; stampAc(_s: ComplexSparseSolver, _omega: number, _ctx: LoadContext): void; getPinCurrents(_v: Float64Array<...>): number[]; setParam(_key: string, _value: number): void; }' but required in type 'AnalogElement'.
src/components/active/__tests__/opamp.test.ts(327,11): error TS6196: 'CaptureRhs' is declared but never used.
src/components/active/__tests__/real-opamp.test.ts(186,21): error TS2345: Argument of type 'CKTCircuitContext' is not assignable to parameter of type 'LoadContext'.
  Type 'CKTCircuitContext' is missing the following properties from type 'LoadContext': matrix, time, dt, method, and 7 more.
src/components/io/__tests__/led.test.ts(749,5): error TS2322: Type '(solver: SparseSolver) => void' is not assignable to type '(solver: ComplexSparseSolver, omega: number, ctx: LoadContext) => void'.
  Types of parameters 'solver' and 'solver' are incompatible.
    Type 'ComplexSparseSolver' is missing the following properties from type 'SparseSolver': _elRow, _elCol, _elVal, _elNextInRow, and 92 more.
src/components/io/__tests__/led.test.ts(909,10): error TS2339: Property 'initState' does not exist on type 'AnalogElementCore'.
src/components/io/__tests__/led.test.ts(981,45): error TS2345: Argument of type '"CAP_GEQ"' is not assignable to parameter of type '"Q" | "GEQ" | "IEQ" | "CCAP" | "VD" | "ID"'.
src/components/io/__tests__/led.test.ts(982,45): error TS2345: Argument of type '"CAP_IEQ"' is not assignable to parameter of type '"Q" | "GEQ" | "IEQ" | "CCAP" | "VD" | "ID"'.
src/components/io/__tests__/led.test.ts(983,45): error TS2345: Argument of type '"V"' is not assignable to parameter of type '"Q" | "GEQ" | "IEQ" | "CCAP" | "VD" | "ID"'.
src/components/passives/__tests__/polarized-cap.test.ts(364,9): error TS6199: All variables are unused.
src/components/passives/__tests__/potentiometer.test.ts(238,24): error TS2339: Property 'pinNodeIds' does not exist on type 'AnalogElementCore'.
src/components/passives/__tests__/potentiometer.test.ts(239,24): error TS2339: Property 'allNodeIds' does not exist on type 'AnalogElementCore'.
src/components/semiconductors/__tests__/bjt.test.ts(715,3): error TS6199: All variables are unused.
src/components/semiconductors/__tests__/bjt.test.ts(1529,3): error TS6199: All variables are unused.
src/components/semiconductors/__tests__/bjt.test.ts(1530,3): error TS6199: All variables are unused.
src/components/semiconductors/__tests__/diode.test.ts(442,6): error TS2352: Conversion of type 'AnalogElementCore' to type '{ stateBaseOffset: number; }' may be a mistake because neither type sufficiently overlaps with the other. If this was intentional, convert the expression to 'unknown' first.
  Property 'stateBaseOffset' is missing in type 'AnalogElementCore' but required in type '{ stateBaseOffset: number; }'.
src/components/semiconductors/__tests__/diode.test.ts(619,6): error TS2352: Conversion of type 'AnalogElementCore' to type '{ stateBaseOffset: number; }' may be a mistake because neither type sufficiently overlaps with the other. If this was intentional, convert the expression to 'unknown' first.
  Property 'stateBaseOffset' is missing in type 'AnalogElementCore' but required in type '{ stateBaseOffset: number; }'.
src/components/semiconductors/__tests__/diode.test.ts(664,6): error TS2352: Conversion of type 'AnalogElementCore' to type '{ stateBaseOffset: number; }' may be a mistake because neither type sufficiently overlaps with the other. If this was intentional, convert the expression to 'unknown' first.
  Property 'stateBaseOffset' is missing in type 'AnalogElementCore' but required in type '{ stateBaseOffset: number; }'.
src/components/semiconductors/__tests__/diode.test.ts(916,15): error TS2345: Argument of type '{ rhs: Float64Array<ArrayBuffer>; solver: SparseSolver; matrix: SparseSolver; rhsOld: Float64Array<ArrayBufferLike>; ... 15 more ...; voltTol: number; }' is not assignable to parameter of type 'LoadContext'.
  Type '{ rhs: Float64Array<ArrayBuffer>; solver: SparseSolver; matrix: SparseSolver; rhsOld: Float64Array<ArrayBufferLike>; ... 15 more ...; voltTol: number; }' is missing the following properties from type 'LoadContext': time, convergenceCollector, temp, vt
src/components/semiconductors/__tests__/diode.test.ts(985,15): error TS2345: Argument of type '{ solver: SparseSolver; matrix: SparseSolver; rhsOld: Float64Array<ArrayBufferLike>; rhs: Float64Array<ArrayBufferLike>; ... 15 more ...; voltTol: number; }' is not assignable to parameter of type 'LoadContext'.
  Type '{ solver: SparseSolver; matrix: SparseSolver; rhsOld: Float64Array<ArrayBufferLike>; rhs: Float64Array<ArrayBufferLike>; ... 15 more ...; voltTol: number; }' is missing the following properties from type 'LoadContext': time, convergenceCollector, temp, vt
src/components/semiconductors/__tests__/diode.test.ts(1032,15): error TS2345: Argument of type '{ solver: SparseSolver; matrix: SparseSolver; rhs: Float64Array<ArrayBuffer>; rhsOld: Float64Array<ArrayBuffer>; ... 18 more ...; voltTol: number; }' is not assignable to parameter of type 'LoadContext'.
  Property 'time' is missing in type '{ solver: SparseSolver; matrix: SparseSolver; rhs: Float64Array<ArrayBuffer>; rhsOld: Float64Array<ArrayBuffer>; ... 18 more ...; voltTol: number; }' but required in type 'LoadContext'.
src/components/semiconductors/__tests__/diode.test.ts(1077,15): error TS2345: Argument of type '{ solver: SparseSolver; matrix: SparseSolver; rhs: Float64Array<ArrayBuffer>; rhsOld: Float64Array<ArrayBuffer>; ... 18 more ...; voltTol: number; }' is not assignable to parameter of type 'LoadContext'.
  Property 'time' is missing in type '{ solver: SparseSolver; matrix: SparseSolver; rhs: Float64Array<ArrayBuffer>; rhsOld: Float64Array<ArrayBuffer>; ... 18 more ...; voltTol: number; }' but required in type 'LoadContext'.
src/components/semiconductors/__tests__/diode.test.ts(1123,15): error TS2345: Argument of type '{ solver: SparseSolver; rhsOld: Float64Array<ArrayBuffer>; rhs: Float64Array<ArrayBuffer>; cktMode: number; ... 14 more ...; voltTol: number; }' is not assignable to parameter of type 'LoadContext'.
  Type '{ solver: SparseSolver; rhsOld: Float64Array<ArrayBuffer>; rhs: Float64Array<ArrayBuffer>; cktMode: number; ... 14 more ...; voltTol: number; }' is missing the following properties from type 'LoadContext': matrix, time, convergenceCollector, temp, vt
src/components/semiconductors/__tests__/diode.test.ts(1165,15): error TS2345: Argument of type '{ solver: SparseSolver; rhsOld: Float64Array<ArrayBuffer>; rhs: Float64Array<ArrayBuffer>; cktMode: number; ... 14 more ...; voltTol: number; }' is not assignable to parameter of type 'LoadContext'.
  Type '{ solver: SparseSolver; rhsOld: Float64Array<ArrayBuffer>; rhs: Float64Array<ArrayBuffer>; cktMode: number; ... 14 more ...; voltTol: number; }' is missing the following properties from type 'LoadContext': matrix, time, convergenceCollector, temp, vt
src/components/semiconductors/__tests__/diode.test.ts(1209,15): error TS2345: Argument of type '{ solver: SparseSolver; matrix: SparseSolver; rhsOld: Float64Array<ArrayBuffer>; rhs: Float64Array<ArrayBuffer>; ... 18 more ...; voltTol: number; }' is not assignable to parameter of type 'LoadContext'.
  Property 'time' is missing in type '{ solver: SparseSolver; matrix: SparseSolver; rhsOld: Float64Array<ArrayBuffer>; rhs: Float64Array<ArrayBuffer>; ... 18 more ...; voltTol: number; }' but required in type 'LoadContext'.
src/components/semiconductors/__tests__/diode.test.ts(1252,15): error TS2345: Argument of type '{ solver: SparseSolver; rhsOld: Float64Array<ArrayBuffer>; rhs: Float64Array<ArrayBuffer>; cktMode: number; ... 14 more ...; voltTol: number; }' is not assignable to parameter of type 'LoadContext'.
  Type '{ solver: SparseSolver; rhsOld: Float64Array<ArrayBuffer>; rhs: Float64Array<ArrayBuffer>; cktMode: number; ... 14 more ...; voltTol: number; }' is missing the following properties from type 'LoadContext': matrix, time, convergenceCollector, temp, vt
src/components/semiconductors/__tests__/jfet.test.ts(493,14): error TS2352: Conversion of type '{ cktMode: number; solver: SparseSolver; rhsOld: Float64Array<ArrayBuffer>; rhs: Float64Array<ArrayBuffer>; ... 15 more ...; voltTol: number; }' to type 'LoadContext' may be a mistake because neither type sufficiently overlaps with the other. If this was intentional, convert the expression to 'unknown' first.
  Type '{ cktMode: number; solver: SparseSolver; rhsOld: Float64Array<ArrayBuffer>; rhs: Float64Array<ArrayBuffer>; ... 15 more ...; voltTol: number; }' is missing the following properties from type 'LoadContext': matrix, convergenceCollector, temp, vt
src/components/semiconductors/__tests__/jfet.test.ts(585,14): error TS2352: Conversion of type '{ cktMode: number; solver: SparseSolver; rhsOld: Float64Array<ArrayBuffer>; rhs: Float64Array<ArrayBuffer>; ... 15 more ...; voltTol: number; }' to type 'LoadContext' may be a mistake because neither type sufficiently overlaps with the other. If this was intentional, convert the expression to 'unknown' first.
  Type '{ cktMode: number; solver: SparseSolver; rhsOld: Float64Array<ArrayBuffer>; rhs: Float64Array<ArrayBuffer>; ... 15 more ...; voltTol: number; }' is missing the following properties from type 'LoadContext': matrix, convergenceCollector, temp, vt
src/components/semiconductors/__tests__/mosfet.test.ts(245,20): error TS2339: Property 'pinNodeIds' does not exist on type '{ branchIndex: number; isNonlinear: boolean; isReactive: boolean; poolBacked: true; stateSchema: StateSchema<string>; stateSize: number; stateBaseOffset: number; initState(poolRef: StatePoolRef): void; ... 5 more ...; getLteTimestep(dt: number, deltaOld: readonly number[], order: number, method: IntegrationMethod, l...'.
src/components/semiconductors/__tests__/mosfet.test.ts(246,20): error TS2339: Property 'pinNodeIds' does not exist on type '{ branchIndex: number; isNonlinear: boolean; isReactive: boolean; poolBacked: true; stateSchema: StateSchema<string>; stateSize: number; stateBaseOffset: number; initState(poolRef: StatePoolRef): void; ... 5 more ...; getLteTimestep(dt: number, deltaOld: readonly number[], order: number, method: IntegrationMethod, l...'.
src/components/semiconductors/__tests__/mosfet.test.ts(247,20): error TS2339: Property 'pinNodeIds' does not exist on type '{ branchIndex: number; isNonlinear: boolean; isReactive: boolean; poolBacked: true; stateSchema: StateSchema<string>; stateSize: number; stateBaseOffset: number; initState(poolRef: StatePoolRef): void; ... 5 more ...; getLteTimestep(dt: number, deltaOld: readonly number[], order: number, method: IntegrationMethod, l...'.
src/components/semiconductors/__tests__/mosfet.test.ts(1091,1): error TS6199: All variables are unused.
src/components/semiconductors/__tests__/mosfet.test.ts(1092,1): error TS6199: All variables are unused.
src/components/semiconductors/__tests__/phase-3-xfact-predictor.test.ts(521,30): error TS2345: Argument of type '{ branchIndex: number; isNonlinear: boolean; isReactive: boolean; poolBacked: true; stateSchema: StateSchema<string>; stateSize: number; stateBaseOffset: number; s0: Float64Array<ArrayBuffer>; ... 12 more ...; setParam(key: string, value: number): void; }' is not assignable to parameter of type '{ branchIndex: number; isNonlinear: boolean; isReactive: false; poolBacked: true; stateSchema: StateSchema<string>; stateSize: number; stateBaseOffset: number; s0: Float64Array<ArrayBuffer>; ... 11 more ...; setParam(key: string, value: number): void; }'.
  Types of property 'isReactive' are incompatible.
    Type 'boolean' is not assignable to type 'false'.
src/components/semiconductors/__tests__/phase-3-xfact-predictor.test.ts(546,30): error TS2345: Argument of type '{ branchIndex: number; isNonlinear: boolean; isReactive: boolean; poolBacked: true; stateSchema: StateSchema<string>; stateSize: number; stateBaseOffset: number; s0: Float64Array<ArrayBuffer>; ... 12 more ...; setParam(key: string, value: number): void; }' is not assignable to parameter of type '{ branchIndex: number; isNonlinear: boolean; isReactive: false; poolBacked: true; stateSchema: StateSchema<string>; stateSize: number; stateBaseOffset: number; s0: Float64Array<ArrayBuffer>; ... 11 more ...; setParam(key: string, value: number): void; }'.
  Types of property 'isReactive' are incompatible.
    Type 'boolean' is not assignable to type 'false'.
src/components/semiconductors/__tests__/phase-3-xfact-predictor.test.ts(606,30): error TS2345: Argument of type '{ branchIndex: number; isNonlinear: boolean; isReactive: boolean; poolBacked: true; stateSchema: StateSchema<string>; stateSize: number; stateBaseOffset: number; s0: Float64Array<ArrayBuffer>; ... 12 more ...; setParam(key: string, value: number): void; }' is not assignable to parameter of type '{ branchIndex: number; isNonlinear: boolean; isReactive: false; poolBacked: true; stateSchema: StateSchema<string>; stateSize: number; stateBaseOffset: number; s0: Float64Array<ArrayBuffer>; ... 11 more ...; setParam(key: string, value: number): void; }'.
  Types of property 'isReactive' are incompatible.
    Type 'boolean' is not assignable to type 'false'.
src/components/semiconductors/__tests__/phase-3-xfact-predictor.test.ts(633,30): error TS2345: Argument of type '{ branchIndex: number; isNonlinear: boolean; isReactive: boolean; poolBacked: true; stateSchema: StateSchema<string>; stateSize: number; stateBaseOffset: number; s0: Float64Array<ArrayBuffer>; ... 12 more ...; setParam(key: string, value: number): void; }' is not assignable to parameter of type '{ branchIndex: number; isNonlinear: boolean; isReactive: false; poolBacked: true; stateSchema: StateSchema<string>; stateSize: number; stateBaseOffset: number; s0: Float64Array<ArrayBuffer>; ... 11 more ...; setParam(key: string, value: number): void; }'.
  Types of property 'isReactive' are incompatible.
    Type 'boolean' is not assignable to type 'false'.
src/components/semiconductors/__tests__/phase-3-xfact-predictor.test.ts(649,17): error TS2345: Argument of type '{ branchIndex: number; isNonlinear: boolean; isReactive: boolean; poolBacked: true; stateSchema: StateSchema<string>; stateSize: number; stateBaseOffset: number; s0: Float64Array<ArrayBuffer>; ... 12 more ...; setParam(key: string, value: number): void; }' is not assignable to parameter of type '{ branchIndex: number; isNonlinear: boolean; isReactive: false; poolBacked: true; stateSchema: StateSchema<string>; stateSize: number; stateBaseOffset: number; s0: Float64Array<ArrayBuffer>; ... 11 more ...; setParam(key: string, value: number): void; }'.
  Types of property 'isReactive' are incompatible.
    Type 'boolean' is not assignable to type 'false'.
src/components/semiconductors/__tests__/phase-3-xfact-predictor.test.ts(682,17): error TS2345: Argument of type '{ branchIndex: number; isNonlinear: boolean; isReactive: boolean; poolBacked: true; stateSchema: StateSchema<string>; stateSize: number; stateBaseOffset: number; s0: Float64Array<ArrayBuffer>; ... 12 more ...; setParam(key: string, value: number): void; }' is not assignable to parameter of type '{ branchIndex: number; isNonlinear: boolean; isReactive: false; poolBacked: true; stateSchema: StateSchema<string>; stateSize: number; stateBaseOffset: number; s0: Float64Array<ArrayBuffer>; ... 11 more ...; setParam(key: string, value: number): void; }'.
  Types of property 'isReactive' are incompatible.
    Type 'boolean' is not assignable to type 'false'.
src/components/semiconductors/__tests__/phase-3-xfact-predictor.test.ts(712,30): error TS2345: Argument of type '{ branchIndex: number; isNonlinear: boolean; isReactive: boolean; poolBacked: true; stateSchema: StateSchema<string>; stateSize: number; stateBaseOffset: number; s0: Float64Array<ArrayBuffer>; ... 12 more ...; setParam(key: string, value: number): void; }' is not assignable to parameter of type '{ branchIndex: number; isNonlinear: boolean; isReactive: false; poolBacked: true; stateSchema: StateSchema<string>; stateSize: number; stateBaseOffset: number; s0: Float64Array<ArrayBuffer>; ... 11 more ...; setParam(key: string, value: number): void; }'.
  Types of property 'isReactive' are incompatible.
    Type 'boolean' is not assignable to type 'false'.
src/components/semiconductors/__tests__/scr.test.ts(495,6): error TS2352: Conversion of type 'AnalogElementCore' to type '{ stateBaseOffset: number; }' may be a mistake because neither type sufficiently overlaps with the other. If this was intentional, convert the expression to 'unknown' first.
  Property 'stateBaseOffset' is missing in type 'AnalogElementCore' but required in type '{ stateBaseOffset: number; }'.
src/components/semiconductors/__tests__/tunnel-diode.test.ts(565,11): error TS2739: Type '{ cktMode: number; solver: SparseSolver; matrix: SparseSolver; rhs: Float64Array<ArrayBuffer>; rhsOld: Float64Array<ArrayBuffer>; ... 16 more ...; voltTol: number; }' is missing the following properties from type 'LoadContext': temp, vt
src/components/semiconductors/bjt.ts(576,7): error TS2322: Type 'Float64Array<ArrayBufferLike>' is not assignable to type 'Float64Array<ArrayBuffer>'.
  Type 'ArrayBufferLike' is not assignable to type 'ArrayBuffer'.
    Type 'SharedArrayBuffer' is not assignable to type 'ArrayBuffer'.
      Types of property '[Symbol.toStringTag]' are incompatible.
        Type '"SharedArrayBuffer"' is not assignable to type '"ArrayBuffer"'.
src/components/semiconductors/bjt.ts(576,33): error TS2322: Type 'Float64Array<ArrayBufferLike>' is not assignable to type 'Float64Array<ArrayBuffer>'.
  Type 'ArrayBufferLike' is not assignable to type 'ArrayBuffer'.
    Type 'SharedArrayBuffer' is not assignable to type 'ArrayBuffer'.
      Types of property '[Symbol.toStringTag]' are incompatible.
        Type '"SharedArrayBuffer"' is not assignable to type '"ArrayBuffer"'.
src/components/semiconductors/bjt.ts(576,59): error TS2322: Type 'Float64Array<ArrayBufferLike>' is not assignable to type 'Float64Array<ArrayBuffer>'.
  Type 'ArrayBufferLike' is not assignable to type 'ArrayBuffer'.
    Type 'SharedArrayBuffer' is not assignable to type 'ArrayBuffer'.
      Types of property '[Symbol.toStringTag]' are incompatible.
        Type '"SharedArrayBuffer"' is not assignable to type '"ArrayBuffer"'.
src/components/semiconductors/bjt.ts(576,85): error TS2322: Type 'Float64Array<ArrayBufferLike>' is not assignable to type 'Float64Array<ArrayBuffer>'.
  Type 'ArrayBufferLike' is not assignable to type 'ArrayBuffer'.
    Type 'SharedArrayBuffer' is not assignable to type 'ArrayBuffer'.
      Types of property '[Symbol.toStringTag]' are incompatible.
        Type '"SharedArrayBuffer"' is not assignable to type '"ArrayBuffer"'.
src/components/semiconductors/bjt.ts(577,7): error TS2322: Type 'Float64Array<ArrayBufferLike>' is not assignable to type 'Float64Array<ArrayBuffer>'.
  Type 'ArrayBufferLike' is not assignable to type 'ArrayBuffer'.
    Type 'SharedArrayBuffer' is not assignable to type 'ArrayBuffer'.
      Types of property '[Symbol.toStringTag]' are incompatible.
        Type '"SharedArrayBuffer"' is not assignable to type '"ArrayBuffer"'.
src/components/semiconductors/bjt.ts(577,33): error TS2322: Type 'Float64Array<ArrayBufferLike>' is not assignable to type 'Float64Array<ArrayBuffer>'.
  Type 'ArrayBufferLike' is not assignable to type 'ArrayBuffer'.
    Type 'SharedArrayBuffer' is not assignable to type 'ArrayBuffer'.
      Types of property '[Symbol.toStringTag]' are incompatible.
        Type '"SharedArrayBuffer"' is not assignable to type '"ArrayBuffer"'.
src/components/semiconductors/bjt.ts(577,59): error TS2322: Type 'Float64Array<ArrayBufferLike>' is not assignable to type 'Float64Array<ArrayBuffer>'.
  Type 'ArrayBufferLike' is not assignable to type 'ArrayBuffer'.
    Type 'SharedArrayBuffer' is not assignable to type 'ArrayBuffer'.
      Types of property '[Symbol.toStringTag]' are incompatible.
        Type '"SharedArrayBuffer"' is not assignable to type '"ArrayBuffer"'.
src/components/semiconductors/bjt.ts(577,85): error TS2322: Type 'Float64Array<ArrayBufferLike>' is not assignable to type 'Float64Array<ArrayBuffer>'.
  Type 'ArrayBufferLike' is not assignable to type 'ArrayBuffer'.
    Type 'SharedArrayBuffer' is not assignable to type 'ArrayBuffer'.
      Types of property '[Symbol.toStringTag]' are incompatible.
        Type '"SharedArrayBuffer"' is not assignable to type '"ArrayBuffer"'.
src/components/semiconductors/bjt.ts(1139,7): error TS2322: Type 'Float64Array<ArrayBufferLike>' is not assignable to type 'Float64Array<ArrayBuffer>'.
  Type 'ArrayBufferLike' is not assignable to type 'ArrayBuffer'.
    Type 'SharedArrayBuffer' is not assignable to type 'ArrayBuffer'.
      Types of property '[Symbol.toStringTag]' are incompatible.
        Type '"SharedArrayBuffer"' is not assignable to type '"ArrayBuffer"'.
src/components/semiconductors/bjt.ts(1139,33): error TS2322: Type 'Float64Array<ArrayBufferLike>' is not assignable to type 'Float64Array<ArrayBuffer>'.
  Type 'ArrayBufferLike' is not assignable to type 'ArrayBuffer'.
    Type 'SharedArrayBuffer' is not assignable to type 'ArrayBuffer'.
      Types of property '[Symbol.toStringTag]' are incompatible.
        Type '"SharedArrayBuffer"' is not assignable to type '"ArrayBuffer"'.
src/components/semiconductors/bjt.ts(1139,59): error TS2322: Type 'Float64Array<ArrayBufferLike>' is not assignable to type 'Float64Array<ArrayBuffer>'.
  Type 'ArrayBufferLike' is not assignable to type 'ArrayBuffer'.
    Type 'SharedArrayBuffer' is not assignable to type 'ArrayBuffer'.
      Types of property '[Symbol.toStringTag]' are incompatible.
        Type '"SharedArrayBuffer"' is not assignable to type '"ArrayBuffer"'.
src/components/semiconductors/bjt.ts(1139,85): error TS2322: Type 'Float64Array<ArrayBufferLike>' is not assignable to type 'Float64Array<ArrayBuffer>'.
  Type 'ArrayBufferLike' is not assignable to type 'ArrayBuffer'.
    Type 'SharedArrayBuffer' is not assignable to type 'ArrayBuffer'.
      Types of property '[Symbol.toStringTag]' are incompatible.
        Type '"SharedArrayBuffer"' is not assignable to type '"ArrayBuffer"'.
src/components/semiconductors/bjt.ts(1140,7): error TS2322: Type 'Float64Array<ArrayBufferLike>' is not assignable to type 'Float64Array<ArrayBuffer>'.
  Type 'ArrayBufferLike' is not assignable to type 'ArrayBuffer'.
    Type 'SharedArrayBuffer' is not assignable to type 'ArrayBuffer'.
      Types of property '[Symbol.toStringTag]' are incompatible.
        Type '"SharedArrayBuffer"' is not assignable to type '"ArrayBuffer"'.
src/components/semiconductors/bjt.ts(1140,33): error TS2322: Type 'Float64Array<ArrayBufferLike>' is not assignable to type 'Float64Array<ArrayBuffer>'.
  Type 'ArrayBufferLike' is not assignable to type 'ArrayBuffer'.
    Type 'SharedArrayBuffer' is not assignable to type 'ArrayBuffer'.
      Types of property '[Symbol.toStringTag]' are incompatible.
        Type '"SharedArrayBuffer"' is not assignable to type '"ArrayBuffer"'.
src/components/semiconductors/bjt.ts(1140,59): error TS2322: Type 'Float64Array<ArrayBufferLike>' is not assignable to type 'Float64Array<ArrayBuffer>'.
  Type 'ArrayBufferLike' is not assignable to type 'ArrayBuffer'.
    Type 'SharedArrayBuffer' is not assignable to type 'ArrayBuffer'.
      Types of property '[Symbol.toStringTag]' are incompatible.
        Type '"SharedArrayBuffer"' is not assignable to type '"ArrayBuffer"'.
src/components/semiconductors/bjt.ts(1140,85): error TS2322: Type 'Float64Array<ArrayBufferLike>' is not assignable to type 'Float64Array<ArrayBuffer>'.
  Type 'ArrayBufferLike' is not assignable to type 'ArrayBuffer'.
    Type 'SharedArrayBuffer' is not assignable to type 'ArrayBuffer'.
      Types of property '[Symbol.toStringTag]' are incompatible.
        Type '"SharedArrayBuffer"' is not assignable to type '"ArrayBuffer"'.
src/components/sensors/__tests__/spark-gap.test.ts(283,16): error TS2345: Argument of type 'CKTCircuitContext' is not assignable to parameter of type 'LoadContext'.
  Type 'CKTCircuitContext' is missing the following properties from type 'LoadContext': matrix, time, dt, method, and 7 more.
src/components/sensors/__tests__/spark-gap.test.ts(305,16): error TS2345: Argument of type 'CKTCircuitContext' is not assignable to parameter of type 'LoadContext'.
  Type 'CKTCircuitContext' is missing the following properties from type 'LoadContext': matrix, time, dt, method, and 7 more.
src/components/sensors/__tests__/spark-gap.test.ts(317,16): error TS2345: Argument of type 'CKTCircuitContext' is not assignable to parameter of type 'LoadContext'.
  Type 'CKTCircuitContext' is missing the following properties from type 'LoadContext': matrix, time, dt, method, and 7 more.
src/components/sources/__tests__/ground.test.ts(42,5): error TS2353: Object literal may only specify known properties, and 'voltages' does not exist in type 'LoadContext'.
src/components/sources/__tests__/variable-rail.test.ts(29,3): error TS2739: Type '{ branchIndex: number; isNonlinear: false; isReactive: false; load(ctx: LoadContext): void; }' is missing the following properties from type 'AnalogElement': setParam, getPinCurrents, pinNodeIds, allNodeIds
src/core/__tests__/analog-engine-interface.test.ts(94,7): error TS2739: Type '{ states: Float64Array<ArrayBuffer>[]; state0: Float64Array<ArrayBuffer>; state1: Float64Array<ArrayBuffer>; state2: Float64Array<...>; state3: Float64Array<...>; totalSlots: number; tranStep: number; }' is missing the following properties from type 'StatePoolRef': state4, state5, state6, state7
src/core/__tests__/analog-types-setparam.test.ts(20,11): error TS2741: Property 'load' is missing in type '{ branchIndex: number; isNonlinear: false; isReactive: false; stampAc(): void; getPinCurrents(): never[]; setParam(_key: string, _value: number): void; }' but required in type 'AnalogElementCore'.
src/core/__tests__/resolve-simulation-params.test.ts(42,39): error TS2379: Argument of type '{ maxTimeStep: undefined; tStop: number; outputStep: number; minTimeStep: number; firstStep: number; reltol: number; voltTol: number; abstol: number; chargeTol: number; trtol: number; maxIterations: number; ... 20 more ...; noOpIter?: boolean; }' is not assignable to parameter of type 'SimulationParams' with 'exactOptionalPropertyTypes: true'. Consider adding 'undefined' to the types of the target's properties.
  Types of property 'maxTimeStep' are incompatible.
    Type 'undefined' is not assignable to type 'number'.
src/core/__tests__/resolve-simulation-params.test.ts(52,39): error TS2379: Argument of type '{ maxTimeStep: undefined; tStop: number; outputStep: number; minTimeStep: number; firstStep: number; reltol: number; voltTol: number; abstol: number; chargeTol: number; trtol: number; maxIterations: number; ... 20 more ...; noOpIter?: boolean; }' is not assignable to parameter of type 'SimulationParams' with 'exactOptionalPropertyTypes: true'. Consider adding 'undefined' to the types of the target's properties.
  Types of property 'maxTimeStep' are incompatible.
    Type 'undefined' is not assignable to type 'number'.
src/core/__tests__/resolve-simulation-params.test.ts(63,39): error TS2379: Argument of type '{ maxTimeStep: undefined; minTimeStep: number; firstStep: number; reltol: number; voltTol: number; abstol: number; chargeTol: number; trtol: number; maxIterations: number; transientMaxIterations: number; ... 21 more ...; noOpIter?: boolean; }' is not assignable to parameter of type 'SimulationParams' with 'exactOptionalPropertyTypes: true'. Consider adding 'undefined' to the types of the target's properties.
  Types of property 'maxTimeStep' are incompatible.
    Type 'undefined' is not assignable to type 'number'.
src/core/__tests__/resolve-simulation-params.test.ts(71,39): error TS2379: Argument of type '{ maxTimeStep: undefined; minTimeStep: undefined; tStop: number; outputStep: number; firstStep: number; reltol: number; voltTol: number; abstol: number; chargeTol: number; trtol: number; ... 21 more ...; noOpIter?: boolean; }' is not assignable to parameter of type 'SimulationParams' with 'exactOptionalPropertyTypes: true'. Consider adding 'undefined' to the types of the target's properties.
  Types of property 'maxTimeStep' are incompatible.
    Type 'undefined' is not assignable to type 'number'.
src/core/__tests__/resolve-simulation-params.test.ts(83,39): error TS2379: Argument of type '{ firstStep: undefined; tStop: number; outputStep: number; maxTimeStep: number; minTimeStep: number; reltol: number; voltTol: number; abstol: number; chargeTol: number; trtol: number; maxIterations: number; ... 20 more ...; noOpIter?: boolean; }' is not assignable to parameter of type 'SimulationParams' with 'exactOptionalPropertyTypes: true'. Consider adding 'undefined' to the types of the target's properties.
  Types of property 'firstStep' are incompatible.
    Type 'undefined' is not assignable to type 'number'.
src/core/__tests__/resolve-simulation-params.test.ts(94,39): error TS2379: Argument of type '{ maxTimeStep: undefined; tStop: number; outputStep: number; initTime: number; minTimeStep: number; firstStep: number; reltol: number; voltTol: number; abstol: number; chargeTol: number; ... 21 more ...; noOpIter?: boolean; }' is not assignable to parameter of type 'SimulationParams' with 'exactOptionalPropertyTypes: true'. Consider adding 'undefined' to the types of the target's properties.
  Types of property 'maxTimeStep' are incompatible.
    Type 'undefined' is not assignable to type 'number'.
src/headless/__tests__/rc-rl-diagnostic.test.ts(7,14): error TS7006: Parameter 'n' implicitly has an 'any' type.
src/solver/__tests__/coordinator-bridge-hotload.test.ts(86,20): error TS2345: Argument of type '{ solver: any; voltages: Float64Array<ArrayBuffer>; rhs: Float64Array<ArrayBufferLike>; rhsOld: Float64Array<ArrayBufferLike>; ... 16 more ...; voltTol: number; }' is not assignable to parameter of type 'LoadContext'.
  Type '{ solver: any; voltages: Float64Array<ArrayBuffer>; rhs: Float64Array<ArrayBufferLike>; rhsOld: Float64Array<ArrayBufferLike>; ... 16 more ...; voltTol: number; }' is missing the following properties from type 'LoadContext': time, convergenceCollector, temp, vt
src/solver/__tests__/coordinator-bridge-hotload.test.ts(96,18): error TS2345: Argument of type '{ solver: any; voltages: Float64Array<ArrayBuffer>; rhs: Float64Array<ArrayBufferLike>; rhsOld: Float64Array<ArrayBufferLike>; ... 16 more ...; voltTol: number; }' is not assignable to parameter of type 'LoadContext'.
  Type '{ solver: any; voltages: Float64Array<ArrayBuffer>; rhs: Float64Array<ArrayBufferLike>; rhsOld: Float64Array<ArrayBufferLike>; ... 16 more ...; voltTol: number; }' is missing the following properties from type 'LoadContext': time, convergenceCollector, temp, vt
src/solver/__tests__/coordinator-bridge-hotload.test.ts(112,20): error TS2345: Argument of type '{ solver: any; voltages: Float64Array<ArrayBuffer>; rhs: Float64Array<ArrayBufferLike>; rhsOld: Float64Array<ArrayBufferLike>; ... 16 more ...; voltTol: number; }' is not assignable to parameter of type 'LoadContext'.
  Type '{ solver: any; voltages: Float64Array<ArrayBuffer>; rhs: Float64Array<ArrayBufferLike>; rhsOld: Float64Array<ArrayBufferLike>; ... 16 more ...; voltTol: number; }' is missing the following properties from type 'LoadContext': time, convergenceCollector, temp, vt
src/solver/__tests__/coordinator-bridge-hotload.test.ts(118,18): error TS2345: Argument of type '{ solver: any; voltages: Float64Array<ArrayBuffer>; rhs: Float64Array<ArrayBufferLike>; rhsOld: Float64Array<ArrayBufferLike>; ... 16 more ...; voltTol: number; }' is not assignable to parameter of type 'LoadContext'.
  Type '{ solver: any; voltages: Float64Array<ArrayBuffer>; rhs: Float64Array<ArrayBufferLike>; rhsOld: Float64Array<ArrayBufferLike>; ... 16 more ...; voltTol: number; }' is missing the following properties from type 'LoadContext': time, convergenceCollector, temp, vt
src/solver/__tests__/coordinator-bridge-hotload.test.ts(131,20): error TS2345: Argument of type '{ solver: any; voltages: Float64Array<ArrayBuffer>; rhs: Float64Array<ArrayBufferLike>; rhsOld: Float64Array<ArrayBufferLike>; ... 16 more ...; voltTol: number; }' is not assignable to parameter of type 'LoadContext'.
  Type '{ solver: any; voltages: Float64Array<ArrayBuffer>; rhs: Float64Array<ArrayBufferLike>; rhsOld: Float64Array<ArrayBufferLike>; ... 16 more ...; voltTol: number; }' is missing the following properties from type 'LoadContext': time, convergenceCollector, temp, vt
src/solver/__tests__/coordinator-bridge-hotload.test.ts(140,18): error TS2345: Argument of type '{ solver: any; voltages: Float64Array<ArrayBuffer>; rhs: Float64Array<ArrayBufferLike>; rhsOld: Float64Array<ArrayBufferLike>; ... 16 more ...; voltTol: number; }' is not assignable to parameter of type 'LoadContext'.
  Type '{ solver: any; voltages: Float64Array<ArrayBuffer>; rhs: Float64Array<ArrayBufferLike>; rhsOld: Float64Array<ArrayBufferLike>; ... 16 more ...; voltTol: number; }' is missing the following properties from type 'LoadContext': time, convergenceCollector, temp, vt
src/solver/__tests__/coordinator-bridge.test.ts(293,24): error TS2345: Argument of type '{ solver: any; voltages: Float64Array<ArrayBuffer>; rhs: Float64Array<ArrayBufferLike>; rhsOld: Float64Array<ArrayBufferLike>; ... 16 more ...; voltTol: number; }' is not assignable to parameter of type 'LoadContext'.
  Type '{ solver: any; voltages: Float64Array<ArrayBuffer>; rhs: Float64Array<ArrayBufferLike>; rhsOld: Float64Array<ArrayBufferLike>; ... 16 more ...; voltTol: number; }' is missing the following properties from type 'LoadContext': time, convergenceCollector, temp, vt
src/solver/__tests__/coordinator-bridge.test.ts(369,24): error TS2345: Argument of type '{ solver: any; voltages: Float64Array<ArrayBuffer>; rhs: Float64Array<ArrayBufferLike>; rhsOld: Float64Array<ArrayBufferLike>; ... 16 more ...; voltTol: number; }' is not assignable to parameter of type 'LoadContext'.
  Type '{ solver: any; voltages: Float64Array<ArrayBuffer>; rhs: Float64Array<ArrayBufferLike>; rhsOld: Float64Array<ArrayBufferLike>; ... 16 more ...; voltTol: number; }' is missing the following properties from type 'LoadContext': time, convergenceCollector, temp, vt
src/solver/__tests__/coordinator-bridge.test.ts(392,24): error TS2345: Argument of type '{ solver: any; voltages: Float64Array<ArrayBuffer>; rhs: Float64Array<ArrayBufferLike>; rhsOld: Float64Array<ArrayBufferLike>; ... 16 more ...; voltTol: number; }' is not assignable to parameter of type 'LoadContext'.
  Type '{ solver: any; voltages: Float64Array<ArrayBuffer>; rhs: Float64Array<ArrayBufferLike>; rhsOld: Float64Array<ArrayBufferLike>; ... 16 more ...; voltTol: number; }' is missing the following properties from type 'LoadContext': time, convergenceCollector, temp, vt
src/solver/__tests__/coordinator-bridge.test.ts(405,24): error TS2345: Argument of type '{ solver: any; voltages: Float64Array<ArrayBuffer>; rhs: Float64Array<ArrayBufferLike>; rhsOld: Float64Array<ArrayBufferLike>; ... 16 more ...; voltTol: number; }' is not assignable to parameter of type 'LoadContext'.
  Type '{ solver: any; voltages: Float64Array<ArrayBuffer>; rhs: Float64Array<ArrayBufferLike>; rhsOld: Float64Array<ArrayBufferLike>; ... 16 more ...; voltTol: number; }' is missing the following properties from type 'LoadContext': time, convergenceCollector, temp, vt
src/solver/__tests__/coordinator-bridge.test.ts(416,24): error TS2345: Argument of type '{ solver: any; voltages: Float64Array<ArrayBuffer>; rhs: Float64Array<ArrayBufferLike>; rhsOld: Float64Array<ArrayBufferLike>; ... 16 more ...; voltTol: number; }' is not assignable to parameter of type 'LoadContext'.
  Type '{ solver: any; voltages: Float64Array<ArrayBuffer>; rhs: Float64Array<ArrayBufferLike>; rhsOld: Float64Array<ArrayBufferLike>; ... 16 more ...; voltTol: number; }' is missing the following properties from type 'LoadContext': time, convergenceCollector, temp, vt
src/solver/__tests__/coordinator-capability.test.ts(59,5): error TS2322: Type '(s: SparseSolver) => void' is not assignable to type '(solver: ComplexSparseSolver, omega: number, ctx: LoadContext) => void'.
  Types of parameters 's' and 'solver' are incompatible.
    Type 'ComplexSparseSolver' is missing the following properties from type 'SparseSolver': _elRow, _elCol, _elVal, _elNextInRow, and 92 more.
src/solver/__tests__/coordinator-speed-control.test.ts(57,5): error TS2322: Type '(solver: SparseSolverStamp) => void' is not assignable to type '(solver: ComplexSparseSolver, omega: number, ctx: LoadContext) => void'.
  Types of parameters 'solver' and 'solver' are incompatible.
    Type 'ComplexSparseSolver' is missing the following properties from type 'SparseSolverStamp': allocElement, stampElement
src/solver/analog/__tests__/analog-engine.test.ts(530,22): error TS2339: Property 'push' does not exist on type 'readonly AnalogElement[]'.
src/solver/analog/__tests__/behavioral-combinational.test.ts(77,68): error TS2353: Object literal may only specify known properties, and 'isDcOp' does not exist in type 'SimpleNROptions'.
src/solver/analog/__tests__/behavioral-combinational.test.ts(437,11): error TS2739: Type '{ solver: any; rhsOld: Float64Array<ArrayBuffer>; rhs: Float64Array<ArrayBuffer>; cktMode: number; dt: number; method: "trapezoidal"; ... 12 more ...; voltTol: number; }' is missing the following properties from type 'LoadContext': matrix, time, convergenceCollector, temp, vt
src/solver/analog/__tests__/behavioral-flipflop-variants.test.ts(111,15): error TS2379: Argument of type 'BehavioralJKFlipflopElement' is not assignable to parameter of type 'AnalogElement | ReactiveAnalogElement' with 'exactOptionalPropertyTypes: true'. Consider adding 'undefined' to the types of the target's properties.
  Type 'BehavioralJKFlipflopElement' is not assignable to type 'ReactiveAnalogElement' with 'exactOptionalPropertyTypes: true'. Consider adding 'undefined' to the types of the target's properties.
    Type 'BehavioralJKFlipflopElement' is missing the following properties from type 'ReactiveAnalogElementCore': s0, s1, s2, s3, and 4 more.
src/solver/analog/__tests__/behavioral-flipflop-variants.test.ts(137,15): error TS2379: Argument of type 'BehavioralRSFlipflopElement' is not assignable to parameter of type 'AnalogElement | ReactiveAnalogElement' with 'exactOptionalPropertyTypes: true'. Consider adding 'undefined' to the types of the target's properties.
  Type 'BehavioralRSFlipflopElement' is not assignable to type 'ReactiveAnalogElement' with 'exactOptionalPropertyTypes: true'. Consider adding 'undefined' to the types of the target's properties.
    Type 'BehavioralRSFlipflopElement' is missing the following properties from type 'ReactiveAnalogElementCore': s0, s1, s2, s3, and 4 more.
src/solver/analog/__tests__/behavioral-flipflop-variants.test.ts(161,15): error TS2379: Argument of type 'BehavioralTFlipflopElement' is not assignable to parameter of type 'AnalogElement | ReactiveAnalogElement' with 'exactOptionalPropertyTypes: true'. Consider adding 'undefined' to the types of the target's properties.
  Type 'BehavioralTFlipflopElement' is not assignable to type 'ReactiveAnalogElement' with 'exactOptionalPropertyTypes: true'. Consider adding 'undefined' to the types of the target's properties.
    Type 'BehavioralTFlipflopElement' is missing the following properties from type 'ReactiveAnalogElementCore': s0, s1, s2, s3, and 4 more.
src/solver/analog/__tests__/behavioral-flipflop.test.ts(88,15): error TS2379: Argument of type 'BehavioralDFlipflopElement' is not assignable to parameter of type 'AnalogElement | ReactiveAnalogElement' with 'exactOptionalPropertyTypes: true'. Consider adding 'undefined' to the types of the target's properties.
  Type 'BehavioralDFlipflopElement' is not assignable to type 'ReactiveAnalogElement' with 'exactOptionalPropertyTypes: true'. Consider adding 'undefined' to the types of the target's properties.
    Type 'BehavioralDFlipflopElement' is missing the following properties from type 'ReactiveAnalogElementCore': s0, s1, s2, s3, and 4 more.
src/solver/analog/__tests__/behavioral-flipflop.test.ts(328,17): error TS2379: Argument of type 'BehavioralDFlipflopElement' is not assignable to parameter of type 'AnalogElement | ReactiveAnalogElement' with 'exactOptionalPropertyTypes: true'. Consider adding 'undefined' to the types of the target's properties.
  Type 'BehavioralDFlipflopElement' is not assignable to type 'ReactiveAnalogElement' with 'exactOptionalPropertyTypes: true'. Consider adding 'undefined' to the types of the target's properties.
    Type 'BehavioralDFlipflopElement' is missing the following properties from type 'ReactiveAnalogElementCore': s0, s1, s2, s3, and 4 more.
src/solver/analog/__tests__/behavioral-gate.test.ts(130,68): error TS2353: Object literal may only specify known properties, and 'isDcOp' does not exist in type 'SimpleNROptions'.
src/solver/analog/__tests__/behavioral-gate.test.ts(484,3): error TS2739: Type '{ solver: any; rhsOld: Float64Array<ArrayBufferLike>; rhs: Float64Array<ArrayBufferLike>; cktMode: number; dt: number; ... 13 more ...; voltTol: number; }' is missing the following properties from type 'LoadContext': matrix, time, convergenceCollector, temp, vt
src/solver/analog/__tests__/behavioral-gate.test.ts(703,40): error TS2339: Property 'stateSize' does not exist on type 'AnalogElementCore'.
src/solver/analog/__tests__/behavioral-gate.test.ts(704,13): error TS2339: Property 'stateBaseOffset' does not exist on type 'AnalogElementCore'.
src/solver/analog/__tests__/behavioral-gate.test.ts(705,13): error TS2339: Property 'initState' does not exist on type 'AnalogElementCore'.
src/solver/analog/__tests__/behavioral-remaining.test.ts(392,7): error TS2722: Cannot invoke an object which is possibly 'undefined'.
src/solver/analog/__tests__/behavioral-remaining.test.ts(475,17): error TS2379: Argument of type 'PoolBackedAnalogElementCore' is not assignable to parameter of type 'AnalogElement | ReactiveAnalogElement' with 'exactOptionalPropertyTypes: true'. Consider adding 'undefined' to the types of the target's properties.
  Type 'PoolBackedAnalogElementCore' is not assignable to type 'ReactiveAnalogElement' with 'exactOptionalPropertyTypes: true'. Consider adding 'undefined' to the types of the target's properties.
    Type 'PoolBackedAnalogElementCore' is not assignable to type 'ReactiveAnalogElementCore' with 'exactOptionalPropertyTypes: true'. Consider adding 'undefined' to the types of the target's properties.
      Types of property 'isReactive' are incompatible.
        Type 'boolean' is not assignable to type 'true'.
src/solver/analog/__tests__/behavioral-sequential.test.ts(127,15): error TS2379: Argument of type 'BehavioralCounterElement' is not assignable to parameter of type 'AnalogElement | ReactiveAnalogElement' with 'exactOptionalPropertyTypes: true'. Consider adding 'undefined' to the types of the target's properties.
  Type 'BehavioralCounterElement' is not assignable to type 'ReactiveAnalogElement' with 'exactOptionalPropertyTypes: true'. Consider adding 'undefined' to the types of the target's properties.
    Type 'BehavioralCounterElement' is missing the following properties from type 'ReactiveAnalogElementCore': s0, s1, s2, s3, and 4 more.
src/solver/analog/__tests__/behavioral-sequential.test.ts(188,15): error TS2379: Argument of type 'BehavioralRegisterElement' is not assignable to parameter of type 'AnalogElement | ReactiveAnalogElement' with 'exactOptionalPropertyTypes: true'. Consider adding 'undefined' to the types of the target's properties.
  Type 'BehavioralRegisterElement' is not assignable to type 'ReactiveAnalogElement' with 'exactOptionalPropertyTypes: true'. Consider adding 'undefined' to the types of the target's properties.
    Type 'BehavioralRegisterElement' is missing the following properties from type 'ReactiveAnalogElementCore': s0, s1, s2, s3, and 4 more.
src/solver/analog/__tests__/behavioral-sequential.test.ts(272,17): error TS2379: Argument of type 'BehavioralCounterElement' is not assignable to parameter of type 'AnalogElement | ReactiveAnalogElement' with 'exactOptionalPropertyTypes: true'. Consider adding 'undefined' to the types of the target's properties.
  Type 'BehavioralCounterElement' is not assignable to type 'ReactiveAnalogElement' with 'exactOptionalPropertyTypes: true'. Consider adding 'undefined' to the types of the target's properties.
    Type 'BehavioralCounterElement' is missing the following properties from type 'ReactiveAnalogElementCore': s0, s1, s2, s3, and 4 more.
src/solver/analog/__tests__/behavioral-sequential.test.ts(468,17): error TS2379: Argument of type 'AnalogElementCore' is not assignable to parameter of type 'AnalogElement | ReactiveAnalogElement' with 'exactOptionalPropertyTypes: true'. Consider adding 'undefined' to the types of the target's properties.
  Type 'AnalogElementCore' is not assignable to type 'ReactiveAnalogElement' with 'exactOptionalPropertyTypes: true'. Consider adding 'undefined' to the types of the target's properties.
    Type 'AnalogElementCore' is missing the following properties from type 'ReactiveAnalogElementCore': poolBacked, stateSize, stateBaseOffset, stateSchema, and 9 more.
src/solver/analog/__tests__/bridge-adapter.test.ts(128,18): error TS2345: Argument of type '{ solver: any; voltages: Float64Array<ArrayBuffer>; rhs: Float64Array<ArrayBufferLike>; rhsOld: Float64Array<ArrayBufferLike>; ... 16 more ...; voltTol: number; }' is not assignable to parameter of type 'LoadContext'.
  Type '{ solver: any; voltages: Float64Array<ArrayBuffer>; rhs: Float64Array<ArrayBufferLike>; rhsOld: Float64Array<ArrayBufferLike>; ... 16 more ...; voltTol: number; }' is missing the following properties from type 'LoadContext': time, convergenceCollector, temp, vt
src/solver/analog/__tests__/bridge-adapter.test.ts(140,18): error TS2345: Argument of type '{ solver: any; voltages: Float64Array<ArrayBuffer>; rhs: Float64Array<ArrayBufferLike>; rhsOld: Float64Array<ArrayBufferLike>; ... 16 more ...; voltTol: number; }' is not assignable to parameter of type 'LoadContext'.
  Type '{ solver: any; voltages: Float64Array<ArrayBuffer>; rhs: Float64Array<ArrayBufferLike>; rhsOld: Float64Array<ArrayBufferLike>; ... 16 more ...; voltTol: number; }' is missing the following properties from type 'LoadContext': time, convergenceCollector, temp, vt
src/solver/analog/__tests__/bridge-adapter.test.ts(149,18): error TS2345: Argument of type '{ solver: any; voltages: Float64Array<ArrayBuffer>; rhs: Float64Array<ArrayBufferLike>; rhsOld: Float64Array<ArrayBufferLike>; ... 16 more ...; voltTol: number; }' is not assignable to parameter of type 'LoadContext'.
  Type '{ solver: any; voltages: Float64Array<ArrayBuffer>; rhs: Float64Array<ArrayBufferLike>; rhsOld: Float64Array<ArrayBufferLike>; ... 16 more ...; voltTol: number; }' is missing the following properties from type 'LoadContext': time, convergenceCollector, temp, vt
src/solver/analog/__tests__/bridge-adapter.test.ts(164,18): error TS2345: Argument of type '{ solver: any; voltages: Float64Array<ArrayBuffer>; rhs: Float64Array<ArrayBufferLike>; rhsOld: Float64Array<ArrayBufferLike>; ... 16 more ...; voltTol: number; }' is not assignable to parameter of type 'LoadContext'.
  Type '{ solver: any; voltages: Float64Array<ArrayBuffer>; rhs: Float64Array<ArrayBufferLike>; rhsOld: Float64Array<ArrayBufferLike>; ... 16 more ...; voltTol: number; }' is missing the following properties from type 'LoadContext': time, convergenceCollector, temp, vt
src/solver/analog/__tests__/bridge-adapter.test.ts(171,18): error TS2345: Argument of type '{ solver: any; voltages: Float64Array<ArrayBuffer>; rhs: Float64Array<ArrayBufferLike>; rhsOld: Float64Array<ArrayBufferLike>; ... 16 more ...; voltTol: number; }' is not assignable to parameter of type 'LoadContext'.
  Type '{ solver: any; voltages: Float64Array<ArrayBuffer>; rhs: Float64Array<ArrayBufferLike>; rhsOld: Float64Array<ArrayBufferLike>; ... 16 more ...; voltTol: number; }' is missing the following properties from type 'LoadContext': time, convergenceCollector, temp, vt
src/solver/analog/__tests__/bridge-adapter.test.ts(180,18): error TS2345: Argument of type '{ solver: any; voltages: Float64Array<ArrayBuffer>; rhs: Float64Array<ArrayBufferLike>; rhsOld: Float64Array<ArrayBufferLike>; ... 16 more ...; voltTol: number; }' is not assignable to parameter of type 'LoadContext'.
  Type '{ solver: any; voltages: Float64Array<ArrayBuffer>; rhs: Float64Array<ArrayBufferLike>; rhsOld: Float64Array<ArrayBufferLike>; ... 16 more ...; voltTol: number; }' is missing the following properties from type 'LoadContext': time, convergenceCollector, temp, vt
src/solver/analog/__tests__/bridge-adapter.test.ts(193,18): error TS2345: Argument of type '{ solver: any; voltages: Float64Array<ArrayBuffer>; rhs: Float64Array<ArrayBufferLike>; rhsOld: Float64Array<ArrayBufferLike>; ... 16 more ...; voltTol: number; }' is not assignable to parameter of type 'LoadContext'.
  Type '{ solver: any; voltages: Float64Array<ArrayBuffer>; rhs: Float64Array<ArrayBufferLike>; rhsOld: Float64Array<ArrayBufferLike>; ... 16 more ...; voltTol: number; }' is missing the following properties from type 'LoadContext': time, convergenceCollector, temp, vt
src/solver/analog/__tests__/bridge-adapter.test.ts(214,18): error TS2345: Argument of type '{ solver: any; voltages: Float64Array<ArrayBuffer>; rhs: Float64Array<ArrayBufferLike>; rhsOld: Float64Array<ArrayBufferLike>; ... 16 more ...; voltTol: number; }' is not assignable to parameter of type 'LoadContext'.
  Type '{ solver: any; voltages: Float64Array<ArrayBuffer>; rhs: Float64Array<ArrayBufferLike>; rhsOld: Float64Array<ArrayBufferLike>; ... 16 more ...; voltTol: number; }' is missing the following properties from type 'LoadContext': time, convergenceCollector, temp, vt
src/solver/analog/__tests__/bridge-adapter.test.ts(219,18): error TS2345: Argument of type '{ solver: any; voltages: Float64Array<ArrayBuffer>; rhs: Float64Array<ArrayBufferLike>; rhsOld: Float64Array<ArrayBufferLike>; ... 16 more ...; voltTol: number; }' is not assignable to parameter of type 'LoadContext'.
  Type '{ solver: any; voltages: Float64Array<ArrayBuffer>; rhs: Float64Array<ArrayBufferLike>; rhsOld: Float64Array<ArrayBufferLike>; ... 16 more ...; voltTol: number; }' is missing the following properties from type 'LoadContext': time, convergenceCollector, temp, vt
src/solver/analog/__tests__/bridge-compilation.test.ts(137,18): error TS2345: Argument of type '{ solver: any; voltages: Float64Array<ArrayBuffer>; rhs: Float64Array<ArrayBufferLike>; rhsOld: Float64Array<ArrayBufferLike>; ... 16 more ...; voltTol: number; }' is not assignable to parameter of type 'LoadContext'.
  Type '{ solver: any; voltages: Float64Array<ArrayBuffer>; rhs: Float64Array<ArrayBufferLike>; rhsOld: Float64Array<ArrayBufferLike>; ... 16 more ...; voltTol: number; }' is missing the following properties from type 'LoadContext': time, convergenceCollector, temp, vt
src/solver/analog/__tests__/bridge-compilation.test.ts(150,18): error TS2345: Argument of type '{ solver: any; voltages: Float64Array<ArrayBuffer>; rhs: Float64Array<ArrayBufferLike>; rhsOld: Float64Array<ArrayBufferLike>; ... 16 more ...; voltTol: number; }' is not assignable to parameter of type 'LoadContext'.
  Type '{ solver: any; voltages: Float64Array<ArrayBuffer>; rhs: Float64Array<ArrayBufferLike>; rhsOld: Float64Array<ArrayBufferLike>; ... 16 more ...; voltTol: number; }' is missing the following properties from type 'LoadContext': time, convergenceCollector, temp, vt
src/solver/analog/__tests__/bridge-compilation.test.ts(164,18): error TS2345: Argument of type '{ solver: any; voltages: Float64Array<ArrayBuffer>; rhs: Float64Array<ArrayBufferLike>; rhsOld: Float64Array<ArrayBufferLike>; ... 16 more ...; voltTol: number; }' is not assignable to parameter of type 'LoadContext'.
  Type '{ solver: any; voltages: Float64Array<ArrayBuffer>; rhs: Float64Array<ArrayBufferLike>; rhsOld: Float64Array<ArrayBufferLike>; ... 16 more ...; voltTol: number; }' is missing the following properties from type 'LoadContext': time, convergenceCollector, temp, vt
src/solver/analog/__tests__/bridge-compilation.test.ts(178,18): error TS2345: Argument of type '{ solver: any; voltages: Float64Array<ArrayBuffer>; rhs: Float64Array<ArrayBufferLike>; rhsOld: Float64Array<ArrayBufferLike>; ... 16 more ...; voltTol: number; }' is not assignable to parameter of type 'LoadContext'.
  Type '{ solver: any; voltages: Float64Array<ArrayBuffer>; rhs: Float64Array<ArrayBufferLike>; rhsOld: Float64Array<ArrayBufferLike>; ... 16 more ...; voltTol: number; }' is missing the following properties from type 'LoadContext': time, convergenceCollector, temp, vt
src/solver/analog/__tests__/bridge-compilation.test.ts(193,18): error TS2345: Argument of type '{ solver: any; voltages: Float64Array<ArrayBuffer>; rhs: Float64Array<ArrayBufferLike>; rhsOld: Float64Array<ArrayBufferLike>; ... 16 more ...; voltTol: number; }' is not assignable to parameter of type 'LoadContext'.
  Type '{ solver: any; voltages: Float64Array<ArrayBuffer>; rhs: Float64Array<ArrayBufferLike>; rhsOld: Float64Array<ArrayBufferLike>; ... 16 more ...; voltTol: number; }' is missing the following properties from type 'LoadContext': time, convergenceCollector, temp, vt
src/solver/analog/__tests__/ckt-context.test.ts(260,15): error TS2339: Property 'voltages' does not exist on type 'LoadContext'.
src/solver/analog/__tests__/ckt-context.test.ts(261,15): error TS2339: Property 'voltages' does not exist on type 'LoadContext'.
src/solver/analog/__tests__/ckt-terr.test.ts(354,17): error TS2345: Argument of type 'Float64Array<ArrayBuffer>' is not assignable to parameter of type 'readonly number[]'.
  Type 'Float64Array<ArrayBuffer>' is missing the following properties from type 'readonly number[]': concat, flatMap, flat, [Symbol.unscopables]
src/solver/analog/__tests__/ckt-terr.test.ts(355,44): error TS2345: Argument of type 'Float64Array<ArrayBuffer>' is not assignable to parameter of type 'readonly number[]'.
  Type 'Float64Array<ArrayBuffer>' is missing the following properties from type 'readonly number[]': concat, flatMap, flat, [Symbol.unscopables]
src/solver/analog/__tests__/ckt-terr.test.ts(364,19): error TS2345: Argument of type 'Float64Array<ArrayBuffer>' is not assignable to parameter of type 'readonly number[]'.
  Type 'Float64Array<ArrayBuffer>' is missing the following properties from type 'readonly number[]': concat, flatMap, flat, [Symbol.unscopables]
src/solver/analog/__tests__/ckt-terr.test.ts(365,19): error TS2345: Argument of type 'Float64Array<ArrayBuffer>' is not assignable to parameter of type 'readonly number[]'.
  Type 'Float64Array<ArrayBuffer>' is missing the following properties from type 'readonly number[]': concat, flatMap, flat, [Symbol.unscopables]
src/solver/analog/__tests__/ckt-terr.test.ts(366,56): error TS2345: Argument of type 'Float64Array<ArrayBuffer>' is not assignable to parameter of type 'readonly number[]'.
  Type 'Float64Array<ArrayBuffer>' is missing the following properties from type 'readonly number[]': concat, flatMap, flat, [Symbol.unscopables]
src/solver/analog/__tests__/ckt-terr.test.ts(367,56): error TS2345: Argument of type 'Float64Array<ArrayBuffer>' is not assignable to parameter of type 'readonly number[]'.
  Type 'Float64Array<ArrayBuffer>' is missing the following properties from type 'readonly number[]': concat, flatMap, flat, [Symbol.unscopables]
src/solver/analog/__tests__/compile-analog-partition.test.ts(88,5): error TS2322: Type '(_s: SparseSolver) => void' is not assignable to type '(solver: ComplexSparseSolver, omega: number, ctx: LoadContext) => void'.
  Types of parameters '_s' and 'solver' are incompatible.
    Type 'ComplexSparseSolver' is missing the following properties from type 'SparseSolver': _elRow, _elCol, _elVal, _elNextInRow, and 92 more.
src/solver/analog/__tests__/compiler.test.ts(101,5): error TS2322: Type '(_s: SparseSolver) => void' is not assignable to type '(solver: ComplexSparseSolver, omega: number, ctx: LoadContext) => void'.
  Types of parameters '_s' and 'solver' are incompatible.
    Type 'ComplexSparseSolver' is missing the following properties from type 'SparseSolver': _elRow, _elCol, _elVal, _elNextInRow, and 92 more.
src/solver/analog/__tests__/compiler.test.ts(114,5): error TS2322: Type '(_s: SparseSolver) => void' is not assignable to type '(solver: ComplexSparseSolver, omega: number, ctx: LoadContext) => void'.
  Types of parameters '_s' and 'solver' are incompatible.
    Type 'ComplexSparseSolver' is missing the following properties from type 'SparseSolver': _elRow, _elCol, _elVal, _elNextInRow, and 92 more.
src/solver/analog/__tests__/compiler.test.ts(127,5): error TS2322: Type '(_s: SparseSolver) => void' is not assignable to type '(solver: ComplexSparseSolver, omega: number, ctx: LoadContext) => void'.
  Types of parameters '_s' and 'solver' are incompatible.
    Type 'ComplexSparseSolver' is missing the following properties from type 'SparseSolver': _elRow, _elCol, _elVal, _elNextInRow, and 92 more.
src/solver/analog/__tests__/controlled-source-base.test.ts(85,14): error TS2345: Argument of type 'CKTCircuitContext' is not assignable to parameter of type 'LoadContext'.
  Type 'CKTCircuitContext' is missing the following properties from type 'LoadContext': matrix, time, dt, method, and 7 more.
src/solver/analog/__tests__/controlled-source-base.test.ts(96,14): error TS2345: Argument of type 'CKTCircuitContext' is not assignable to parameter of type 'LoadContext'.
  Type 'CKTCircuitContext' is missing the following properties from type 'LoadContext': matrix, time, dt, method, and 7 more.
src/solver/analog/__tests__/controlled-source-base.test.ts(107,14): error TS2345: Argument of type 'CKTCircuitContext' is not assignable to parameter of type 'LoadContext'.
  Type 'CKTCircuitContext' is missing the following properties from type 'LoadContext': matrix, time, dt, method, and 7 more.
src/solver/analog/__tests__/controlled-source-base.test.ts(118,14): error TS2345: Argument of type 'CKTCircuitContext' is not assignable to parameter of type 'LoadContext'.
  Type 'CKTCircuitContext' is missing the following properties from type 'LoadContext': matrix, time, dt, method, and 7 more.
src/solver/analog/__tests__/dcop-init-jct.test.ts(73,5): error TS2353: Object literal may only specify known properties, and 'voltages' does not exist in type 'LoadContext'.
src/solver/analog/__tests__/digital-pin-loading.test.ts(72,5): error TS2322: Type '(_s: SparseSolver) => void' is not assignable to type '(solver: ComplexSparseSolver, omega: number, ctx: LoadContext) => void'.
  Types of parameters '_s' and 'solver' are incompatible.
    Type 'ComplexSparseSolver' is missing the following properties from type 'SparseSolver': _elRow, _elCol, _elVal, _elNextInRow, and 92 more.
src/solver/analog/__tests__/digital-pin-loading.test.ts(104,61): error TS2741: Property 'load' is missing in type '{ pinNodeIds: never[]; allNodeIds: never[]; branchIndex: number; isNonlinear: false; isReactive: false; stamp(): void; setParam(_k: string, _v: number): void; getPinCurrents(_v: Float64Array<ArrayBufferLike>): number[]; }' but required in type 'AnalogElementCore'.
src/solver/analog/__tests__/digital-pin-model.test.ts(44,11): error TS6196: 'StampRecord' is declared but never used.
src/solver/analog/__tests__/digital-pin-model.test.ts(100,5): error TS2353: Object literal may only specify known properties, and 'voltages' does not exist in type 'LoadContext'.
src/solver/analog/__tests__/digital-pin-model.test.ts(157,27): error TS2322: Type 'MockSolver' is not assignable to type 'undefined'.
src/solver/analog/__tests__/digital-pin-model.test.ts(177,27): error TS2322: Type 'MockSolver' is not assignable to type 'undefined'.
src/solver/analog/__tests__/digital-pin-model.test.ts(197,27): error TS2322: Type 'MockSolver' is not assignable to type 'undefined'.
src/solver/analog/__tests__/digital-pin-model.test.ts(213,27): error TS2322: Type 'MockSolver' is not assignable to type 'undefined'.
src/solver/analog/__tests__/digital-pin-model.test.ts(232,27): error TS2322: Type 'MockSolver' is not assignable to type 'undefined'.
src/solver/analog/__tests__/digital-pin-model.test.ts(279,27): error TS2322: Type 'MockSolver' is not assignable to type 'undefined'.
src/solver/analog/__tests__/digital-pin-model.test.ts(305,27): error TS2322: Type 'MockSolver' is not assignable to type 'undefined'.
src/solver/analog/__tests__/digital-pin-model.test.ts(317,27): error TS2322: Type 'MockSolver' is not assignable to type 'undefined'.
src/solver/analog/__tests__/digital-pin-model.test.ts(350,27): error TS2322: Type 'MockSolver' is not assignable to type 'undefined'.
src/solver/analog/__tests__/element-interface.test.ts(65,5): error TS2578: Unused '@ts-expect-error' directive.
src/solver/analog/__tests__/element-interface.test.ts(70,7): error TS2353: Object literal may only specify known properties, and '_stamp' does not exist in type 'AnalogElementCore'.
src/solver/analog/__tests__/element-interface.test.ts(76,5): error TS2578: Unused '@ts-expect-error' directive.
src/solver/analog/__tests__/element-interface.test.ts(81,7): error TS2353: Object literal may only specify known properties, and 'deletedStampNl' does not exist in type 'AnalogElementCore'.
src/solver/analog/__tests__/element-interface.test.ts(87,5): error TS2578: Unused '@ts-expect-error' directive.
src/solver/analog/__tests__/element-interface.test.ts(92,7): error TS2353: Object literal may only specify known properties, and 'updateOperatingPoint' does not exist in type 'AnalogElementCore'.
src/solver/analog/__tests__/element-interface.test.ts(125,5): error TS2578: Unused '@ts-expect-error' directive.
src/solver/analog/__tests__/element-interface.test.ts(130,7): error TS2322: Type '(_voltages: Float64Array<ArrayBufferLike>, _prevVoltages: Float64Array<ArrayBufferLike>, _reltol: number, _abstol: number) => boolean' is not assignable to type '(ctx: LoadContext) => boolean'.
  Target signature provides too few arguments. Expected 4 or more, but got 1.
src/solver/analog/__tests__/harness/all-fixtures-probe.test.ts(56,55): error TS2345: Argument of type '(v: number) => string' is not assignable to parameter of type '(value: unknown, index: number, array: unknown[]) => string'.
  Types of parameters 'v' and 'value' are incompatible.
    Type 'unknown' is not assignable to type 'number'.
src/solver/analog/__tests__/harness/cap-ind-state-probe.test.ts(105,52): error TS2551: Property 'typeId' does not exist on type '{ index: number; label: string; type: string; isNonlinear: boolean; isReactive: boolean; pinNodeIds: readonly number[]; }'. Did you mean 'type'?
src/solver/analog/__tests__/harness/comparison-session.ts(1275,9): error TS2322: Type '"trapezoidal" | "backwardEuler" | "gear2"' is not assignable to type 'IntegrationMethod | null'.
  Type '"backwardEuler"' is not assignable to type 'IntegrationMethod | null'.
src/solver/analog/__tests__/harness/comparison-session.ts(1276,9): error TS2322: Type 'string | null' is not assignable to type 'IntegrationMethod | null'.
  Type 'string' is not assignable to type 'IntegrationMethod | null'.
src/solver/analog/__tests__/harness/comparison-session.ts(2151,7): error TS2322: Type 'string | null' is not assignable to type 'IntegrationMethod | null'.
  Type 'string' is not assignable to type 'IntegrationMethod | null'.
src/solver/analog/__tests__/harness/netlist-generator.test.ts(10,15): error TS2459: Module '"../../../../core/element.js"' declares 'RenderContext' locally, but it is not exported.
src/solver/analog/__tests__/harness/query-methods.test.ts(246,48): error TS2345: Argument of type 'import("C:/local_working_projects/digital_in_browser/src/solver/analog/analog-engine").ConcreteCompiledAnalogCircuit' is not assignable to parameter of type 'import("C:/local_working_projects/digital_in_browser/src/solver/analog/compiled-analog-circuit").ConcreteCompiledAnalogCircuit'.
  Type 'ConcreteCompiledAnalogCircuit' is missing the following properties from type 'ConcreteCompiledAnalogCircuit': labelPinNodes, wireToNodeId, models, elementToCircuitElement, and 8 more.
src/solver/analog/__tests__/harness/query-methods.test.ts(247,34): error TS2345: Argument of type 'import("C:/local_working_projects/digital_in_browser/src/solver/analog/analog-engine").ConcreteCompiledAnalogCircuit' is not assignable to parameter of type 'import("C:/local_working_projects/digital_in_browser/src/solver/analog/compiled-analog-circuit").ConcreteCompiledAnalogCircuit'.
  Type 'ConcreteCompiledAnalogCircuit' is missing the following properties from type 'ConcreteCompiledAnalogCircuit': labelPinNodes, wireToNodeId, models, elementToCircuitElement, and 8 more.
src/solver/analog/__tests__/harness/slice.test.ts(47,3): error TS2739: Type '{ rawIteration: number; globalConverged: false; noncon: number; nodeVoltages: {}; nodeVoltagesBefore: {}; branchValues: {}; elementStates: {}; limitingEvents: never[]; rhs: number[]; residual: number[]; residualInfinityNorm: number; matrix: number[]; }' is missing the following properties from type 'IterationSideData': ag, method, order
src/solver/analog/__tests__/harness/slice.test.ts(155,12): error TS2304: Cannot find name 'result'.
src/solver/analog/__tests__/harness/slice.test.ts(156,12): error TS2304: Cannot find name 'result'.
src/solver/analog/__tests__/harness/slice.test.ts(157,12): error TS2304: Cannot find name 'result'.
src/solver/analog/__tests__/harness/stream-verification.test.ts(14,3): error TS6196: 'DivergenceCategory' is declared but never used.
src/solver/analog/__tests__/harness/test-npn-harness.test.ts(75,11): error TS2353: Object literal may only specify known properties, and 'side' does not exist in type 'AttemptQuery'.
src/solver/analog/__tests__/phase-3-relay-composite.test.ts(107,14): error TS2352: Conversion of type '{ solver: SparseSolver; rhsOld: Float64Array<ArrayBuffer>; rhs: Float64Array<ArrayBuffer>; voltages: Float64Array<ArrayBuffer>; ... 15 more ...; cktFixLimit: false; }' to type 'LoadContext' may be a mistake because neither type sufficiently overlaps with the other. If this was intentional, convert the expression to 'unknown' first.
  Type '{ solver: SparseSolver; rhsOld: Float64Array<ArrayBuffer>; rhs: Float64Array<ArrayBuffer>; voltages: Float64Array<ArrayBuffer>; ... 15 more ...; cktFixLimit: false; }' is missing the following properties from type 'LoadContext': matrix, time, convergenceCollector, temp, vt
src/solver/analog/__tests__/sparse-solver.test.ts(663,27): error TS2339: Property 'factorWithReorder' does not exist on type 'SparseSolver'.
src/solver/analog/__tests__/sparse-solver.test.ts(694,23): error TS2339: Property 'factorNumerical' does not exist on type 'SparseSolver'.
src/solver/analog/__tests__/sparse-solver.test.ts(721,23): error TS2339: Property 'factorNumerical' does not exist on type 'SparseSolver'.
src/solver/analog/__tests__/sparse-solver.test.ts(747,27): error TS2339: Property 'factorNumerical' does not exist on type 'SparseSolver'.
src/solver/analog/__tests__/spice-import-dialog.test.ts(300,9): error TS2322: Type '(_s: SparseSolver) => void' is not assignable to type '(solver: ComplexSparseSolver, omega: number, ctx: LoadContext) => void'.
  Types of parameters '_s' and 'solver' are incompatible.
    Type 'ComplexSparseSolver' is missing the following properties from type 'SparseSolver': _elRow, _elCol, _elVal, _elNextInRow, and 92 more.
src/solver/analog/__tests__/test-helpers.test.ts(9,13): error TS2352: Conversion of type 'AnalogElement' to type 'Record<string, unknown>' may be a mistake because neither type sufficiently overlaps with the other. If this was intentional, convert the expression to 'unknown' first.
  Index signature for type 'string' is missing in type 'AnalogElement'.
src/solver/analog/__tests__/test-helpers.test.ts(10,13): error TS2352: Conversion of type 'AnalogElement' to type 'Record<string, unknown>' may be a mistake because neither type sufficiently overlaps with the other. If this was intentional, convert the expression to 'unknown' first.
  Index signature for type 'string' is missing in type 'AnalogElement'.
src/solver/analog/__tests__/test-helpers.test.ts(11,13): error TS2352: Conversion of type 'AnalogElement' to type 'Record<string, unknown>' may be a mistake because neither type sufficiently overlaps with the other. If this was intentional, convert the expression to 'unknown' first.
  Index signature for type 'string' is missing in type 'AnalogElement'.
src/solver/analog/__tests__/test-helpers.test.ts(18,13): error TS2352: Conversion of type 'AnalogElement' to type 'Record<string, unknown>' may be a mistake because neither type sufficiently overlaps with the other. If this was intentional, convert the expression to 'unknown' first.
  Index signature for type 'string' is missing in type 'AnalogElement'.
src/solver/analog/__tests__/test-helpers.test.ts(19,13): error TS2352: Conversion of type 'AnalogElement' to type 'Record<string, unknown>' may be a mistake because neither type sufficiently overlaps with the other. If this was intentional, convert the expression to 'unknown' first.
  Index signature for type 'string' is missing in type 'AnalogElement'.
src/solver/analog/__tests__/test-helpers.test.ts(20,13): error TS2352: Conversion of type 'AnalogElement' to type 'Record<string, unknown>' may be a mistake because neither type sufficiently overlaps with the other. If this was intentional, convert the expression to 'unknown' first.
  Index signature for type 'string' is missing in type 'AnalogElement'.
src/solver/analog/__tests__/test-helpers.test.ts(27,13): error TS2352: Conversion of type 'AnalogElement' to type 'Record<string, unknown>' may be a mistake because neither type sufficiently overlaps with the other. If this was intentional, convert the expression to 'unknown' first.
  Index signature for type 'string' is missing in type 'AnalogElement'.
src/solver/analog/__tests__/test-helpers.test.ts(28,13): error TS2352: Conversion of type 'AnalogElement' to type 'Record<string, unknown>' may be a mistake because neither type sufficiently overlaps with the other. If this was intentional, convert the expression to 'unknown' first.
  Index signature for type 'string' is missing in type 'AnalogElement'.
src/solver/analog/__tests__/test-helpers.test.ts(29,13): error TS2352: Conversion of type 'AnalogElement' to type 'Record<string, unknown>' may be a mistake because neither type sufficiently overlaps with the other. If this was intentional, convert the expression to 'unknown' first.
  Index signature for type 'string' is missing in type 'AnalogElement'.
src/solver/analog/__tests__/test-helpers.test.ts(36,13): error TS2352: Conversion of type 'ReactiveAnalogElement' to type 'Record<string, unknown>' may be a mistake because neither type sufficiently overlaps with the other. If this was intentional, convert the expression to 'unknown' first.
  Index signature for type 'string' is missing in type 'ReactiveAnalogElement'.
src/solver/analog/__tests__/test-helpers.test.ts(37,13): error TS2352: Conversion of type 'ReactiveAnalogElement' to type 'Record<string, unknown>' may be a mistake because neither type sufficiently overlaps with the other. If this was intentional, convert the expression to 'unknown' first.
  Index signature for type 'string' is missing in type 'ReactiveAnalogElement'.
src/solver/analog/__tests__/test-helpers.test.ts(38,13): error TS2352: Conversion of type 'ReactiveAnalogElement' to type 'Record<string, unknown>' may be a mistake because neither type sufficiently overlaps with the other. If this was intentional, convert the expression to 'unknown' first.
  Index signature for type 'string' is missing in type 'ReactiveAnalogElement'.
src/solver/analog/__tests__/test-helpers.ts(314,3): error TS2322: Type '{ pinNodeIds: number[]; allNodeIds: number[]; branchIndex: number; isNonlinear: true; isReactive: true; poolBacked: true; stateSize: number; stateBaseOffset: number; stateSchema: StateSchema<string>; ... 8 more ...; getPinCurrents(voltages: Float64Array<...>): number[]; }' is not assignable to type 'ReactiveAnalogElement'.
  Type '{ pinNodeIds: number[]; allNodeIds: number[]; branchIndex: number; isNonlinear: true; isReactive: true; poolBacked: true; stateSize: number; stateBaseOffset: number; stateSchema: StateSchema<string>; ... 8 more ...; getPinCurrents(voltages: Float64Array<...>): number[]; }' is missing the following properties from type 'ReactiveAnalogElementCore': s4, s5, s6, s7
src/solver/analog/__tests__/timestep.test.ts(56,5): error TS2322: Type '(_solver: SparseSolver) => void' is not assignable to type '(solver: ComplexSparseSolver, omega: number, ctx: LoadContext) => void'.
  Types of parameters '_solver' and 'solver' are incompatible.
    Type 'ComplexSparseSolver' is missing the following properties from type 'SparseSolver': _elRow, _elCol, _elVal, _elNextInRow, and 92 more.
src/solver/analog/__tests__/timestep.test.ts(81,41): error TS2379: Argument of type 'SimulationParams' is not assignable to parameter of type 'ResolvedSimulationParams' with 'exactOptionalPropertyTypes: true'. Consider adding 'undefined' to the types of the target's properties.
  Type 'SimulationParams' is not assignable to type 'Required<Pick<SimulationParams, "maxTimeStep" | "minTimeStep" | "firstStep">>'.
    Property 'maxTimeStep' is optional in type 'SimulationParams' but required in type 'Required<Pick<SimulationParams, "maxTimeStep" | "minTimeStep" | "firstStep">>'.
src/solver/analog/__tests__/timestep.test.ts(97,41): error TS2379: Argument of type 'SimulationParams' is not assignable to parameter of type 'ResolvedSimulationParams' with 'exactOptionalPropertyTypes: true'. Consider adding 'undefined' to the types of the target's properties.
  Type 'SimulationParams' is not assignable to type 'Required<Pick<SimulationParams, "maxTimeStep" | "minTimeStep" | "firstStep">>'.
    Property 'maxTimeStep' is optional in type 'SimulationParams' but required in type 'Required<Pick<SimulationParams, "maxTimeStep" | "minTimeStep" | "firstStep">>'.
src/solver/analog/__tests__/timestep.test.ts(151,41): error TS2379: Argument of type 'SimulationParams' is not assignable to parameter of type 'ResolvedSimulationParams' with 'exactOptionalPropertyTypes: true'. Consider adding 'undefined' to the types of the target's properties.
  Type 'SimulationParams' is not assignable to type 'Required<Pick<SimulationParams, "maxTimeStep" | "minTimeStep" | "firstStep">>'.
    Property 'maxTimeStep' is optional in type 'SimulationParams' but required in type 'Required<Pick<SimulationParams, "maxTimeStep" | "minTimeStep" | "firstStep">>'.
src/solver/analog/__tests__/timestep.test.ts(168,41): error TS2379: Argument of type 'SimulationParams' is not assignable to parameter of type 'ResolvedSimulationParams' with 'exactOptionalPropertyTypes: true'. Consider adding 'undefined' to the types of the target's properties.
  Type 'SimulationParams' is not assignable to type 'Required<Pick<SimulationParams, "maxTimeStep" | "minTimeStep" | "firstStep">>'.
    Property 'maxTimeStep' is optional in type 'SimulationParams' but required in type 'Required<Pick<SimulationParams, "maxTimeStep" | "minTimeStep" | "firstStep">>'.
src/solver/analog/__tests__/timestep.test.ts(521,41): error TS2379: Argument of type 'SimulationParams' is not assignable to parameter of type 'ResolvedSimulationParams' with 'exactOptionalPropertyTypes: true'. Consider adding 'undefined' to the types of the target's properties.
  Type 'SimulationParams' is not assignable to type 'Required<Pick<SimulationParams, "maxTimeStep" | "minTimeStep" | "firstStep">>'.
    Property 'maxTimeStep' is optional in type 'SimulationParams' but required in type 'Required<Pick<SimulationParams, "maxTimeStep" | "minTimeStep" | "firstStep">>'.
src/solver/analog/__tests__/timestep.test.ts(532,42): error TS2379: Argument of type 'SimulationParams' is not assignable to parameter of type 'ResolvedSimulationParams' with 'exactOptionalPropertyTypes: true'. Consider adding 'undefined' to the types of the target's properties.
  Type 'SimulationParams' is not assignable to type 'Required<Pick<SimulationParams, "maxTimeStep" | "minTimeStep" | "firstStep">>'.
    Property 'maxTimeStep' is optional in type 'SimulationParams' but required in type 'Required<Pick<SimulationParams, "maxTimeStep" | "minTimeStep" | "firstStep">>'.
src/solver/analog/__tests__/timestep.test.ts(644,41): error TS2379: Argument of type 'SimulationParams' is not assignable to parameter of type 'ResolvedSimulationParams' with 'exactOptionalPropertyTypes: true'. Consider adding 'undefined' to the types of the target's properties.
  Type 'SimulationParams' is not assignable to type 'Required<Pick<SimulationParams, "maxTimeStep" | "minTimeStep" | "firstStep">>'.
    Property 'maxTimeStep' is optional in type 'SimulationParams' but required in type 'Required<Pick<SimulationParams, "maxTimeStep" | "minTimeStep" | "firstStep">>'.
src/solver/analog/analog-engine.ts(550,13): error TS2412: Type '{ iteration: number; maxDelta: number; maxDeltaNode: number; noncon: number; converged: boolean; }[] | undefined' is not assignable to type '{ iteration: number; maxDelta: number; maxDeltaNode: number; noncon: number; converged: boolean; }[]' with 'exactOptionalPropertyTypes: true'. Consider adding 'undefined' to the type of the target.
  Type 'undefined' is not assignable to type '{ iteration: number; maxDelta: number; maxDeltaNode: number; noncon: number; converged: boolean; }[]'.
src/solver/analog/analog-engine.ts(897,22): error TS2375: Type '{ dt: number; method: "trapezoidal"; iterations: number; converged: boolean; blameElement: number; blameNode: number; trigger: "initial"; iterationDetails: { iteration: number; maxDelta: number; maxDeltaNode: number; noncon: number; converged: boolean; }[] | undefined; }' is not assignable to type 'NRAttemptRecord' with 'exactOptionalPropertyTypes: true'. Consider adding 'undefined' to the types of the target's properties.
  Types of property 'iterationDetails' are incompatible.
    Type '{ iteration: number; maxDelta: number; maxDeltaNode: number; noncon: number; converged: boolean; }[] | undefined' is not assignable to type '{ iteration: number; maxDelta: number; maxDeltaNode: number; noncon: number; converged: boolean; }[]'.
      Type 'undefined' is not assignable to type '{ iteration: number; maxDelta: number; maxDeltaNode: number; noncon: number; converged: boolean; }[]'.
src/solver/analog/analog-engine.ts(1158,39): error TS2412: Type 'undefined' is not assignable to type 'number' with 'exactOptionalPropertyTypes: true'. Consider adding 'undefined' to the type of the target.
src/solver/analog/analog-engine.ts(1159,7): error TS2412: Type 'undefined' is not assignable to type 'number' with 'exactOptionalPropertyTypes: true'. Consider adding 'undefined' to the type of the target.
src/solver/analog/analog-engine.ts(1160,7): error TS2412: Type 'undefined' is not assignable to type 'number' with 'exactOptionalPropertyTypes: true'. Consider adding 'undefined' to the type of the target.
src/solver/analog/behavioral-combinational.ts(123,46): error TS2339: Property 'checkConvergence' does not exist on type 'AnalogCapacitorElement'.
src/solver/analog/behavioral-combinational.ts(123,68): error TS2339: Property 'checkConvergence' does not exist on type 'AnalogCapacitorElement'.
src/solver/analog/behavioral-combinational.ts(270,46): error TS2339: Property 'checkConvergence' does not exist on type 'AnalogCapacitorElement'.
src/solver/analog/behavioral-combinational.ts(270,68): error TS2339: Property 'checkConvergence' does not exist on type 'AnalogCapacitorElement'.
src/solver/analog/behavioral-combinational.ts(404,46): error TS2339: Property 'checkConvergence' does not exist on type 'AnalogCapacitorElement'.
src/solver/analog/behavioral-combinational.ts(404,68): error TS2339: Property 'checkConvergence' does not exist on type 'AnalogCapacitorElement'.
src/solver/analog/behavioral-flipflop/shared.ts(123,33): error TS2339: Property 'checkConvergence' does not exist on type 'AnalogCapacitorElement'.
src/solver/analog/behavioral-flipflop/shared.ts(123,55): error TS2339: Property 'checkConvergence' does not exist on type 'AnalogCapacitorElement'.
src/solver/analog/behavioral-gate.ts(152,46): error TS2339: Property 'checkConvergence' does not exist on type 'AnalogCapacitorElement'.
src/solver/analog/behavioral-gate.ts(152,68): error TS2339: Property 'checkConvergence' does not exist on type 'AnalogCapacitorElement'.
src/solver/analog/behavioral-sequential.ts(130,46): error TS2339: Property 'checkConvergence' does not exist on type 'AnalogCapacitorElement'.
src/solver/analog/behavioral-sequential.ts(130,68): error TS2339: Property 'checkConvergence' does not exist on type 'AnalogCapacitorElement'.
src/solver/analog/behavioral-sequential.ts(310,46): error TS2339: Property 'checkConvergence' does not exist on type 'AnalogCapacitorElement'.
src/solver/analog/behavioral-sequential.ts(310,68): error TS2339: Property 'checkConvergence' does not exist on type 'AnalogCapacitorElement'.
src/solver/analog/behavioral-sequential.ts(574,46): error TS2339: Property 'checkConvergence' does not exist on type 'AnalogCapacitorElement'.
src/solver/analog/behavioral-sequential.ts(574,68): error TS2339: Property 'checkConvergence' does not exist on type 'AnalogCapacitorElement'.
src/solver/analog/compiled-analog-circuit.ts(169,5): error TS2412: Type 'Map<number, number> | undefined' is not assignable to type 'Map<number, number>' with 'exactOptionalPropertyTypes: true'. Consider adding 'undefined' to the type of the target.
  Type 'undefined' is not assignable to type 'Map<number, number>'.
src/solver/analog/compiled-analog-circuit.ts(170,5): error TS2412: Type 'Map<number, number> | undefined' is not assignable to type 'Map<number, number>' with 'exactOptionalPropertyTypes: true'. Consider adding 'undefined' to the type of the target.
  Type 'undefined' is not assignable to type 'Map<number, number>'.
src/solver/analog/compiler.ts(70,11): error TS2375: Type '{ factory: AnalogFactory; branchCount: number | ((props: PropertyBag) => number) | undefined; }' is not assignable to type 'MnaModel' with 'exactOptionalPropertyTypes: true'. Consider adding 'undefined' to the types of the target's properties.
  Types of property 'branchCount' are incompatible.
    Type 'number | ((props: PropertyBag) => number) | undefined' is not assignable to type 'number | ((props: PropertyBag) => number)'.
      Type 'undefined' is not assignable to type 'number | ((props: PropertyBag) => number)'.
src/solver/digital/__tests__/flatten-pipeline-reorder.test.ts(45,76): error TS2741: Property 'load' is missing in type '{ branchIndex: -1; isNonlinear: boolean; isReactive: boolean; stamp: () => void; getPinCurrents: () => number[]; setParam: (_k: string, _v: number) => void; }' but required in type 'AnalogElementCore'.
src/solver/digital/__tests__/flatten-pipeline-reorder.test.ts(58,76): error TS2741: Property 'load' is missing in type '{ branchIndex: -1; isNonlinear: boolean; isReactive: boolean; stamp: () => void; getPinCurrents: () => number[]; setParam: (_k: string, _v: number) => void; }' but required in type 'AnalogElementCore'.
src/test-fixtures/model-fixtures.ts(15,6): error TS2741: Property 'load' is missing in type '{ branchIndex: number; stamp: () => void; isNonlinear: false; isReactive: false; getPinCurrents: () => never[]; setParam: (_key: string, _value: number) => void; }' but required in type 'AnalogElementCore'.
src/test-fixtures/registry-builders.ts(102,5): error TS2634: 'string' index signatures are incompatible.
  Type '{ kind: "inline"; factory: () => { branchIndex: -1; isNonlinear: boolean; isReactive: boolean; stamp: () => void; getPinCurrents: () => number[]; setParam: (_key: string, _value: number) => void; }; paramDefs: never[]; params: {}; }' is not assignable to type 'ModelEntry'.
    The types returned by 'factory(...)' are incompatible between these types.
      Property 'load' is missing in type '{ branchIndex: -1; isNonlinear: boolean; isReactive: boolean; stamp: () => void; getPinCurrents: () => number[]; setParam: (_key: string, _value: number) => void; }' but required in type 'AnalogElementCore'.
src/test-fixtures/registry-builders.ts(129,5): error TS2634: 'string' index signatures are incompatible.
  Type '{ kind: "inline"; factory: () => { branchIndex: -1; isNonlinear: boolean; isReactive: boolean; stamp: () => void; getPinCurrents: () => number[]; setParam: (_key: string, _value: number) => void; }; paramDefs: never[]; params: {}; }' is not assignable to type 'ModelEntry'.
    The types returned by 'factory(...)' are incompatible between these types.
      Property 'load' is missing in type '{ branchIndex: -1; isNonlinear: boolean; isReactive: boolean; stamp: () => void; getPinCurrents: () => number[]; setParam: (_key: string, _value: number) => void; }' but required in type 'AnalogElementCore'.
