src/components/active/__tests__/comparator.test.ts(126,11): error TS6133: 'R_OFF' is declared but its value is never read.
src/components/active/__tests__/dac.test.ts(49,7): error TS6133: 'MAX_CODE' is declared but its value is never read.
src/components/active/__tests__/real-opamp.test.ts(283,11): error TS6133: 'fp' is declared but its value is never read.
src/components/active/__tests__/schmitt-trigger.test.ts(232,11): error TS6133: 'st' is declared but its value is never read.
src/components/active/timer-555.ts(708,13): error TS6133: 'iDis' is declared but its value is never read.
src/components/io/__tests__/analog-clock.test.ts(115,11): error TS6133: 'halfPeriod' is declared but its value is never read.
src/components/semiconductors/__tests__/bjt.test.ts(2805,11): error TS6133: 'k' is declared but its value is never read.
src/components/semiconductors/__tests__/bjt.test.ts(2806,11): error TS6133: 'q_charge' is declared but its value is never read.
src/components/semiconductors/__tests__/bjt.test.ts(2809,13): error TS6133: 'fact2' is declared but its value is never read.
src/components/semiconductors/__tests__/bjt.test.ts(2810,13): error TS6133: 'egfet' is declared but its value is never read.
src/components/semiconductors/__tests__/bjt.test.ts(2987,13): error TS6133: 'fact2' is declared but its value is never read.
src/components/semiconductors/__tests__/bjt.test.ts(2988,13): error TS6133: 'egfet' is declared but its value is never read.
src/components/semiconductors/__tests__/bjt.test.ts(3049,13): error TS6133: 'fact2' is declared but its value is never read.
src/components/semiconductors/__tests__/bjt.test.ts(3050,13): error TS6133: 'egfet' is declared but its value is never read.
src/components/semiconductors/__tests__/mosfet.test.ts(39,3): error TS6133: 'MODEDCTRANCURVE' is declared but its value is never read.
src/components/semiconductors/__tests__/mosfet.test.ts(39,20): error TS6133: 'MODETRANOP' is declared but its value is never read.
src/components/semiconductors/__tests__/mosfet.test.ts(489,11): error TS6133: 'vGate' is declared but its value is never read.
src/components/semiconductors/__tests__/mosfet.test.ts(701,11): error TS6133: 'nmosTVto' is declared but its value is never read.
src/components/semiconductors/__tests__/mosfet.test.ts(702,11): error TS6133: 'pmosTVto' is declared but its value is never read.
src/components/semiconductors/__tests__/mosfet.test.ts(1090,20): error TS6133: 'S_CBD' is declared but its value is never read.
src/components/semiconductors/__tests__/mosfet.test.ts(1090,33): error TS6133: 'S_CBS' is declared but its value is never read.
src/components/semiconductors/__tests__/mosfet.test.ts(1188,22): error TS6133: 'pool' is declared but its value is never read.
src/components/semiconductors/__tests__/mosfet.test.ts(1312,22): error TS6133: 'pool' is declared but its value is never read.
src/components/semiconductors/__tests__/mosfet.test.ts(1407,45): error TS6133: 'pool' is declared but its value is never read.
src/components/semiconductors/__tests__/mosfet.test.ts(1748,22): error TS6133: 'pool' is declared but its value is never read.
src/components/semiconductors/__tests__/mosfet.test.ts(1764,22): error TS6133: 'pool' is declared but its value is never read.
src/components/semiconductors/__tests__/mosfet.test.ts(1962,11): error TS6133: 'expectedVt' is declared but its value is never read.
src/components/semiconductors/__tests__/mosfet.test.ts(2000,11): error TS6133: 'vt400' is declared but its value is never read.
src/components/semiconductors/__tests__/phase-3-xfact-predictor.test.ts(8,36): error TS6133: 'beforeEach' is declared but its value is never read.
src/components/semiconductors/__tests__/phase-3-xfact-predictor.test.ts(20,3): error TS6133: 'MODEDCOP' is declared but its value is never read.
src/components/semiconductors/__tests__/phase-3-xfact-predictor.test.ts(36,7): error TS6133: 'SLOT_IEQ' is declared but its value is never read.
src/components/semiconductors/__tests__/phase-3-xfact-predictor.test.ts(74,3): error TS6133: 'pool' is declared but its value is never read.
src/components/semiconductors/__tests__/phase-3-xfact-predictor.test.ts(335,3): error TS6133: 'pool' is declared but its value is never read.
src/components/semiconductors/__tests__/scr.test.ts(286,11): error TS6133: 'gOn' is declared but its value is never read.
src/components/semiconductors/__tests__/scr.test.ts(320,11): error TS6133: 'gOn' is declared but its value is never read.
src/components/semiconductors/__tests__/scr.test.ts(387,11): error TS6133: 'gOn' is declared but its value is never read.
src/components/semiconductors/__tests__/triac.test.ts(128,7): error TS6133: 'G_ON' is declared but its value is never read.
src/components/semiconductors/__tests__/triode.test.ts(181,13): error TS6133: 'ip' is declared but its value is never read.
src/components/semiconductors/__tests__/triode.test.ts(239,13): error TS6133: 'expectedIg' is declared but its value is never read.
src/components/semiconductors/__tests__/tunnel-diode.test.ts(29,20): error TS6133: 'MODEDC' is declared but its value is never read.
src/components/sensors/__tests__/ldr.test.ts(89,13): error TS6133: 'ldr' is declared but its value is never read.
src/components/sensors/__tests__/ldr.test.ts(93,13): error TS6133: 'ldr' is declared but its value is never read.
src/components/sensors/__tests__/ldr.test.ts(102,13): error TS6133: 'ldr' is declared but its value is never read.
src/components/sensors/__tests__/ldr.test.ts(110,13): error TS6133: 'ldr' is declared but its value is never read.
src/components/sensors/__tests__/ldr.test.ts(120,13): error TS6133: 'expected' is declared but its value is never read.
src/components/sensors/__tests__/ldr.test.ts(121,13): error TS6133: 'ldr' is declared but its value is never read.
src/components/sensors/__tests__/ldr.test.ts(153,13): error TS6133: 'expectedG' is declared but its value is never read.
src/components/sensors/__tests__/ntc-thermistor.test.ts(121,13): error TS6133: 'ntc' is declared but its value is never read.
src/components/sensors/__tests__/ntc-thermistor.test.ts(125,13): error TS6133: 'ntc' is declared but its value is never read.
src/components/sensors/__tests__/ntc-thermistor.test.ts(144,13): error TS6133: 'expected' is declared but its value is never read.
src/components/sensors/__tests__/ntc-thermistor.test.ts(145,13): error TS6133: 'ntc' is declared but its value is never read.
src/components/sources/__tests__/ac-voltage-extended.test.ts(36,11): error TS6133: 'vAtZero' is declared but its value is never read.
src/components/sources/__tests__/ac-voltage-extended.test.ts(43,11): error TS6133: 'vSweepSmall' is declared but its value is never read.
src/components/sources/__tests__/ac-voltage-extended.test.ts(44,11): error TS6133: 'vExpectedSmall' is declared but its value is never read.
src/components/sources/__tests__/ac-voltage-extended.test.ts(48,11): error TS6133: 'f05' is declared but its value is never read.
src/components/sources/__tests__/ac-voltage-extended.test.ts(49,11): error TS6133: 'vSweep05' is declared but its value is never read.
src/components/sources/__tests__/ac-voltage-extended.test.ts(61,11): error TS6133: 'expected' is declared but its value is never read.
src/components/sources/__tests__/ac-voltage-extended.test.ts(62,11): error TS6133: 'actual' is declared but its value is never read.
src/components/sources/__tests__/ac-voltage-extended.test.ts(66,11): error TS6133: 'ext' is declared but its value is never read.
src/components/sources/__tests__/ac-voltage-extended.test.ts(98,11): error TS6133: 'env' is declared but its value is never read.
src/components/sources/__tests__/ac-voltage-extended.test.ts(99,11): error TS6133: 'carrier' is declared but its value is never read.
src/components/sources/__tests__/ac-voltage-extended.test.ts(115,11): error TS6133: 'carrierNear' is declared but its value is never read.
src/components/sources/__tests__/ac-voltage-extended.test.ts(121,11): error TS6133: 'ext' is declared but its value is never read.
src/components/sources/__tests__/ac-voltage-extended.test.ts(125,13): error TS6133: 'expected' is declared but its value is never read.
src/components/sources/__tests__/ac-voltage-extended.test.ts(143,11): error TS6133: 'ext' is declared but its value is never read.
src/components/sources/__tests__/ac-voltage-extended.test.ts(150,11): error TS6133: 'expected' is declared but its value is never read.
src/components/sources/__tests__/ac-voltage-extended.test.ts(154,11): error TS6133: 'ext' is declared but its value is never read.
src/components/sources/__tests__/ac-voltage-extended.test.ts(155,11): error TS6133: 'A' is declared but its value is never read.
src/components/sources/__tests__/ac-voltage-extended.test.ts(156,11): error TS6133: 'f' is declared but its value is never read.
src/components/sources/__tests__/ac-voltage-extended.test.ts(157,16): error TS6133: 't' is declared but its value is never read.
src/components/sources/__tests__/ac-voltage-source.test.ts(138,11): error TS6133: 't' is declared but its value is never read.
src/components/sources/__tests__/ac-voltage-source.test.ts(142,11): error TS6133: 't' is declared but its value is never read.
src/components/sources/__tests__/ac-voltage-source.test.ts(149,11): error TS6133: 't' is declared but its value is never read.
src/components/sources/__tests__/ac-voltage-source.test.ts(153,11): error TS6133: 't' is declared but its value is never read.
src/components/sources/__tests__/current-source-kcl.test.ts(66,11): error TS6133: 'I_load' is declared but its value is never read.
src/components/sources/__tests__/current-source-kcl.test.ts(88,11): error TS6133: 'pinCurrents' is declared but its value is never read.
src/components/sources/__tests__/variable-rail.test.ts(81,11): error TS6133: 'vOut' is declared but its value is never read.
src/components/sources/__tests__/variable-rail.test.ts(93,11): error TS6133: 'sol1' is declared but its value is never read.
src/components/sources/__tests__/variable-rail.test.ts(96,11): error TS6133: 'sol2' is declared but its value is never read.
src/components/sources/__tests__/variable-rail.test.ts(110,11): error TS6133: 'vOut' is declared but its value is never read.
src/components/sources/__tests__/variable-rail.test.ts(111,11): error TS6133: 'expected' is declared but its value is never read.
src/components/sources/__tests__/variable-rail.test.ts(168,30): error TS6133: 'rhsSize' is declared but its value is never read.
src/components/switching/__tests__/switches.test.ts(981,11): error TS6133: 'vOpen' is declared but its value is never read.
src/editor/__tests__/coordinates.test.ts(36,11): error TS6133: 'roundTripped' is declared but its value is never read.
src/editor/__tests__/coordinates.test.ts(68,13): error TS6133: 'back' is declared but its value is never read.
src/editor/__tests__/current-animation.test.ts(274,11): error TS6133: 'deltaShort' is declared but its value is never read.
src/editor/__tests__/current-animation.test.ts(275,11): error TS6133: 'deltaLong' is declared but its value is never read.
src/editor/__tests__/si-format.test.ts(116,13): error TS6133: 'parsed' is declared but its value is never read.
src/editor/__tests__/viewport.test.ts(44,11): error TS6133: 'worldBefore' is declared but its value is never read.
src/editor/__tests__/viewport.test.ts(52,11): error TS6133: 'worldAfter' is declared but its value is never read.
src/editor/__tests__/viewport.test.ts(137,11): error TS6133: 'rect' is declared but its value is never read.
src/editor/__tests__/viewport.test.ts(145,11): error TS6133: 'rect' is declared but its value is never read.
src/editor/__tests__/wire-current-resolver.test.ts(341,11): error TS6133: 'len' is declared but its value is never read.
src/editor/__tests__/wire-current-resolver.test.ts(422,11): error TS6133: 'Itotal' is declared but its value is never read.
src/editor/__tests__/wire-current-resolver.test.ts(424,11): error TS6133: 'I_R2' is declared but its value is never read.
src/editor/__tests__/wire-current-resolver.test.ts(425,11): error TS6133: 'I_R3' is declared but its value is never read.
src/editor/__tests__/wire-current-resolver.test.ts(473,11): error TS6133: 'c_n1' is declared but its value is never read.
src/editor/__tests__/wire-current-resolver.test.ts(474,11): error TS6133: 'c_r1b' is declared but its value is never read.
src/editor/__tests__/wire-current-resolver.test.ts(475,11): error TS6133: 'c_r2a' is declared but its value is never read.
src/editor/__tests__/wire-current-resolver.test.ts(476,11): error TS6133: 'c_r3a' is declared but its value is never read.
src/editor/__tests__/wire-current-resolver.test.ts(577,11): error TS6133: 'I_R1' is declared but its value is never read.
src/editor/__tests__/wire-current-resolver.test.ts(578,11): error TS6133: 'I_R2' is declared but its value is never read.
src/editor/__tests__/wire-current-resolver.test.ts(579,11): error TS6133: 'I_R3' is declared but its value is never read.
src/editor/__tests__/wire-current-resolver.test.ts(580,11): error TS6133: 'I_R4' is declared but its value is never read.
src/editor/__tests__/wire-current-resolver.test.ts(581,11): error TS6133: 'I_R5' is declared but its value is never read.
src/editor/__tests__/wire-current-resolver.test.ts(582,11): error TS6133: 'I_R6' is declared but its value is never read.
src/editor/__tests__/wire-current-resolver.test.ts(583,11): error TS6133: 'I_R7' is declared but its value is never read.
src/editor/__tests__/wire-current-resolver.test.ts(591,11): error TS6133: 'c2_r1b' is declared but its value is never read.
src/editor/__tests__/wire-current-resolver.test.ts(592,11): error TS6133: 'c2_r2a' is declared but its value is never read.
src/editor/__tests__/wire-current-resolver.test.ts(593,11): error TS6133: 'c2_r3a' is declared but its value is never read.
src/editor/__tests__/wire-current-resolver.test.ts(597,11): error TS6133: 'c3_r3b' is declared but its value is never read.
src/editor/__tests__/wire-current-resolver.test.ts(598,11): error TS6133: 'c3_r4a' is declared but its value is never read.
src/editor/__tests__/wire-current-resolver.test.ts(599,11): error TS6133: 'c3_r5a' is declared but its value is never read.
src/editor/__tests__/wire-current-resolver.test.ts(603,11): error TS6133: 'c4_r5b' is declared but its value is never read.
src/editor/__tests__/wire-current-resolver.test.ts(604,11): error TS6133: 'c4_r6a' is declared but its value is never read.
src/editor/__tests__/wire-current-resolver.test.ts(605,11): error TS6133: 'c4_r7a' is declared but its value is never read.
src/editor/__tests__/wire-current-resolver.test.ts(1326,11): error TS6133: 'I_expected' is declared but its value is never read.
src/editor/__tests__/wire-current-resolver.test.ts(1373,11): error TS6133: 'I_R2' is declared but its value is never read.
src/export/__tests__/svg.test.ts(121,11): error TS6133: 'vb1' is declared but its value is never read.
src/export/__tests__/svg.test.ts(122,11): error TS6133: 'vb2' is declared but its value is never read.
src/export/__tests__/svg.test.ts(179,11): error TS6133: 'vb10' is declared but its value is never read.
src/export/__tests__/svg.test.ts(180,11): error TS6133: 'vb20' is declared but its value is never read.
src/headless/__tests__/default-facade.test.ts(420,11): error TS6133: 'expectedVmid' is declared but its value is never read.
src/io/__tests__/spice-model-builder.test.ts(128,11): error TS6133: 'el' is declared but its value is never read.
src/io/__tests__/spice-model-builder.test.ts(153,11): error TS6133: 'el' is declared but its value is never read.
src/io/__tests__/spice-model-builder.test.ts(170,11): error TS6133: 'el' is declared but its value is never read.
src/io/__tests__/spice-model-builder.test.ts(291,11): error TS6133: 'overrides' is declared but its value is never read.
src/io/__tests__/spice-model-builder.test.ts(311,11): error TS6133: 'overrides' is declared but its value is never read.
src/io/__tests__/spice-model-builder.test.ts(363,11): error TS6133: 'overrides' is declared but its value is never read.
src/io/__tests__/spice-model-builder.test.ts(379,11): error TS6133: 'el' is declared but its value is never read.
src/io/__tests__/spice-model-builder.test.ts(403,11): error TS6133: 'el' is declared but its value is never read.
src/io/__tests__/spice-model-builder.test.ts(472,11): error TS6133: 'overrides' is declared but its value is never read.
src/io/__tests__/spice-model-builder.test.ts(514,11): error TS6133: 'vs' is declared but its value is never read.
src/runtime/__tests__/analog-scope-panel.test.ts(90,11): error TS6133: 'samples' is declared but its value is never read.
src/runtime/__tests__/analog-scope-panel.test.ts(115,11): error TS6133: 'vSamples' is declared but its value is never read.
src/runtime/__tests__/analog-scope-panel.test.ts(116,11): error TS6133: 'iSamples' is declared but its value is never read.
src/runtime/__tests__/analog-scope-panel.test.ts(152,11): error TS6133: 'vp' is declared but its value is never read.
src/runtime/__tests__/analog-scope-panel.test.ts(259,11): error TS6133: 'samples' is declared but its value is never read.
src/runtime/__tests__/analog-scope-panel.test.ts(273,11): error TS6133: 'samples' is declared but its value is never read.
src/runtime/__tests__/analog-scope-panel.test.ts(285,11): error TS6133: 'samples' is declared but its value is never read.
src/runtime/__tests__/analog-scope-panel.test.ts(301,11): error TS6133: 'samples' is declared but its value is never read.
src/runtime/__tests__/analog-scope-panel.test.ts(316,11): error TS6133: 'samples' is declared but its value is never read.
src/runtime/__tests__/analog-scope-panel.test.ts(331,11): error TS6133: 'samples' is declared but its value is never read.
src/runtime/__tests__/analog-scope-panel.test.ts(346,11): error TS6133: 'samples' is declared but its value is never read.
src/runtime/__tests__/analog-scope-panel.test.ts(364,11): error TS6133: 'samples' is declared but its value is never read.
src/runtime/__tests__/fft.test.ts(35,11): error TS6133: 'db' is declared but its value is never read.
src/runtime/__tests__/fft.test.ts(50,11): error TS6133: 'dcMag' is declared but its value is never read.
src/runtime/__tests__/fft.test.ts(76,13): error TS6133: 'frequency' is declared but its value is never read.
src/runtime/__tests__/fft.test.ts(152,11): error TS6133: 'dbDiff' is declared but its value is never read.
src/runtime/__tests__/fft.test.ts(204,11): error TS6133: 'db' is declared but its value is never read.
src/solver/__tests__/coordinator-bridge-hotload.test.ts(13,24): error TS6133: 'expect' is declared but its value is never read.
src/solver/__tests__/coordinator-speed-control.test.ts(209,11): error TS6133: 'simTimeBefore' is declared but its value is never read.
src/solver/__tests__/coordinator-speed-control.test.ts(210,11): error TS6133: 'result' is declared but its value is never read.
src/solver/__tests__/coordinator-speed-control.test.ts(220,11): error TS6133: 'simTimeBefore' is declared but its value is never read.
src/solver/analog/__tests__/ac-analysis.test.ts(371,11): error TS6133: 'logRatio1' is declared but its value is never read.
src/solver/analog/__tests__/ac-analysis.test.ts(372,11): error TS6133: 'logRatio2' is declared but its value is never read.
src/solver/analog/__tests__/ac-analysis.test.ts(390,11): error TS6133: 'step' is declared but its value is never read.
src/solver/analog/__tests__/analog-engine.test.ts(407,11): error TS6133: 'current' is declared but its value is never read.
src/solver/analog/__tests__/analog-engine.test.ts(777,11): error TS6133: 'vMid' is declared but its value is never read.
src/solver/analog/__tests__/analog-engine.test.ts(939,11): error TS6133: 'dt' is declared but its value is never read.
src/solver/analog/__tests__/analog-engine.test.ts(943,11): error TS6133: 'ag0' is declared but its value is never read.
src/solver/analog/__tests__/behavioral-flipflop-variants.test.ts(203,22): error TS6133: 'qPin' is declared but its value is never read.
src/solver/analog/__tests__/behavioral-flipflop-variants.test.ts(203,28): error TS6133: 'qBarPin' is declared but its value is never read.
src/solver/analog/__tests__/behavioral-flipflop-variants.test.ts(224,22): error TS6133: 'qPin' is declared but its value is never read.
src/solver/analog/__tests__/behavioral-flipflop-variants.test.ts(237,22): error TS6133: 'qPin' is declared but its value is never read.
src/solver/analog/__tests__/behavioral-flipflop-variants.test.ts(262,22): error TS6133: 'qPin' is declared but its value is never read.
src/solver/analog/__tests__/behavioral-flipflop-variants.test.ts(291,11): error TS6133: 'qBefore' is declared but its value is never read.
src/solver/analog/__tests__/behavioral-flipflop-variants.test.ts(308,22): error TS6133: 'qPin' is declared but its value is never read.
src/solver/analog/__tests__/behavioral-flipflop.test.ts(135,22): error TS6133: 'qPin' is declared but its value is never read.
src/solver/analog/__tests__/behavioral-flipflop.test.ts(160,22): error TS6133: 'qPin' is declared but its value is never read.
src/solver/analog/__tests__/behavioral-flipflop.test.ts(178,22): error TS6133: 'qPin' is declared but its value is never read.
src/solver/analog/__tests__/behavioral-flipflop.test.ts(178,28): error TS6133: 'qBarPin' is declared but its value is never read.
src/solver/analog/__tests__/behavioral-flipflop.test.ts(202,11): error TS6133: 'initialQ' is declared but its value is never read.
src/solver/analog/__tests__/behavioral-flipflop.test.ts(222,22): error TS6133: 'qPin' is declared but its value is never read.
src/solver/analog/__tests__/behavioral-flipflop.test.ts(283,26): error TS6133: 'qPin' is declared but its value is never read.
src/solver/analog/__tests__/behavioral-gate.test.ts(170,13): error TS6133: 'solver' is declared but its value is never read.
src/solver/analog/__tests__/behavioral-gate.test.ts(170,21): error TS6133: 'diagnostics' is declared but its value is never read.
src/solver/analog/__tests__/behavioral-gate.test.ts(184,13): error TS6133: 'solver' is declared but its value is never read.
src/solver/analog/__tests__/behavioral-gate.test.ts(184,21): error TS6133: 'diagnostics' is declared but its value is never read.
src/solver/analog/__tests__/behavioral-gate.test.ts(190,11): error TS6133: 'vOut' is declared but its value is never read.
src/solver/analog/__tests__/behavioral-gate.test.ts(233,15): error TS6133: 'solver' is declared but its value is never read.
src/solver/analog/__tests__/behavioral-gate.test.ts(233,23): error TS6133: 'diagnostics' is declared but its value is never read.
src/solver/analog/__tests__/behavioral-gate.test.ts(264,15): error TS6133: 'solver' is declared but its value is never read.
src/solver/analog/__tests__/behavioral-gate.test.ts(264,23): error TS6133: 'diagnostics' is declared but its value is never read.
src/solver/analog/__tests__/behavioral-gate.test.ts(286,13): error TS6133: 'solver' is declared but its value is never read.
src/solver/analog/__tests__/behavioral-gate.test.ts(286,21): error TS6133: 'diagnostics' is declared but its value is never read.
src/solver/analog/__tests__/behavioral-gate.test.ts(300,13): error TS6133: 'solver' is declared but its value is never read.
src/solver/analog/__tests__/behavioral-gate.test.ts(300,21): error TS6133: 'diagnostics' is declared but its value is never read.
src/solver/analog/__tests__/behavioral-gate.test.ts(428,13): error TS6133: 'solver' is declared but its value is never read.
src/solver/analog/__tests__/behavioral-gate.test.ts(428,21): error TS6133: 'diagnostics' is declared but its value is never read.
src/solver/analog/__tests__/behavioral-integration.test.ts(355,11): error TS6133: 'vOut' is declared but its value is never read.
src/solver/analog/__tests__/behavioral-integration.test.ts(468,11): error TS6133: 'vOut' is declared but its value is never read.
src/solver/analog/__tests__/behavioral-integration.test.ts(487,37): error TS6133: 'qBarPin' is declared but its value is never read.
src/solver/analog/__tests__/behavioral-integration.test.ts(675,11): error TS6133: 'vQ' is declared but its value is never read.
src/solver/analog/__tests__/behavioral-remaining.test.ts(154,11): error TS6133: 'expected' is declared but its value is never read.
src/solver/analog/__tests__/behavioral-remaining.test.ts(241,11): error TS6133: 'expectedApprox' is declared but its value is never read.
src/solver/analog/__tests__/behavioral-remaining.test.ts(295,13): error TS6133: 'vSeg' is declared but its value is never read.
src/solver/analog/__tests__/behavioral-remaining.test.ts(300,13): error TS6133: 'vSeg' is declared but its value is never read.
src/solver/analog/__tests__/behavioral-sequential.test.ts(305,36): error TS6133: 'outBitPins' is declared but its value is never read.
src/solver/analog/__tests__/bridge-adapter.test.ts(167,11): error TS6133: 'gOut' is declared but its value is never read.
src/solver/analog/__tests__/bridge-adapter.test.ts(196,11): error TS6133: 'gIn' is declared but its value is never read.
src/solver/analog/__tests__/bridge-adapter.test.ts(217,11): error TS6133: 'gOutBefore' is declared but its value is never read.
src/solver/analog/__tests__/bridge-adapter.test.ts(223,11): error TS6133: 'gOutAfter' is declared but its value is never read.
src/solver/analog/__tests__/bridge-compilation.test.ts(165,11): error TS6133: 'gOut' is declared but its value is never read.
src/solver/analog/__tests__/buckbjt-convergence.test.ts(52,5): error TS6133: 'dllAvailable' is declared but its value is never read.
src/solver/analog/__tests__/convergence-regression.test.ts(242,11): error TS6133: 'v1' is declared but its value is never read.
src/solver/analog/__tests__/dc-operating-point.test.ts(877,11): error TS6133: 'expectedInitial' is declared but its value is never read.
src/solver/analog/__tests__/dc-operating-point.test.ts(923,11): error TS6133: 'expectedInitial' is declared but its value is never read.
src/solver/analog/__tests__/dcop-init-jct.test.ts(164,24): error TS6133: 'pool' is declared but its value is never read.
src/solver/analog/__tests__/dcop-init-jct.test.ts(175,13): error TS6133: 'base' is declared but its value is never read.
src/solver/analog/__tests__/dcop-init-jct.test.ts(176,13): error TS6133: 'vbeIdx' is declared but its value is never read.
src/solver/analog/__tests__/dcop-init-jct.test.ts(177,13): error TS6133: 'vbcIdx' is declared but its value is never read.
src/solver/analog/__tests__/dcop-init-jct.test.ts(205,24): error TS6133: 'pool' is declared but its value is never read.
src/solver/analog/__tests__/dcop-init-jct.test.ts(214,13): error TS6133: 'tVcrit' is declared but its value is never read.
src/solver/analog/__tests__/dcop-init-jct.test.ts(215,13): error TS6133: 'base' is declared but its value is never read.
src/solver/analog/__tests__/dcop-init-jct.test.ts(216,13): error TS6133: 'vbeIdx' is declared but its value is never read.
src/solver/analog/__tests__/dcop-init-jct.test.ts(217,13): error TS6133: 'vbcIdx' is declared but its value is never read.
src/solver/analog/__tests__/dcop-init-jct.test.ts(229,24): error TS6133: 'pool' is declared but its value is never read.
src/solver/analog/__tests__/dcop-init-jct.test.ts(238,13): error TS6133: 'tVcrit' is declared but its value is never read.
src/solver/analog/__tests__/dcop-init-jct.test.ts(239,13): error TS6133: 'base' is declared but its value is never read.
src/solver/analog/__tests__/dcop-init-jct.test.ts(240,13): error TS6133: 'vbeIdx' is declared but its value is never read.
src/solver/analog/__tests__/dcop-init-jct.test.ts(241,13): error TS6133: 'vbcIdx' is declared but its value is never read.
src/solver/analog/__tests__/dcop-init-jct.test.ts(265,24): error TS6133: 'pool' is declared but its value is never read.
src/solver/analog/__tests__/dcop-init-jct.test.ts(274,13): error TS6133: 'tVcrit' is declared but its value is never read.
src/solver/analog/__tests__/dcop-init-jct.test.ts(275,13): error TS6133: 'base' is declared but its value is never read.
src/solver/analog/__tests__/dcop-init-jct.test.ts(276,13): error TS6133: 'vbeIdx' is declared but its value is never read.
src/solver/analog/__tests__/dcop-init-jct.test.ts(277,13): error TS6133: 'vbcIdx' is declared but its value is never read.
src/solver/analog/__tests__/dcop-init-jct.test.ts(298,24): error TS6133: 'pool' is declared but its value is never read.
src/solver/analog/__tests__/dcop-init-jct.test.ts(309,13): error TS6133: 'base' is declared but its value is never read.
src/solver/analog/__tests__/dcop-init-jct.test.ts(310,13): error TS6133: 'vdIdx' is declared but its value is never read.
src/solver/analog/__tests__/dcop-init-jct.test.ts(330,24): error TS6133: 'pool' is declared but its value is never read.
src/solver/analog/__tests__/dcop-init-jct.test.ts(340,13): error TS6133: 'tVcrit' is declared but its value is never read.
src/solver/analog/__tests__/dcop-init-jct.test.ts(341,13): error TS6133: 'base' is declared but its value is never read.
src/solver/analog/__tests__/dcop-init-jct.test.ts(342,13): error TS6133: 'vdIdx' is declared but its value is never read.
src/solver/analog/__tests__/digital-pin-model.test.ts(38,10): error TS6133: 'MODEDCOP' is declared but its value is never read.
src/solver/analog/__tests__/digital-pin-model.test.ts(202,11): error TS6133: 'gOut' is declared but its value is never read.
src/solver/analog/__tests__/digital-pin-model.test.ts(240,11): error TS6133: 'geq' is declared but its value is never read.
src/solver/analog/__tests__/digital-pin-model.test.ts(242,11): error TS6133: 'gOut' is declared but its value is never read.
src/solver/analog/__tests__/expression-differentiate.test.ts(65,11): error TS6133: 'result' is declared but its value is never read.
src/solver/analog/__tests__/expression-differentiate.test.ts(66,11): error TS6133: 'expected' is declared but its value is never read.
src/solver/analog/__tests__/expression-differentiate.test.ts(71,11): error TS6133: 'result' is declared but its value is never read.
src/solver/analog/__tests__/expression-differentiate.test.ts(72,11): error TS6133: 'expected' is declared but its value is never read.
src/solver/analog/__tests__/expression-differentiate.test.ts(77,11): error TS6133: 'result' is declared but its value is never read.
src/solver/analog/__tests__/expression-differentiate.test.ts(78,11): error TS6133: 'expected' is declared but its value is never read.
src/solver/analog/__tests__/expression-differentiate.test.ts(83,11): error TS6133: 'result' is declared but its value is never read.
src/solver/analog/__tests__/expression-differentiate.test.ts(88,11): error TS6133: 'result' is declared but its value is never read.
src/solver/analog/__tests__/expression-differentiate.test.ts(93,11): error TS6133: 'result' is declared but its value is never read.
src/solver/analog/__tests__/expression-differentiate.test.ts(98,11): error TS6133: 'result' is declared but its value is never read.
src/solver/analog/__tests__/expression-differentiate.test.ts(103,11): error TS6133: 'result' is declared but its value is never read.
src/solver/analog/__tests__/expression-differentiate.test.ts(108,11): error TS6133: 'result' is declared but its value is never read.
src/solver/analog/__tests__/expression-differentiate.test.ts(113,11): error TS6133: 'result' is declared but its value is never read.
src/solver/analog/__tests__/expression-evaluate.test.ts(43,11): error TS6133: 'expr' is declared but its value is never read.
src/solver/analog/__tests__/expression-evaluate.test.ts(44,11): error TS6133: 'ctx' is declared but its value is never read.
src/solver/analog/__tests__/expression-evaluate.test.ts(48,11): error TS6133: 'expr' is declared but its value is never read.
src/solver/analog/__tests__/expression-evaluate.test.ts(49,11): error TS6133: 'ctx' is declared but its value is never read.
src/solver/analog/__tests__/expression-evaluate.test.ts(53,11): error TS6133: 'expr' is declared but its value is never read.
src/solver/analog/__tests__/expression-evaluate.test.ts(54,11): error TS6133: 'ctx' is declared but its value is never read.
src/solver/analog/__tests__/expression-evaluate.test.ts(73,11): error TS6133: 'interpreted' is declared but its value is never read.
src/solver/analog/__tests__/expression-evaluate.test.ts(74,11): error TS6133: 'compiled' is declared but its value is never read.
src/solver/analog/__tests__/expression-evaluate.test.ts(84,11): error TS6133: 'expr' is declared but its value is never read.
src/solver/analog/__tests__/expression-evaluate.test.ts(85,11): error TS6133: 'ctx' is declared but its value is never read.
src/solver/analog/__tests__/expression-evaluate.test.ts(89,11): error TS6133: 'expr' is declared but its value is never read.
src/solver/analog/__tests__/expression-evaluate.test.ts(90,11): error TS6133: 'ctx' is declared but its value is never read.
src/solver/analog/__tests__/expression-evaluate.test.ts(94,11): error TS6133: 'expr' is declared but its value is never read.
src/solver/analog/__tests__/expression-evaluate.test.ts(95,11): error TS6133: 'ctx' is declared but its value is never read.
src/solver/analog/__tests__/expression-evaluate.test.ts(99,11): error TS6133: 'expr' is declared but its value is never read.
src/solver/analog/__tests__/expression-evaluate.test.ts(100,11): error TS6133: 'ctx' is declared but its value is never read.
src/solver/analog/__tests__/expression-evaluate.test.ts(145,13): error TS6133: 'interpreted' is declared but its value is never read.
src/solver/analog/__tests__/expression-evaluate.test.ts(146,13): error TS6133: 'compiled' is declared but its value is never read.
src/solver/analog/__tests__/expression.test.ts(97,11): error TS6133: 'result' is declared but its value is never read.
src/solver/analog/__tests__/expression.test.ts(229,11): error TS6133: 'ast' is declared but its value is never read.
src/solver/analog/__tests__/harness/buckbjt-smoke.test.ts(18,5): error TS6133: 'dllAvailable' is declared but its value is never read.
src/solver/analog/__tests__/harness/harness-integration.test.ts(22,1): error TS6133: 'DEVICE_MAPPINGS' is declared but its value is never read.
src/solver/analog/__tests__/harness/slice.test.ts(149,11): error TS6133: 'result' is declared but its value is never read.
src/solver/analog/__tests__/harness/step-alignment.test.ts(91,13): error TS6133: 'expectedDelta' is declared but its value is never read.
src/solver/analog/__tests__/harness/stream-verification.test.ts(342,15): error TS6133: 'expectedOurDelta' is declared but its value is never read.
src/solver/analog/__tests__/harness/stream-verification.test.ts(351,15): error TS6133: 'expectedNgDelta' is declared but its value is never read.
src/solver/analog/__tests__/harness/stream-verification.test.ts(357,15): error TS6133: 'expectedDiff' is declared but its value is never read.
src/solver/analog/__tests__/harness/stream-verification.test.ts(374,11): error TS6133: 'ourSteps' is declared but its value is never read.
src/solver/analog/__tests__/mna-end-to-end.test.ts(204,11): error TS6133: 'sorted' is declared but its value is never read.
src/solver/analog/__tests__/mna-end-to-end.test.ts(354,11): error TS6133: 'iL' is declared but its value is never read.
src/solver/analog/__tests__/mna-end-to-end.test.ts(509,11): error TS6133: 'expected' is declared but its value is never read.
src/solver/analog/__tests__/mna-end-to-end.test.ts(512,11): error TS6133: 'expectedI' is declared but its value is never read.
src/solver/analog/__tests__/model-parser-subckt.test.ts(107,11): error TS6133: 'r' is declared but its value is never read.
src/solver/analog/__tests__/model-parser-subckt.test.ts(126,11): error TS6133: 'c' is declared but its value is never read.
src/solver/analog/__tests__/model-parser-subckt.test.ts(145,11): error TS6133: 'l' is declared but its value is never read.
src/solver/analog/__tests__/model-parser-subckt.test.ts(244,11): error TS6133: 'm' is declared but its value is never read.
src/solver/analog/__tests__/model-parser-subckt.test.ts(249,11): error TS6133: 'm' is declared but its value is never read.
src/solver/analog/__tests__/model-parser-subckt.test.ts(293,11): error TS6133: 'v' is declared but its value is never read.
src/solver/analog/__tests__/model-parser-subckt.test.ts(371,11): error TS6133: 'sc' is declared but its value is never read.
src/solver/analog/__tests__/model-parser-subckt.test.ts(393,11): error TS6133: 'sc' is declared but its value is never read.
src/solver/analog/__tests__/model-parser-subckt.test.ts(397,11): error TS6133: 'sc' is declared but its value is never read.
src/solver/analog/__tests__/model-parser-subckt.test.ts(419,13): error TS6133: 'el' is declared but its value is never read.
src/solver/analog/__tests__/model-parser-subckt.test.ts(464,11): error TS6133: 'sc' is declared but its value is never read.
src/solver/analog/__tests__/model-parser-subckt.test.ts(476,11): error TS6133: 'm' is declared but its value is never read.
src/solver/analog/__tests__/model-parser.test.ts(48,11): error TS6133: 'model' is declared but its value is never read.
src/solver/analog/__tests__/model-parser.test.ts(128,11): error TS6133: 'result' is declared but its value is never read.
src/solver/analog/__tests__/monte-carlo.test.ts(333,11): error TS6133: 'stats1' is declared but its value is never read.
src/solver/analog/__tests__/monte-carlo.test.ts(334,11): error TS6133: 'stats2' is declared but its value is never read.
src/solver/analog/__tests__/monte-carlo.test.ts(423,11): error TS6133: 'firstRatio' is declared but its value is never read.
src/solver/analog/__tests__/monte-carlo.test.ts(424,16): error TS6133: 'ratio' is declared but its value is never read.
src/solver/analog/__tests__/monte-carlo.test.ts(513,11): error TS6133: 'std' is declared but its value is never read.
src/solver/analog/__tests__/monte-carlo.test.ts(551,11): error TS6133: 'v' is declared but its value is never read.
src/solver/analog/__tests__/monte-carlo.test.ts(555,11): error TS6133: 'v' is declared but its value is never read.
src/solver/analog/__tests__/monte-carlo.test.ts(564,11): error TS6133: 'first' is declared but its value is never read.
src/solver/analog/__tests__/monte-carlo.test.ts(565,16): error TS6133: 'r' is declared but its value is never read.
src/solver/analog/__tests__/phase-3-nr-reorder.test.ts(20,3): error TS6133: 'MODETRANOP' is declared but its value is never read.
src/solver/analog/__tests__/phase-3-nr-reorder.test.ts(20,15): error TS6133: 'MODEUIC' is declared but its value is never read.
src/solver/analog/__tests__/phase-3-nr-reorder.test.ts(21,53): error TS6133: 'initf' is declared but its value is never read.
src/solver/analog/__tests__/phase-3-relay-composite.test.ts(19,49): error TS6133: 'setInitf' is declared but its value is never read.
src/solver/analog/__tests__/rc-ac-transient.test.ts(178,11): error TS6133: 'measuredGain' is declared but its value is never read.
src/solver/analog/__tests__/sparse-solver.test.ts(35,11): error TS6133: 'x' is declared but its value is never read.
src/solver/analog/__tests__/sparse-solver.test.ts(59,11): error TS6133: 'x' is declared but its value is never read.
src/solver/analog/__tests__/sparse-solver.test.ts(413,11): error TS6133: 'v50' is declared but its value is never read.
src/solver/analog/__tests__/sparse-solver.test.ts(788,11): error TS6133: 'r1' is declared but its value is never read.
src/solver/analog/__tests__/sparse-solver.test.ts(1490,11): error TS6133: 'elVal' is declared but its value is never read.
src/solver/analog/__tests__/sparse-solver.test.ts(1973,11): error TS6133: 'r1' is declared but its value is never read.
src/solver/analog/__tests__/sparse-solver.test.ts(1987,11): error TS6133: 'r2' is declared but its value is never read.
src/solver/analog/__tests__/timestep.test.ts(164,11): error TS6133: 'newDt' is declared but its value is never read.
src/solver/analog/__tests__/timestep.test.ts(166,11): error TS6133: 'expected' is declared but its value is never read.
src/solver/analog/__tests__/timestep.test.ts(543,11): error TS6133: 'newDt' is declared but its value is never read.
src/testing/__tests__/parser.test.ts(339,13): error TS6133: 'result' is declared but its value is never read.
src/testing/__tests__/parser.test.ts(344,13): error TS6133: 'result' is declared but its value is never read.