src/compile/__tests__/compile-integration.test.ts(266,14): error TS2352: Conversion of type '{ name: string; typeId: number; factory: () => never; pinLayout: never[]; propertyDefs: never[]; attributeMap: never[]; category: ComponentCategory.MISC; helpText: string; models: { digital: { ...; }; }; modelRegistry: { ...; }; }' to type 'ComponentDefinition' may be a mistake because neither type sufficiently overlaps with the other. If this was intentional, convert the expression to 'unknown' first.
  Types of property 'modelRegistry' are incompatible.
    Type '{ behavioral: { kind: "inline"; branchCount: number; factory: (pinNodes: ReadonlyMap<string, number>) => AnalogElement; paramDefs: never[]; params: {}; }; }' is not comparable to type 'Record<string, ModelEntry>'.
      Property 'behavioral' is incompatible with index signature.
        Type '{ kind: "inline"; branchCount: number; factory: (pinNodes: ReadonlyMap<string, number>) => AnalogElement; paramDefs: never[]; params: {}; }' is not comparable to type 'ModelEntry'.
          Type '{ kind: "inline"; branchCount: number; factory: (pinNodes: ReadonlyMap<string, number>) => AnalogElement; paramDefs: never[]; params: {}; }' is not comparable to type '{ kind: "inline"; factory: AnalogFactory; paramDefs: ParamDef[]; params: Record<string, number>; branchCount?: number | ((props: PropertyBag) => number); getInternalNodeCount?: (props: PropertyBag) => number; getInternalNodeLabels?: (props: PropertyBag) => readonly string[]; spice?: ModelEmissionSpec; }'.
            The types returned by 'factory(...)' are incompatible between these types.
              Property 'ngspiceLoadOrder' is missing in type 'AnalogElement' but required in type 'AnalogElementCore'.
src/compile/__tests__/pin-loading-menu.test.ts(152,14): error TS2352: Conversion of type '{ name: string; typeId: number; factory: () => never; pinLayout: never[]; propertyDefs: never[]; attributeMap: never[]; category: ComponentCategory.MISC; helpText: string; models: {}; modelRegistry: { ...; }; }' to type 'ComponentDefinition' may be a mistake because neither type sufficiently overlaps with the other. If this was intentional, convert the expression to 'unknown' first.
  Types of property 'modelRegistry' are incompatible.
    Type '{ behavioral: { kind: "inline"; branchCount: number; factory: (pinNodes: ReadonlyMap<string, number>) => AnalogElement; paramDefs: never[]; params: {}; }; }' is not comparable to type 'Record<string, ModelEntry>'.
      Property 'behavioral' is incompatible with index signature.
        Type '{ kind: "inline"; branchCount: number; factory: (pinNodes: ReadonlyMap<string, number>) => AnalogElement; paramDefs: never[]; params: {}; }' is not comparable to type 'ModelEntry'.
          Type '{ kind: "inline"; branchCount: number; factory: (pinNodes: ReadonlyMap<string, number>) => AnalogElement; paramDefs: never[]; params: {}; }' is not comparable to type '{ kind: "inline"; factory: AnalogFactory; paramDefs: ParamDef[]; params: Record<string, number>; branchCount?: number | ((props: PropertyBag) => number); getInternalNodeCount?: (props: PropertyBag) => number; getInternalNodeLabels?: (props: PropertyBag) => readonly string[]; spice?: ModelEmissionSpec; }'.
            The types returned by 'factory(...)' are incompatible between these types.
              Property 'ngspiceLoadOrder' is missing in type 'AnalogElement' but required in type 'AnalogElementCore'.
src/compile/__tests__/pin-loading-menu.test.ts(185,14): error TS2352: Conversion of type '{ name: string; typeId: number; factory: (props: PropertyBagType) => TestElement; pinLayout: PinDeclaration[]; propertyDefs: never[]; attributeMap: never[]; category: ComponentCategory.MISC; helpText: string; models: { ...; }; modelRegistry: { ...; }; }' to type 'ComponentDefinition' may be a mistake because neither type sufficiently overlaps with the other. If this was intentional, convert the expression to 'unknown' first.
  Types of property 'modelRegistry' are incompatible.
    Type '{ behavioral: { kind: "inline"; branchCount: number; factory: (pinNodes: ReadonlyMap<string, number>) => AnalogElement; paramDefs: never[]; params: {}; }; }' is not comparable to type 'Record<string, ModelEntry>'.
      Property 'behavioral' is incompatible with index signature.
        Type '{ kind: "inline"; branchCount: number; factory: (pinNodes: ReadonlyMap<string, number>) => AnalogElement; paramDefs: never[]; params: {}; }' is not comparable to type 'ModelEntry'.
          Type '{ kind: "inline"; branchCount: number; factory: (pinNodes: ReadonlyMap<string, number>) => AnalogElement; paramDefs: never[]; params: {}; }' is not comparable to type '{ kind: "inline"; factory: AnalogFactory; paramDefs: ParamDef[]; params: Record<string, number>; branchCount?: number | ((props: PropertyBag) => number); getInternalNodeCount?: (props: PropertyBag) => number; getInternalNodeLabels?: (props: PropertyBag) => readonly string[]; spice?: ModelEmissionSpec; }'.
            The types returned by 'factory(...)' are incompatible between these types.
              Property 'ngspiceLoadOrder' is missing in type 'AnalogElement' but required in type 'AnalogElementCore'.
src/components/active/__tests__/adc.test.ts(112,10): error TS2352: Conversion of type 'AnalogElementCore' to type 'ADCElementExt' may be a mistake because neither type sufficiently overlaps with the other. If this was intentional, convert the expression to 'unknown' first.
  Type 'AnalogElementCore' is missing the following properties from type 'AnalogElement': pinNodeIds, allNodeIds
src/components/active/__tests__/adc.test.ts(130,5): error TS2353: Object literal may only specify known properties, and 'voltages' does not exist in type 'MakeLoadCtxOptions'.
src/components/active/__tests__/adc.test.ts(332,5): error TS2353: Object literal may only specify known properties, and 'voltages' does not exist in type 'MakeLoadCtxOptions'.
src/components/active/__tests__/comparator.test.ts(280,5): error TS2353: Object literal may only specify known properties, and 'voltages' does not exist in type 'MakeLoadCtxOptions'.
src/components/active/__tests__/comparator.test.ts(293,5): error TS2353: Object literal may only specify known properties, and 'voltages' does not exist in type 'MakeLoadCtxOptions'.
src/components/active/__tests__/dac.test.ts(309,5): error TS2353: Object literal may only specify known properties, and 'voltages' does not exist in type 'MakeLoadCtxOptions'.
src/components/active/__tests__/opamp.test.ts(327,11): error TS6196: 'CaptureRhs' is declared but never used.
src/components/active/__tests__/opamp.test.ts(357,5): error TS2353: Object literal may only specify known properties, and 'voltages' does not exist in type 'MakeLoadCtxOptions'.
src/components/active/__tests__/ota.test.ts(320,5): error TS2353: Object literal may only specify known properties, and 'voltages' does not exist in type 'MakeLoadCtxOptions'.
src/components/active/__tests__/real-opamp.test.ts(186,21): error TS2345: Argument of type 'CKTCircuitContext' is not assignable to parameter of type 'LoadContext'.
  Type 'CKTCircuitContext' is missing the following properties from type 'LoadContext': matrix, time, dt, method, and 7 more.
src/components/active/__tests__/real-opamp.test.ts(637,5): error TS2353: Object literal may only specify known properties, and 'voltages' does not exist in type 'MakeLoadCtxOptions'.
src/components/active/__tests__/schmitt-trigger.test.ts(77,5): error TS2353: Object literal may only specify known properties, and 'voltages' does not exist in type 'MakeLoadCtxOptions'.
src/components/active/__tests__/schmitt-trigger.test.ts(412,5): error TS2353: Object literal may only specify known properties, and 'voltages' does not exist in type 'MakeLoadCtxOptions'.
src/components/io/__tests__/led.test.ts(749,5): error TS2322: Type '(solver: SparseSolver) => void' is not assignable to type '(solver: ComplexSparseSolver, omega: number, ctx: LoadContext) => void'.
  Types of parameters 'solver' and 'solver' are incompatible.
    Type 'ComplexSparseSolver' is missing the following properties from type 'SparseSolver': _elRow, _elCol, _elVal, _elNextInRow, and 92 more.
src/components/io/__tests__/led.test.ts(909,10): error TS2339: Property 'initState' does not exist on type 'AnalogElementCore'.
src/components/io/__tests__/led.test.ts(933,7): error TS2353: Object literal may only specify known properties, and 'voltages' does not exist in type 'MakeLoadCtxOptions'.
src/components/io/__tests__/led.test.ts(981,45): error TS2345: Argument of type '"CAP_GEQ"' is not assignable to parameter of type '"Q" | "GEQ" | "IEQ" | "CCAP" | "VD" | "ID"'.
src/components/io/__tests__/led.test.ts(982,45): error TS2345: Argument of type '"CAP_IEQ"' is not assignable to parameter of type '"Q" | "GEQ" | "IEQ" | "CCAP" | "VD" | "ID"'.
src/components/io/__tests__/led.test.ts(983,45): error TS2345: Argument of type '"V"' is not assignable to parameter of type '"Q" | "GEQ" | "IEQ" | "CCAP" | "VD" | "ID"'.
src/components/io/ground.ts(112,3): error TS2741: Property 'ngspiceLoadOrder' is missing in type '{ branchIndex: number; isNonlinear: false; isReactive: false; load(_ctx: LoadContext): void; setParam(_key: string, _value: number): void; getPinCurrents(_voltages: Float64Array<ArrayBufferLike>): number[]; }' but required in type 'AnalogElementCore'.
src/components/io/probe.ts(216,7): error TS2420: Class 'AnalogProbeElement' incorrectly implements interface 'AnalogElementCore'.
  Property 'ngspiceLoadOrder' is missing in type 'AnalogProbeElement' but required in type 'AnalogElementCore'.
src/components/io/probe.ts(246,3): error TS2741: Property 'ngspiceLoadOrder' is missing in type 'AnalogProbeElement' but required in type 'AnalogElementCore'.
src/components/passives/__tests__/analog-fuse.test.ts(64,5): error TS2353: Object literal may only specify known properties, and 'voltages' does not exist in type 'MakeLoadCtxOptions'.
src/components/passives/__tests__/inductor.test.ts(75,5): error TS2353: Object literal may only specify known properties, and 'voltages' does not exist in type 'MakeLoadCtxOptions'.
src/components/passives/__tests__/inductor.test.ts(578,9): error TS2353: Object literal may only specify known properties, and 'voltages' does not exist in type 'MakeLoadCtxOptions'.
src/components/passives/__tests__/memristor.test.ts(61,5): error TS2353: Object literal may only specify known properties, and 'voltages' does not exist in type 'MakeLoadCtxOptions'.
src/components/passives/__tests__/polarized-cap.test.ts(66,5): error TS2353: Object literal may only specify known properties, and 'voltages' does not exist in type 'MakeLoadCtxOptions'.
src/components/passives/__tests__/polarized-cap.test.ts(91,5): error TS2353: Object literal may only specify known properties, and 'voltages' does not exist in type 'MakeLoadCtxOptions'.
src/components/passives/__tests__/polarized-cap.test.ts(364,9): error TS6199: All variables are unused.
src/components/passives/__tests__/potentiometer.test.ts(238,24): error TS2339: Property 'pinNodeIds' does not exist on type 'AnalogElementCore'.
src/components/passives/__tests__/potentiometer.test.ts(239,24): error TS2339: Property 'allNodeIds' does not exist on type 'AnalogElementCore'.
src/components/passives/__tests__/transformer.test.ts(82,5): error TS2353: Object literal may only specify known properties, and 'voltages' does not exist in type 'MakeLoadCtxOptions'.
src/components/semiconductors/__tests__/bjt.test.ts(715,3): error TS6199: All variables are unused.
src/components/semiconductors/__tests__/bjt.test.ts(1529,3): error TS6199: All variables are unused.
src/components/semiconductors/__tests__/bjt.test.ts(1530,3): error TS6199: All variables are unused.
src/components/semiconductors/__tests__/diode.test.ts(223,7): error TS2353: Object literal may only specify known properties, and 'voltages' does not exist in type 'MakeLoadCtxOptions'.
src/components/semiconductors/__tests__/diode.test.ts(442,6): error TS2352: Conversion of type 'AnalogElementCore' to type '{ stateBaseOffset: number; }' may be a mistake because neither type sufficiently overlaps with the other. If this was intentional, convert the expression to 'unknown' first.
  Property 'stateBaseOffset' is missing in type 'AnalogElementCore' but required in type '{ stateBaseOffset: number; }'.
src/components/semiconductors/__tests__/diode.test.ts(619,6): error TS2352: Conversion of type 'AnalogElementCore' to type '{ stateBaseOffset: number; }' may be a mistake because neither type sufficiently overlaps with the other. If this was intentional, convert the expression to 'unknown' first.
  Property 'stateBaseOffset' is missing in type 'AnalogElementCore' but required in type '{ stateBaseOffset: number; }'.
src/components/semiconductors/__tests__/diode.test.ts(664,6): error TS2352: Conversion of type 'AnalogElementCore' to type '{ stateBaseOffset: number; }' may be a mistake because neither type sufficiently overlaps with the other. If this was intentional, convert the expression to 'unknown' first.
  Property 'stateBaseOffset' is missing in type 'AnalogElementCore' but required in type '{ stateBaseOffset: number; }'.
src/components/semiconductors/__tests__/diode.test.ts(916,15): error TS2345: Argument of type '{ rhs: Float64Array<ArrayBuffer>; solver: SparseSolver; matrix: SparseSolver; rhsOld: Float64Array<ArrayBufferLike>; ... 15 more ...; voltTol: number; }' is not assignable to parameter of type 'LoadContext'.
  Type '{ rhs: Float64Array<ArrayBuffer>; solver: SparseSolver; matrix: SparseSolver; rhsOld: Float64Array<ArrayBufferLike>; ... 15 more ...; voltTol: number; }' is missing the following properties from type 'LoadContext': time, convergenceCollector, temp, vt
src/components/semiconductors/__tests__/diode.test.ts(985,15): error TS2345: Argument of type '{ solver: SparseSolver; matrix: SparseSolver; rhsOld: Float64Array<ArrayBufferLike>; rhs: Float64Array<ArrayBufferLike>; ... 15 more ...; voltTol: number; }' is not assignable to parameter of type 'LoadContext'.
  Type '{ solver: SparseSolver; matrix: SparseSolver; rhsOld: Float64Array<ArrayBufferLike>; rhs: Float64Array<ArrayBufferLike>; ... 15 more ...; voltTol: number; }' is missing the following properties from type 'LoadContext': time, convergenceCollector, temp, vt
src/components/semiconductors/__tests__/diode.test.ts(1032,15): error TS2345: Argument of type '{ solver: SparseSolver; matrix: SparseSolver; rhs: Float64Array<ArrayBuffer>; rhsOld: Float64Array<ArrayBuffer>; ... 18 more ...; voltTol: number; }' is not assignable to parameter of type 'LoadContext'.
  Property 'time' is missing in type '{ solver: SparseSolver; matrix: SparseSolver; rhs: Float64Array<ArrayBuffer>; rhsOld: Float64Array<ArrayBuffer>; ... 18 more ...; voltTol: number; }' but required in type 'LoadContext'.
src/components/semiconductors/__tests__/diode.test.ts(1077,15): error TS2345: Argument of type '{ solver: SparseSolver; matrix: SparseSolver; rhs: Float64Array<ArrayBuffer>; rhsOld: Float64Array<ArrayBuffer>; ... 18 more ...; voltTol: number; }' is not assignable to parameter of type 'LoadContext'.
  Property 'time' is missing in type '{ solver: SparseSolver; matrix: SparseSolver; rhs: Float64Array<ArrayBuffer>; rhsOld: Float64Array<ArrayBuffer>; ... 18 more ...; voltTol: number; }' but required in type 'LoadContext'.
src/components/semiconductors/__tests__/diode.test.ts(1123,15): error TS2345: Argument of type '{ solver: SparseSolver; rhsOld: Float64Array<ArrayBuffer>; rhs: Float64Array<ArrayBuffer>; cktMode: number; ... 14 more ...; voltTol: number; }' is not assignable to parameter of type 'LoadContext'.
  Type '{ solver: SparseSolver; rhsOld: Float64Array<ArrayBuffer>; rhs: Float64Array<ArrayBuffer>; cktMode: number; ... 14 more ...; voltTol: number; }' is missing the following properties from type 'LoadContext': matrix, time, convergenceCollector, temp, vt
src/components/semiconductors/__tests__/diode.test.ts(1165,15): error TS2345: Argument of type '{ solver: SparseSolver; rhsOld: Float64Array<ArrayBuffer>; rhs: Float64Array<ArrayBuffer>; cktMode: number; ... 14 more ...; voltTol: number; }' is not assignable to parameter of type 'LoadContext'.
  Type '{ solver: SparseSolver; rhsOld: Float64Array<ArrayBuffer>; rhs: Float64Array<ArrayBuffer>; cktMode: number; ... 14 more ...; voltTol: number; }' is missing the following properties from type 'LoadContext': matrix, time, convergenceCollector, temp, vt
src/components/semiconductors/__tests__/diode.test.ts(1209,15): error TS2345: Argument of type '{ solver: SparseSolver; matrix: SparseSolver; rhsOld: Float64Array<ArrayBuffer>; rhs: Float64Array<ArrayBuffer>; ... 18 more ...; voltTol: number; }' is not assignable to parameter of type 'LoadContext'.
  Property 'time' is missing in type '{ solver: SparseSolver; matrix: SparseSolver; rhsOld: Float64Array<ArrayBuffer>; rhs: Float64Array<ArrayBuffer>; ... 18 more ...; voltTol: number; }' but required in type 'LoadContext'.
src/components/semiconductors/__tests__/diode.test.ts(1252,15): error TS2345: Argument of type '{ solver: SparseSolver; rhsOld: Float64Array<ArrayBuffer>; rhs: Float64Array<ArrayBuffer>; cktMode: number; ... 14 more ...; voltTol: number; }' is not assignable to parameter of type 'LoadContext'.
  Type '{ solver: SparseSolver; rhsOld: Float64Array<ArrayBuffer>; rhs: Float64Array<ArrayBuffer>; cktMode: number; ... 14 more ...; voltTol: number; }' is missing the following properties from type 'LoadContext': matrix, time, convergenceCollector, temp, vt
src/components/semiconductors/__tests__/jfet.test.ts(276,28): error TS2379: Argument of type 'AnalogElement' is not assignable to parameter of type 'AnalogElementCore' with 'exactOptionalPropertyTypes: true'. Consider adding 'undefined' to the types of the target's properties.
  Property 'ngspiceLoadOrder' is missing in type 'AnalogElement' but required in type 'AnalogElementCore'.
src/components/semiconductors/__tests__/jfet.test.ts(493,14): error TS2352: Conversion of type '{ cktMode: number; solver: SparseSolver; rhsOld: Float64Array<ArrayBuffer>; rhs: Float64Array<ArrayBuffer>; ... 15 more ...; voltTol: number; }' to type 'LoadContext' may be a mistake because neither type sufficiently overlaps with the other. If this was intentional, convert the expression to 'unknown' first.
  Type '{ cktMode: number; solver: SparseSolver; rhsOld: Float64Array<ArrayBuffer>; rhs: Float64Array<ArrayBuffer>; ... 15 more ...; voltTol: number; }' is missing the following properties from type 'LoadContext': matrix, convergenceCollector, temp, vt
src/components/semiconductors/__tests__/jfet.test.ts(585,14): error TS2352: Conversion of type '{ cktMode: number; solver: SparseSolver; rhsOld: Float64Array<ArrayBuffer>; rhs: Float64Array<ArrayBuffer>; ... 15 more ...; voltTol: number; }' to type 'LoadContext' may be a mistake because neither type sufficiently overlaps with the other. If this was intentional, convert the expression to 'unknown' first.
  Type '{ cktMode: number; solver: SparseSolver; rhsOld: Float64Array<ArrayBuffer>; rhs: Float64Array<ArrayBuffer>; ... 15 more ...; voltTol: number; }' is missing the following properties from type 'LoadContext': matrix, convergenceCollector, temp, vt
src/components/semiconductors/__tests__/mosfet.test.ts(245,20): error TS2339: Property 'pinNodeIds' does not exist on type '{ branchIndex: number; ngspiceLoadOrder: 15; isNonlinear: boolean; isReactive: boolean; poolBacked: true; stateSchema: StateSchema<string>; stateSize: number; stateBaseOffset: number; ... 6 more ...; getLteTimestep(dt: number, deltaOld: readonly number[], order: number, method: IntegrationMethod, lteParams: LteParam...'.
src/components/semiconductors/__tests__/mosfet.test.ts(246,20): error TS2339: Property 'pinNodeIds' does not exist on type '{ branchIndex: number; ngspiceLoadOrder: 15; isNonlinear: boolean; isReactive: boolean; poolBacked: true; stateSchema: StateSchema<string>; stateSize: number; stateBaseOffset: number; ... 6 more ...; getLteTimestep(dt: number, deltaOld: readonly number[], order: number, method: IntegrationMethod, lteParams: LteParam...'.
src/components/semiconductors/__tests__/mosfet.test.ts(247,20): error TS2339: Property 'pinNodeIds' does not exist on type '{ branchIndex: number; ngspiceLoadOrder: 15; isNonlinear: boolean; isReactive: boolean; poolBacked: true; stateSchema: StateSchema<string>; stateSize: number; stateBaseOffset: number; ... 6 more ...; getLteTimestep(dt: number, deltaOld: readonly number[], order: number, method: IntegrationMethod, lteParams: LteParam...'.
src/components/semiconductors/__tests__/mosfet.test.ts(480,28): error TS2379: Argument of type 'AnalogElement' is not assignable to parameter of type 'AnalogElementCore' with 'exactOptionalPropertyTypes: true'. Consider adding 'undefined' to the types of the target's properties.
  Property 'ngspiceLoadOrder' is missing in type 'AnalogElement' but required in type 'AnalogElementCore'.
src/components/semiconductors/__tests__/mosfet.test.ts(518,28): error TS2379: Argument of type 'AnalogElement' is not assignable to parameter of type 'AnalogElementCore' with 'exactOptionalPropertyTypes: true'. Consider adding 'undefined' to the types of the target's properties.
  Property 'ngspiceLoadOrder' is missing in type 'AnalogElement' but required in type 'AnalogElementCore'.
src/components/semiconductors/__tests__/mosfet.test.ts(542,28): error TS2379: Argument of type 'AnalogElement' is not assignable to parameter of type 'AnalogElementCore' with 'exactOptionalPropertyTypes: true'. Consider adding 'undefined' to the types of the target's properties.
  Property 'ngspiceLoadOrder' is missing in type 'AnalogElement' but required in type 'AnalogElementCore'.
src/components/semiconductors/__tests__/mosfet.test.ts(1091,1): error TS6199: All variables are unused.
src/components/semiconductors/__tests__/mosfet.test.ts(1092,1): error TS6199: All variables are unused.
src/components/semiconductors/__tests__/phase-3-xfact-predictor.test.ts(521,30): error TS2345: Argument of type '{ branchIndex: number; ngspiceLoadOrder: 13; isNonlinear: boolean; isReactive: boolean; poolBacked: true; stateSchema: StateSchema<string>; stateSize: number; stateBaseOffset: number; ... 13 more ...; setParam(key: string, value: number): void; }' is not assignable to parameter of type '{ branchIndex: number; ngspiceLoadOrder: 13; isNonlinear: boolean; isReactive: false; poolBacked: true; stateSchema: StateSchema<string>; stateSize: number; stateBaseOffset: number; ... 12 more ...; setParam(key: string, value: number): void; }'.
  Types of property 'isReactive' are incompatible.
    Type 'boolean' is not assignable to type 'false'.
src/components/semiconductors/__tests__/phase-3-xfact-predictor.test.ts(546,30): error TS2345: Argument of type '{ branchIndex: number; ngspiceLoadOrder: 13; isNonlinear: boolean; isReactive: boolean; poolBacked: true; stateSchema: StateSchema<string>; stateSize: number; stateBaseOffset: number; ... 13 more ...; setParam(key: string, value: number): void; }' is not assignable to parameter of type '{ branchIndex: number; ngspiceLoadOrder: 13; isNonlinear: boolean; isReactive: false; poolBacked: true; stateSchema: StateSchema<string>; stateSize: number; stateBaseOffset: number; ... 12 more ...; setParam(key: string, value: number): void; }'.
  Types of property 'isReactive' are incompatible.
    Type 'boolean' is not assignable to type 'false'.
src/components/semiconductors/__tests__/phase-3-xfact-predictor.test.ts(606,30): error TS2345: Argument of type '{ branchIndex: number; ngspiceLoadOrder: 13; isNonlinear: boolean; isReactive: boolean; poolBacked: true; stateSchema: StateSchema<string>; stateSize: number; stateBaseOffset: number; ... 13 more ...; setParam(key: string, value: number): void; }' is not assignable to parameter of type '{ branchIndex: number; ngspiceLoadOrder: 13; isNonlinear: boolean; isReactive: false; poolBacked: true; stateSchema: StateSchema<string>; stateSize: number; stateBaseOffset: number; ... 12 more ...; setParam(key: string, value: number): void; }'.
  Types of property 'isReactive' are incompatible.
    Type 'boolean' is not assignable to type 'false'.
src/components/semiconductors/__tests__/phase-3-xfact-predictor.test.ts(633,30): error TS2345: Argument of type '{ branchIndex: number; ngspiceLoadOrder: 13; isNonlinear: boolean; isReactive: boolean; poolBacked: true; stateSchema: StateSchema<string>; stateSize: number; stateBaseOffset: number; ... 13 more ...; setParam(key: string, value: number): void; }' is not assignable to parameter of type '{ branchIndex: number; ngspiceLoadOrder: 13; isNonlinear: boolean; isReactive: false; poolBacked: true; stateSchema: StateSchema<string>; stateSize: number; stateBaseOffset: number; ... 12 more ...; setParam(key: string, value: number): void; }'.
  Types of property 'isReactive' are incompatible.
    Type 'boolean' is not assignable to type 'false'.
src/components/semiconductors/__tests__/phase-3-xfact-predictor.test.ts(649,17): error TS2345: Argument of type '{ branchIndex: number; ngspiceLoadOrder: 13; isNonlinear: boolean; isReactive: boolean; poolBacked: true; stateSchema: StateSchema<string>; stateSize: number; stateBaseOffset: number; ... 13 more ...; setParam(key: string, value: number): void; }' is not assignable to parameter of type '{ branchIndex: number; ngspiceLoadOrder: 13; isNonlinear: boolean; isReactive: false; poolBacked: true; stateSchema: StateSchema<string>; stateSize: number; stateBaseOffset: number; ... 12 more ...; setParam(key: string, value: number): void; }'.
  Types of property 'isReactive' are incompatible.
    Type 'boolean' is not assignable to type 'false'.
src/components/semiconductors/__tests__/phase-3-xfact-predictor.test.ts(682,17): error TS2345: Argument of type '{ branchIndex: number; ngspiceLoadOrder: 13; isNonlinear: boolean; isReactive: boolean; poolBacked: true; stateSchema: StateSchema<string>; stateSize: number; stateBaseOffset: number; ... 13 more ...; setParam(key: string, value: number): void; }' is not assignable to parameter of type '{ branchIndex: number; ngspiceLoadOrder: 13; isNonlinear: boolean; isReactive: false; poolBacked: true; stateSchema: StateSchema<string>; stateSize: number; stateBaseOffset: number; ... 12 more ...; setParam(key: string, value: number): void; }'.
